2026-01-23 01:45:53.237: [INFO] OnDoneLoading sync enabled: 0
2026-01-23 01:45:53.285: [INFO] RecordSyncInitDuration has_sync_been_enabled: 0 state: 0
2026-01-23 01:45:54.568: [INFO] VisibilityChanged: 0
2026-01-23 01:45:55.618: [INFO] RecordSyncInitDuration has_sync_been_enabled: 0 state: 3
2026-01-23 01:45:55.620: [INFO] Primary account changed.
2026-01-23 01:45:55.620: [INFO] OnPrimaryAccountChanged PrimaryAccountChangeEvent::Type::kSet
2026-01-23 01:45:55.622: [INFO] RecordSyncInitDuration has_sync_been_enabled: 0 state: 3
2026-01-23 01:45:55.646: [INFO] RecordSyncInitDuration has_sync_been_enabled: 0 state: 3
2026-01-23 01:45:58.290: [INFO] VisibilityChanged: 1
2026-01-23 01:45:58.637: [INFO] BookmarkNodeAdded, ABU: 0
2026-01-23 01:45:58.637: [INFO] BookmarkNodeAdded, ABU: 0
2026-01-23 01:45:58.637: [INFO] BookmarkNodeAdded, ABU: 0
2026-01-23 01:45:58.637: [INFO] BookmarkNodeAdded, ABU: 0
2026-01-23 01:45:58.637: [INFO] BookmarkNodeAdded, ABU: 0
2026-01-23 01:45:58.637: [INFO] BookmarkNodeAdded, ABU: 0
2026-01-23 01:45:58.637: [INFO] BookmarkNodeAdded, ABU: 0
2026-01-23 01:45:58.638: [INFO] BookmarkNodeAdded, ABU: 0
2026-01-23 01:45:58.638: [INFO] BookmarkNodeAdded, ABU: 0
2026-01-23 01:45:58.638: [INFO] BookmarkNodeAdded, ABU: 0
2026-01-23 01:45:58.638: [INFO] BookmarkNodeAdded, ABU: 0
2026-01-23 01:46:05.647: [INFO] Sync initialization duration: 9932ms
2026-01-23 02:04:37.988: [INFO] OnDoneLoading sync enabled: 1
2026-01-23 02:04:44.258: [INFO] Sync initialization duration: 13ms
2026-01-23 02:07:32.866: [INFO] OnDoneLoading sync enabled: 1
2026-01-23 02:07:35.605: [INFO] Sync initialization duration: 12ms
2026-01-23 02:11:30.391: [INFO] OnDoneLoading sync enabled: 1
2026-01-23 02:11:31.327: [INFO] Sync initialization duration: 10ms
2026-01-23 02:42:50.889: [INFO] OnDoneLoading sync enabled: 1
2026-01-23 02:42:51.211: [INFO] Sync initialization duration: 9ms
2026-01-23 02:51:09.141: [INFO] OnDoneLoading sync enabled: 1
2026-01-23 02:51:09.550: [INFO] Sync initialization duration: 11ms
2026-01-23 02:52:48.816: [INFO] OnDoneLoading sync enabled: 1
2026-01-23 02:52:49.173: [INFO] Sync initialization duration: 26ms
2026-01-23 02:53:30.893: [INFO] OnDoneLoading sync enabled: 1
2026-01-23 02:53:31.351: [INFO] Sync initialization duration: 8ms
