{"logTime": "0123/014556", "correlationVector":"YJYDkCB061qiMHx2Ki2TSr.1","action":"SyncServerConnectionManagerRequest", "result":"SYNC_SERVER_OK", "context":{"environment":"Prod_southeastasia_prod-s01-065-apac-southeastasia", "migrationStage":"NotStarted", "server":"akswtt11000000k"}}
{"logTime": "0123/014556", "correlationVector":"YJYDkCB061qiMHx2Ki2TSr.2","action":"ProcessGetUpdates", "result":"Done", "context":{"dataType":"Encryption Keys", "deleted":"0", "process_failed_to_decrypt":"0", "process_pending_decryption":"0", "process_success":"1", "total":"1"}}
{"logTime": "0123/014557", "correlationVector":"C3y0O72Wk2iLTF5cQ8i8cw","action":"SyncServerConnectionManagerRequest", "result":"SYNC_SERVER_OK", "context":{"environment":"", "migrationStage":"", "server":""}}
{"logTime": "0123/014557", "correlationVector":"C3y0O72Wk2iLTF5cQ8i8cw.0","action":"EncryptionKeysFetcher.DownloadKeys:", "result":"Success", "context":Key count: 5, Last key timestamp: 2025-10-08T13:53:41Z}
{"logTime": "0123/014557", "correlationVector":"C3y0O72Wk2iLTF5cQ8i8cw.1","action":"EncryptionKeysManager::SetEncryptionKeys:", "result":"Success", "context":Key names[5]:[G+0XbBtUS89eRtvwWDmDX7v1uuYvk4AIg4eyOyxBnVIq5ISy9vC+8ITJad0Jlu6dKbi+EAiUakxvokka5Qc8mQ==][xLZdBMBPfYl+o7gVaYPtypKjqd97jzlH1wY15dmUocyV5eFnDrAN7mpwSNMn9jRtfN8cjW9PS4dHvHz+Mv8tSg==][/ymJB2pp1WjdsYsBxgMUDup6UB8naooEMBYT+qoQVcXn5cBS48phRzIcTzK639RGN0X4S+zDL8RvvAiVWTedmA==][sqvpsR70zKKP4iaZ8w5sfovSmHu0ByVd7dmN5zcU5UPpjMuY0jIY8lMR/vjhzSds1U8Ogzegz79MFhS9PS1dVg==][QOP6FCUsdLMWGmSLrEFYNHM4KUMj5isRgRn2laO66r/cVtUgpXRtqjdTF+9yvFSyYRz39cGRnTYm3sbnV8iUIQ==]}
{"logTime": "0123/014557", "correlationVector":"C3y0O72Wk2iLTF5cQ8i8cw.2","action":"EncryptionKeysManager::SetEncryptionKeysWithTimestamps:", "result":"Success", "context":Key timestamps[5]:[2023-09-25T09:25:16Z][2024-03-24T07:17:41Z][2024-10-10T06:06:50Z][2025-04-09T03:04:37Z][2025-10-08T13:53:41Z]}
{"logTime": "0123/014557", "correlationVector":"YJYDkCB061qiMHx2Ki2TSr","action":"Initial GetUpdates", "result":"", "context":Reason: NEW_CLIENT. cV=YJYDkCB061qiMHx2Ki2TSr}
{"logTime": "0123/014557", "correlationVector":"YJYDkCB061qiMHx2Ki2TSr.3","action":"GetUpdates Response", "result":"Success", "context":Received 1 update(s). cV=YJYDkCB061qiMHx2Ki2TSr.0;server=akswtt11000000k;cloudType=Consumer;environment=Prod_southeastasia_prod-s01-065-apac-southeastasia;migrationStage=NotStarted}
{"logTime": "0123/014557", "correlationVector":"UYzzM3NHbR3n9s7oigZFFn","action":"Initial GetUpdates", "result":"", "context":Reason: NEWLY_SUPPORTED_DATATYPE. cV=UYzzM3NHbR3n9s7oigZFFn}
{"logTime": "0123/014558", "correlationVector":"UYzzM3NHbR3n9s7oigZFFn.1","action":"SyncServerConnectionManagerRequest", "result":"SYNC_SERVER_OK", "context":{"environment":"Prod_southeastasia_prod-s01-064-apac-southeastasia", "migrationStage":"NotStarted", "server":"akswtt110000014"}}
{"logTime": "0123/014558", "correlationVector":"UYzzM3NHbR3n9s7oigZFFn.2","action":"ProcessGetUpdates", "result":"Done", "context":{"dataType":"Preferences", "deleted":"1", "process_failed_to_decrypt":"0", "process_pending_decryption":"0", "process_success":"106", "total":"106"}}
{"logTime": "0123/014558", "correlationVector":"UYzzM3NHbR3n9s7oigZFFn.3","action":"ProcessGetUpdates", "result":"Done", "context":{"dataType":"Passwords", "deleted":"0", "process_failed_to_decrypt":"0", "process_pending_decryption":"0", "process_success":"55", "total":"55"}}
{"logTime": "0123/014558", "correlationVector":"UYzzM3NHbR3n9s7oigZFFn.4","action":"GetUpdates Response", "result":"Success", "context":Received 161 update(s). cV=UYzzM3NHbR3n9s7oigZFFn.0;server=akswtt110000014;cloudType=Consumer;environment=Prod_southeastasia_prod-s01-064-apac-southeastasia;migrationStage=NotStarted}
{"logTime": "0123/014558", "correlationVector":"Vu/XwVQ56i+wldjp1W7wQg","action":"Initial GetUpdates", "result":"", "context":Reason: NEWLY_SUPPORTED_DATATYPE. cV=Vu/XwVQ56i+wldjp1W7wQg}
{"logTime": "0123/014558", "correlationVector":"Vu/XwVQ56i+wldjp1W7wQg.1","action":"SyncServerConnectionManagerRequest", "result":"SYNC_SERVER_OK", "context":{"environment":"Prod_southeastasia_prod-s01-064-apac-southeastasia", "migrationStage":"NotStarted", "server":"akswtt11000000n"}}
{"logTime": "0123/014558", "correlationVector":"Vu/XwVQ56i+wldjp1W7wQg.2","action":"ProcessGetUpdates", "result":"Done", "context":{"dataType":"Bookmarks", "deleted":"48", "process_failed_to_decrypt":"0", "process_pending_decryption":"0", "process_success":"65", "total":"65"}}
{"logTime": "0123/014558", "correlationVector":"Vu/XwVQ56i+wldjp1W7wQg.3","action":"GetUpdates Response", "result":"Success", "context":Received 65 update(s). cV=Vu/XwVQ56i+wldjp1W7wQg.0;server=akswtt11000000n;cloudType=Consumer;environment=Prod_southeastasia_prod-s01-064-apac-southeastasia;migrationStage=NotStarted}
{"logTime": "0123/014558", "correlationVector":"Cm5qjTGTkKuLpg9rP3YMla","action":"Initial GetUpdates", "result":"", "context":Reason: NEWLY_SUPPORTED_DATATYPE. cV=Cm5qjTGTkKuLpg9rP3YMla}
{"logTime": "0123/014559", "correlationVector":"Cm5qjTGTkKuLpg9rP3YMla.1","action":"SyncServerConnectionManagerRequest", "result":"SYNC_SERVER_OK", "context":{"environment":"Prod_southeastasia_prod-s01-064-apac-southeastasia", "migrationStage":"NotStarted", "server":"akswtt11000000y"}}
{"logTime": "0123/014559", "correlationVector":"Cm5qjTGTkKuLpg9rP3YMla.2","action":"ProcessGetUpdates", "result":"Done", "context":{"dataType":"Autofill", "deleted":"0", "process_failed_to_decrypt":"0", "process_pending_decryption":"0", "process_success":"127", "total":"127"}}
{"logTime": "0123/014559", "correlationVector":"Cm5qjTGTkKuLpg9rP3YMla.3","action":"ProcessGetUpdates", "result":"Done", "context":{"dataType":"Extensions", "deleted":"0", "process_failed_to_decrypt":"0", "process_pending_decryption":"0", "process_success":"2", "total":"2"}}
{"logTime": "0123/014559", "correlationVector":"Cm5qjTGTkKuLpg9rP3YMla.4","action":"ProcessGetUpdates", "result":"Done", "context":{"dataType":"Sessions", "deleted":"121", "process_failed_to_decrypt":"0", "process_pending_decryption":"0", "process_success":"121", "total":"121"}}
{"logTime": "0123/014559", "correlationVector":"Cm5qjTGTkKuLpg9rP3YMla.5","action":"GetUpdates Response", "result":"Success", "context":Received 250 update(s). cV=Cm5qjTGTkKuLpg9rP3YMla.0;server=akswtt11000000y;cloudType=Consumer;environment=Prod_southeastasia_prod-s01-064-apac-southeastasia;migrationStage=NotStarted Some updates remain.}
{"logTime": "0123/014559", "correlationVector":"LyqmPO+GqlCT3x1TOwJp9L","action":"Initial GetUpdates", "result":"", "context":Reason: NEWLY_SUPPORTED_DATATYPE. cV=LyqmPO+GqlCT3x1TOwJp9L}
{"logTime": "0123/014600", "correlationVector":"LyqmPO+GqlCT3x1TOwJp9L.1","action":"SyncServerConnectionManagerRequest", "result":"SYNC_SERVER_OK", "context":{"environment":"Prod_southeastasia_prod-s01-064-apac-southeastasia", "migrationStage":"NotStarted", "server":"akswtt11000000c"}}
{"logTime": "0123/014600", "correlationVector":"LyqmPO+GqlCT3x1TOwJp9L.2","action":"ProcessGetUpdates", "result":"Done", "context":{"dataType":"Autofill", "deleted":"0", "process_failed_to_decrypt":"0", "process_pending_decryption":"0", "process_success":"9", "total":"9"}}
{"logTime": "0123/014600", "correlationVector":"LyqmPO+GqlCT3x1TOwJp9L.3","action":"ProcessGetUpdates", "result":"Done", "context":{"dataType":"Sessions", "deleted":"239", "process_failed_to_decrypt":"0", "process_pending_decryption":"0", "process_success":"239", "total":"239"}}
{"logTime": "0123/014600", "correlationVector":"LyqmPO+GqlCT3x1TOwJp9L.4","action":"ProcessGetUpdates", "result":"Done", "context":{"dataType":"Edge Hub App Usage", "deleted":"1", "process_failed_to_decrypt":"0", "process_pending_decryption":"0", "process_success":"2", "total":"2"}}
{"logTime": "0123/014600", "correlationVector":"LyqmPO+GqlCT3x1TOwJp9L.5","action":"GetUpdates Response", "result":"Success", "context":Received 250 update(s). cV=LyqmPO+GqlCT3x1TOwJp9L.0;server=akswtt11000000c;cloudType=Consumer;environment=Prod_southeastasia_prod-s01-064-apac-southeastasia;migrationStage=NotStarted Some updates remain.}
{"logTime": "0123/014600", "correlationVector":"SP/U7nSWgb9Ep6bjlRTdyz","action":"Initial GetUpdates", "result":"", "context":Reason: NEWLY_SUPPORTED_DATATYPE. cV=SP/U7nSWgb9Ep6bjlRTdyz}
{"logTime": "0123/014601", "correlationVector":"SP/U7nSWgb9Ep6bjlRTdyz.1","action":"SyncServerConnectionManagerRequest", "result":"SYNC_SERVER_OK", "context":{"environment":"Prod_southeastasia_prod-s01-064-apac-southeastasia", "migrationStage":"NotStarted", "server":"akswtt11000000i"}}
{"logTime": "0123/014601", "correlationVector":"SP/U7nSWgb9Ep6bjlRTdyz.2","action":"ProcessGetUpdates", "result":"Done", "context":{"dataType":"Autofill Profiles", "deleted":"0", "process_failed_to_decrypt":"0", "process_pending_decryption":"0", "process_success":"1", "total":"1"}}
{"logTime": "0123/014601", "correlationVector":"SP/U7nSWgb9Ep6bjlRTdyz.3","action":"ProcessGetUpdates", "result":"Done", "context":{"dataType":"Autofill", "deleted":"0", "process_failed_to_decrypt":"0", "process_pending_decryption":"0", "process_success":"11", "total":"11"}}
{"logTime": "0123/014601", "correlationVector":"SP/U7nSWgb9Ep6bjlRTdyz.4","action":"ProcessGetUpdates", "result":"Done", "context":{"dataType":"Sessions", "deleted":"230", "process_failed_to_decrypt":"0", "process_pending_decryption":"0", "process_success":"230", "total":"230"}}
{"logTime": "0123/014601", "correlationVector":"SP/U7nSWgb9Ep6bjlRTdyz.5","action":"ProcessGetUpdates", "result":"Done", "context":{"dataType":"Edge Hub App Usage", "deleted":"0", "process_failed_to_decrypt":"0", "process_pending_decryption":"0", "process_success":"8", "total":"8"}}
{"logTime": "0123/014601", "correlationVector":"SP/U7nSWgb9Ep6bjlRTdyz.6","action":"GetUpdates Response", "result":"Success", "context":Received 250 update(s). cV=SP/U7nSWgb9Ep6bjlRTdyz.0;server=akswtt11000000i;cloudType=Consumer;environment=Prod_southeastasia_prod-s01-064-apac-southeastasia;migrationStage=NotStarted Some updates remain.}
{"logTime": "0123/014601", "correlationVector":"fZv1gcfGR4Pfw1RN9OANq4","action":"Initial GetUpdates", "result":"", "context":Reason: NEWLY_SUPPORTED_DATATYPE. cV=fZv1gcfGR4Pfw1RN9OANq4}
{"logTime": "0123/014602", "correlationVector":"fZv1gcfGR4Pfw1RN9OANq4.1","action":"SyncServerConnectionManagerRequest", "result":"SYNC_SERVER_OK", "context":{"environment":"Prod_southeastasia_prod-s01-064-apac-southeastasia", "migrationStage":"NotStarted", "server":"akswtt110000004"}}
{"logTime": "0123/014602", "correlationVector":"fZv1gcfGR4Pfw1RN9OANq4.2","action":"ProcessGetUpdates", "result":"Done", "context":{"dataType":"Autofill", "deleted":"0", "process_failed_to_decrypt":"0", "process_pending_decryption":"0", "process_success":"10", "total":"10"}}
{"logTime": "0123/014602", "correlationVector":"fZv1gcfGR4Pfw1RN9OANq4.3","action":"ProcessGetUpdates", "result":"Done", "context":{"dataType":"Sessions", "deleted":"238", "process_failed_to_decrypt":"0", "process_pending_decryption":"0", "process_success":"238", "total":"238"}}
{"logTime": "0123/014602", "correlationVector":"fZv1gcfGR4Pfw1RN9OANq4.4","action":"ProcessGetUpdates", "result":"Done", "context":{"dataType":"Edge Hub App Usage", "deleted":"1", "process_failed_to_decrypt":"0", "process_pending_decryption":"0", "process_success":"2", "total":"2"}}
{"logTime": "0123/014602", "correlationVector":"fZv1gcfGR4Pfw1RN9OANq4.5","action":"GetUpdates Response", "result":"Success", "context":Received 250 update(s). cV=fZv1gcfGR4Pfw1RN9OANq4.0;server=akswtt110000004;cloudType=Consumer;environment=Prod_southeastasia_prod-s01-064-apac-southeastasia;migrationStage=NotStarted Some updates remain.}
{"logTime": "0123/014602", "correlationVector":"DZmS5LObv3UItMSl9q0Zm/","action":"Initial GetUpdates", "result":"", "context":Reason: NEWLY_SUPPORTED_DATATYPE. cV=DZmS5LObv3UItMSl9q0Zm/}
{"logTime": "0123/014603", "correlationVector":"DZmS5LObv3UItMSl9q0Zm/.1","action":"SyncServerConnectionManagerRequest", "result":"SYNC_SERVER_OK", "context":{"environment":"Prod_southeastasia_prod-s01-064-apac-southeastasia", "migrationStage":"NotStarted", "server":"akswtt110000014"}}
{"logTime": "0123/014603", "correlationVector":"DZmS5LObv3UItMSl9q0Zm/.2","action":"ProcessGetUpdates", "result":"Done", "context":{"dataType":"Autofill", "deleted":"0", "process_failed_to_decrypt":"0", "process_pending_decryption":"0", "process_success":"3", "total":"3"}}
{"logTime": "0123/014603", "correlationVector":"DZmS5LObv3UItMSl9q0Zm/.3","action":"ProcessGetUpdates", "result":"Done", "context":{"dataType":"Sessions", "deleted":"246", "process_failed_to_decrypt":"0", "process_pending_decryption":"0", "process_success":"246", "total":"246"}}
{"logTime": "0123/014603", "correlationVector":"DZmS5LObv3UItMSl9q0Zm/.4","action":"ProcessGetUpdates", "result":"Done", "context":{"dataType":"Edge Hub App Usage", "deleted":"0", "process_failed_to_decrypt":"0", "process_pending_decryption":"0", "process_success":"1", "total":"1"}}
{"logTime": "0123/014603", "correlationVector":"DZmS5LObv3UItMSl9q0Zm/.5","action":"GetUpdates Response", "result":"Success", "context":Received 250 update(s). cV=DZmS5LObv3UItMSl9q0Zm/.0;server=akswtt110000014;cloudType=Consumer;environment=Prod_southeastasia_prod-s01-064-apac-southeastasia;migrationStage=NotStarted Some updates remain.}
{"logTime": "0123/014603", "correlationVector":"DBc9Z/EteBH6jBQFsIcoKS","action":"Initial GetUpdates", "result":"", "context":Reason: NEWLY_SUPPORTED_DATATYPE. cV=DBc9Z/EteBH6jBQFsIcoKS}
{"logTime": "0123/014603", "correlationVector":"DBc9Z/EteBH6jBQFsIcoKS.1","action":"SyncServerConnectionManagerRequest", "result":"SYNC_SERVER_OK", "context":{"environment":"Prod_southeastasia_prod-s01-064-apac-southeastasia", "migrationStage":"NotStarted", "server":"akswtt11000000y"}}
{"logTime": "0123/014603", "correlationVector":"DBc9Z/EteBH6jBQFsIcoKS.2","action":"ProcessGetUpdates", "result":"Done", "context":{"dataType":"Autofill Profiles", "deleted":"0", "process_failed_to_decrypt":"0", "process_pending_decryption":"0", "process_success":"1", "total":"1"}}
{"logTime": "0123/014603", "correlationVector":"DBc9Z/EteBH6jBQFsIcoKS.3","action":"ProcessGetUpdates", "result":"Done", "context":{"dataType":"Autofill", "deleted":"0", "process_failed_to_decrypt":"0", "process_pending_decryption":"0", "process_success":"23", "total":"23"}}
{"logTime": "0123/014603", "correlationVector":"DBc9Z/EteBH6jBQFsIcoKS.4","action":"ProcessGetUpdates", "result":"Done", "context":{"dataType":"Sessions", "deleted":"221", "process_failed_to_decrypt":"0", "process_pending_decryption":"0", "process_success":"225", "total":"225"}}
{"logTime": "0123/014603", "correlationVector":"DBc9Z/EteBH6jBQFsIcoKS.5","action":"ProcessGetUpdates", "result":"Done", "context":{"dataType":"Edge Hub App Usage", "deleted":"1", "process_failed_to_decrypt":"0", "process_pending_decryption":"0", "process_success":"1", "total":"1"}}
{"logTime": "0123/014603", "correlationVector":"DBc9Z/EteBH6jBQFsIcoKS.6","action":"GetUpdates Response", "result":"Success", "context":Received 250 update(s). cV=DBc9Z/EteBH6jBQFsIcoKS.0;server=akswtt11000000y;cloudType=Consumer;environment=Prod_southeastasia_prod-s01-064-apac-southeastasia;migrationStage=NotStarted Some updates remain.}
{"logTime": "0123/014603", "correlationVector":"bGbwaWVsdAVKgU7I/sqlCL","action":"Initial GetUpdates", "result":"", "context":Reason: NEWLY_SUPPORTED_DATATYPE. cV=bGbwaWVsdAVKgU7I/sqlCL}
{"logTime": "0123/014605", "correlationVector":"bGbwaWVsdAVKgU7I/sqlCL.1","action":"SyncServerConnectionManagerRequest", "result":"SYNC_SERVER_OK", "context":{"environment":"Prod_southeastasia_prod-s01-064-apac-southeastasia", "migrationStage":"NotStarted", "server":"akswtt110000010"}}
{"logTime": "0123/014605", "correlationVector":"bGbwaWVsdAVKgU7I/sqlCL.2","action":"ProcessGetUpdates", "result":"Done", "context":{"dataType":"Autofill", "deleted":"0", "process_failed_to_decrypt":"0", "process_pending_decryption":"0", "process_success":"8", "total":"8"}}
{"logTime": "0123/014605", "correlationVector":"bGbwaWVsdAVKgU7I/sqlCL.3","action":"ProcessGetUpdates", "result":"Done", "context":{"dataType":"Extensions", "deleted":"0", "process_failed_to_decrypt":"0", "process_pending_decryption":"0", "process_success":"1", "total":"1"}}
{"logTime": "0123/014605", "correlationVector":"bGbwaWVsdAVKgU7I/sqlCL.4","action":"ProcessGetUpdates", "result":"Done", "context":{"dataType":"Sessions", "deleted":"151", "process_failed_to_decrypt":"0", "process_pending_decryption":"0", "process_success":"164", "total":"164"}}
{"logTime": "0123/014605", "correlationVector":"bGbwaWVsdAVKgU7I/sqlCL.5","action":"ProcessGetUpdates", "result":"Done", "context":{"dataType":"Extension settings", "deleted":"0", "process_failed_to_decrypt":"0", "process_pending_decryption":"0", "process_success":"76", "total":"76"}}
{"logTime": "0123/014605", "correlationVector":"bGbwaWVsdAVKgU7I/sqlCL.6","action":"ProcessGetUpdates", "result":"Done", "context":{"dataType":"WebAuthn Credentials", "deleted":"0", "process_failed_to_decrypt":"0", "process_pending_decryption":"0", "process_success":"1", "total":"1"}}
{"logTime": "0123/014605", "correlationVector":"bGbwaWVsdAVKgU7I/sqlCL.7","action":"GetUpdates Response", "result":"Success", "context":Received 250 update(s). cV=bGbwaWVsdAVKgU7I/sqlCL.0;server=akswtt110000010;cloudType=Consumer;environment=Prod_southeastasia_prod-s01-064-apac-southeastasia;migrationStage=NotStarted Some updates remain.}
{"logTime": "0123/014605", "correlationVector":"LYULeMcuqxVDAP8Ne0R/+z","action":"Initial GetUpdates", "result":"", "context":Reason: NEWLY_SUPPORTED_DATATYPE. cV=LYULeMcuqxVDAP8Ne0R/+z}
{"logTime": "0123/014605", "correlationVector":"LYULeMcuqxVDAP8Ne0R/+z.1","action":"SyncServerConnectionManagerRequest", "result":"SYNC_SERVER_OK", "context":{"environment":"Prod_southeastasia_prod-s01-064-apac-southeastasia", "migrationStage":"NotStarted", "server":"akswtt110000004"}}
{"logTime": "0123/014605", "correlationVector":"LYULeMcuqxVDAP8Ne0R/+z.2","action":"ProcessGetUpdates", "result":"Done", "context":{"dataType":"Autofill Profiles", "deleted":"0", "process_failed_to_decrypt":"0", "process_pending_decryption":"0", "process_success":"2", "total":"2"}}
{"logTime": "0123/014605", "correlationVector":"LYULeMcuqxVDAP8Ne0R/+z.3","action":"ProcessGetUpdates", "result":"Done", "context":{"dataType":"Autofill", "deleted":"0", "process_failed_to_decrypt":"0", "process_pending_decryption":"0", "process_success":"1", "total":"1"}}
{"logTime": "0123/014605", "correlationVector":"LYULeMcuqxVDAP8Ne0R/+z.4","action":"ProcessGetUpdates", "result":"Done", "context":{"dataType":"Extensions", "deleted":"0", "process_failed_to_decrypt":"0", "process_pending_decryption":"0", "process_success":"1", "total":"1"}}
{"logTime": "0123/014605", "correlationVector":"LYULeMcuqxVDAP8Ne0R/+z.5","action":"ProcessGetUpdates", "result":"Done", "context":{"dataType":"Sessions", "deleted":"87", "process_failed_to_decrypt":"0", "process_pending_decryption":"0", "process_success":"102", "total":"102"}}
{"logTime": "0123/014605", "correlationVector":"LYULeMcuqxVDAP8Ne0R/+z.6","action":"ProcessGetUpdates", "result":"Done", "context":{"dataType":"Extension settings", "deleted":"0", "process_failed_to_decrypt":"0", "process_pending_decryption":"0", "process_success":"9", "total":"9"}}
{"logTime": "0123/014605", "correlationVector":"LYULeMcuqxVDAP8Ne0R/+z.7","action":"ProcessGetUpdates", "result":"Done", "context":{"dataType":"Edge Hub App Usage", "deleted":"0", "process_failed_to_decrypt":"0", "process_pending_decryption":"0", "process_success":"3", "total":"3"}}
{"logTime": "0123/014605", "correlationVector":"LYULeMcuqxVDAP8Ne0R/+z.8","action":"GetUpdates Response", "result":"Success", "context":Received 118 update(s). cV=LYULeMcuqxVDAP8Ne0R/+z.0;server=akswtt110000004;cloudType=Consumer;environment=Prod_southeastasia_prod-s01-064-apac-southeastasia;migrationStage=NotStarted}
{"logTime": "0123/014605", "correlationVector":"n3qkg89H0VYlVcqeXeyJQL","action":"Initial GetUpdates", "result":"", "context":Reason: NEWLY_SUPPORTED_DATATYPE. cV=n3qkg89H0VYlVcqeXeyJQL}
{"logTime": "0123/014606", "correlationVector":"n3qkg89H0VYlVcqeXeyJQL.1","action":"SyncServerConnectionManagerRequest", "result":"SYNC_SERVER_OK", "context":{"environment":"Prod_southeastasia_prod-s01-064-apac-southeastasia", "migrationStage":"NotStarted", "server":"akswtt11000000n"}}
{"logTime": "0123/014606", "correlationVector":"n3qkg89H0VYlVcqeXeyJQL.2","action":"ProcessGetUpdates", "result":"Done", "context":{"dataType":"History", "deleted":"0", "process_failed_to_decrypt":"0", "process_pending_decryption":"0", "process_success":"250", "total":"250"}}
{"logTime": "0123/014606", "correlationVector":"n3qkg89H0VYlVcqeXeyJQL.3","action":"GetUpdates Response", "result":"Success", "context":Received 250 update(s). cV=n3qkg89H0VYlVcqeXeyJQL.0;server=akswtt11000000n;cloudType=Consumer;environment=Prod_southeastasia_prod-s01-064-apac-southeastasia;migrationStage=NotStarted Some updates remain.}
{"logTime": "0123/014606", "correlationVector":"hYKd8D22FD4EFVoWOYZK13","action":"Initial GetUpdates", "result":"", "context":Reason: NEWLY_SUPPORTED_DATATYPE. cV=hYKd8D22FD4EFVoWOYZK13}
{"logTime": "0123/014608", "correlationVector":"hYKd8D22FD4EFVoWOYZK13.1","action":"SyncServerConnectionManagerRequest", "result":"SYNC_SERVER_OK", "context":{"environment":"Prod_southeastasia_prod-s01-064-apac-southeastasia", "migrationStage":"NotStarted", "server":"akswtt11000000k"}}
{"logTime": "0123/014608", "correlationVector":"hYKd8D22FD4EFVoWOYZK13.2","action":"ProcessGetUpdates", "result":"Done", "context":{"dataType":"History", "deleted":"0", "process_failed_to_decrypt":"0", "process_pending_decryption":"0", "process_success":"250", "total":"250"}}
{"logTime": "0123/014608", "correlationVector":"hYKd8D22FD4EFVoWOYZK13.3","action":"GetUpdates Response", "result":"Success", "context":Received 250 update(s). cV=hYKd8D22FD4EFVoWOYZK13.0;server=akswtt11000000k;cloudType=Consumer;environment=Prod_southeastasia_prod-s01-064-apac-southeastasia;migrationStage=NotStarted Some updates remain.}
{"logTime": "0123/014608", "correlationVector":"Ccr54q10NErsPA6XzrabIU","action":"Initial GetUpdates", "result":"", "context":Reason: NEWLY_SUPPORTED_DATATYPE. cV=Ccr54q10NErsPA6XzrabIU}
{"logTime": "0123/014608", "correlationVector":"Ccr54q10NErsPA6XzrabIU.1","action":"SyncServerConnectionManagerRequest", "result":"SYNC_SERVER_OK", "context":{"environment":"Prod_southeastasia_prod-s01-064-apac-southeastasia", "migrationStage":"NotStarted", "server":"akswtt11000000i"}}
{"logTime": "0123/014608", "correlationVector":"Ccr54q10NErsPA6XzrabIU.2","action":"ProcessGetUpdates", "result":"Done", "context":{"dataType":"History", "deleted":"0", "process_failed_to_decrypt":"0", "process_pending_decryption":"0", "process_success":"250", "total":"250"}}
{"logTime": "0123/014608", "correlationVector":"Ccr54q10NErsPA6XzrabIU.3","action":"GetUpdates Response", "result":"Success", "context":Received 250 update(s). cV=Ccr54q10NErsPA6XzrabIU.0;server=akswtt11000000i;cloudType=Consumer;environment=Prod_southeastasia_prod-s01-064-apac-southeastasia;migrationStage=NotStarted Some updates remain.}
{"logTime": "0123/014608", "correlationVector":"F6b2VD4rooCLnZb/X5j6nn","action":"Initial GetUpdates", "result":"", "context":Reason: NEWLY_SUPPORTED_DATATYPE. cV=F6b2VD4rooCLnZb/X5j6nn}
{"logTime": "0123/014609", "correlationVector":"F6b2VD4rooCLnZb/X5j6nn.1","action":"SyncServerConnectionManagerRequest", "result":"SYNC_SERVER_OK", "context":{"environment":"Prod_southeastasia_prod-s01-064-apac-southeastasia", "migrationStage":"NotStarted", "server":"akswtt110000000"}}
{"logTime": "0123/014609", "correlationVector":"F6b2VD4rooCLnZb/X5j6nn.2","action":"ProcessGetUpdates", "result":"Done", "context":{"dataType":"History", "deleted":"0", "process_failed_to_decrypt":"0", "process_pending_decryption":"0", "process_success":"250", "total":"250"}}
{"logTime": "0123/014609", "correlationVector":"F6b2VD4rooCLnZb/X5j6nn.3","action":"GetUpdates Response", "result":"Success", "context":Received 250 update(s). cV=F6b2VD4rooCLnZb/X5j6nn.0;server=akswtt110000000;cloudType=Consumer;environment=Prod_southeastasia_prod-s01-064-apac-southeastasia;migrationStage=NotStarted Some updates remain.}
{"logTime": "0123/014609", "correlationVector":"fZeh4lNCq0+FbOZOQwgnH8","action":"Initial GetUpdates", "result":"", "context":Reason: NEWLY_SUPPORTED_DATATYPE. cV=fZeh4lNCq0+FbOZOQwgnH8}
{"logTime": "0123/014610", "correlationVector":"fZeh4lNCq0+FbOZOQwgnH8.1","action":"SyncServerConnectionManagerRequest", "result":"SYNC_SERVER_OK", "context":{"environment":"Prod_southeastasia_prod-s01-064-apac-southeastasia", "migrationStage":"NotStarted", "server":"akswtt11000000n"}}
{"logTime": "0123/014610", "correlationVector":"fZeh4lNCq0+FbOZOQwgnH8.2","action":"ProcessGetUpdates", "result":"Done", "context":{"dataType":"History", "deleted":"0", "process_failed_to_decrypt":"0", "process_pending_decryption":"0", "process_success":"250", "total":"250"}}
{"logTime": "0123/014610", "correlationVector":"fZeh4lNCq0+FbOZOQwgnH8.3","action":"GetUpdates Response", "result":"Success", "context":Received 250 update(s). cV=fZeh4lNCq0+FbOZOQwgnH8.0;server=akswtt11000000n;cloudType=Consumer;environment=Prod_southeastasia_prod-s01-064-apac-southeastasia;migrationStage=NotStarted Some updates remain.}
{"logTime": "0123/014610", "correlationVector":"wunnl6lNUK6H9kq/WoMj6j","action":"Initial GetUpdates", "result":"", "context":Reason: NEWLY_SUPPORTED_DATATYPE. cV=wunnl6lNUK6H9kq/WoMj6j}
{"logTime": "0123/014612", "correlationVector":"wunnl6lNUK6H9kq/WoMj6j.1","action":"SyncServerConnectionManagerRequest", "result":"SYNC_SERVER_OK", "context":{"environment":"Prod_southeastasia_prod-s01-064-apac-southeastasia", "migrationStage":"NotStarted", "server":"akswtt11000000z"}}
{"logTime": "0123/014612", "correlationVector":"wunnl6lNUK6H9kq/WoMj6j.2","action":"ProcessGetUpdates", "result":"Done", "context":{"dataType":"History", "deleted":"0", "process_failed_to_decrypt":"0", "process_pending_decryption":"0", "process_success":"250", "total":"250"}}
{"logTime": "0123/014612", "correlationVector":"wunnl6lNUK6H9kq/WoMj6j.3","action":"GetUpdates Response", "result":"Success", "context":Received 250 update(s). cV=wunnl6lNUK6H9kq/WoMj6j.0;server=akswtt11000000z;cloudType=Consumer;environment=Prod_southeastasia_prod-s01-064-apac-southeastasia;migrationStage=NotStarted Some updates remain.}
{"logTime": "0123/014612", "correlationVector":"KN33t8Wl6Kx5UgTiITo1cf","action":"Initial GetUpdates", "result":"", "context":Reason: NEWLY_SUPPORTED_DATATYPE. cV=KN33t8Wl6Kx5UgTiITo1cf}
{"logTime": "0123/014612", "correlationVector":"KN33t8Wl6Kx5UgTiITo1cf.1","action":"SyncServerConnectionManagerRequest", "result":"SYNC_SERVER_OK", "context":{"environment":"Prod_southeastasia_prod-s01-064-apac-southeastasia", "migrationStage":"NotStarted", "server":"akswtt11000000l"}}
{"logTime": "0123/014612", "correlationVector":"KN33t8Wl6Kx5UgTiITo1cf.2","action":"ProcessGetUpdates", "result":"Done", "context":{"dataType":"History", "deleted":"0", "process_failed_to_decrypt":"0", "process_pending_decryption":"0", "process_success":"250", "total":"250"}}
{"logTime": "0123/014612", "correlationVector":"KN33t8Wl6Kx5UgTiITo1cf.3","action":"GetUpdates Response", "result":"Success", "context":Received 250 update(s). cV=KN33t8Wl6Kx5UgTiITo1cf.0;server=akswtt11000000l;cloudType=Consumer;environment=Prod_southeastasia_prod-s01-064-apac-southeastasia;migrationStage=NotStarted Some updates remain.}
{"logTime": "0123/014612", "correlationVector":"9A9lfaZdjP4BQt4zAVQ9iK","action":"Initial GetUpdates", "result":"", "context":Reason: NEWLY_SUPPORTED_DATATYPE. cV=9A9lfaZdjP4BQt4zAVQ9iK}
{"logTime": "0123/014613", "correlationVector":"9A9lfaZdjP4BQt4zAVQ9iK.1","action":"SyncServerConnectionManagerRequest", "result":"SYNC_SERVER_OK", "context":{"environment":"Prod_southeastasia_prod-s01-064-apac-southeastasia", "migrationStage":"NotStarted", "server":"akswtt110000003"}}
{"logTime": "0123/014613", "correlationVector":"9A9lfaZdjP4BQt4zAVQ9iK.2","action":"ProcessGetUpdates", "result":"Done", "context":{"dataType":"History", "deleted":"0", "process_failed_to_decrypt":"0", "process_pending_decryption":"0", "process_success":"250", "total":"250"}}
{"logTime": "0123/014613", "correlationVector":"9A9lfaZdjP4BQt4zAVQ9iK.3","action":"GetUpdates Response", "result":"Success", "context":Received 250 update(s). cV=9A9lfaZdjP4BQt4zAVQ9iK.0;server=akswtt110000003;cloudType=Consumer;environment=Prod_southeastasia_prod-s01-064-apac-southeastasia;migrationStage=NotStarted Some updates remain.}
{"logTime": "0123/014613", "correlationVector":"c6PbShYjtDbGyzvzUejGdx","action":"Initial GetUpdates", "result":"", "context":Reason: NEWLY_SUPPORTED_DATATYPE. cV=c6PbShYjtDbGyzvzUejGdx}
{"logTime": "0123/014614", "correlationVector":"c6PbShYjtDbGyzvzUejGdx.1","action":"SyncServerConnectionManagerRequest", "result":"SYNC_SERVER_OK", "context":{"environment":"Prod_southeastasia_prod-s01-064-apac-southeastasia", "migrationStage":"NotStarted", "server":"akswtt110000006"}}
{"logTime": "0123/014614", "correlationVector":"c6PbShYjtDbGyzvzUejGdx.2","action":"ProcessGetUpdates", "result":"Done", "context":{"dataType":"History", "deleted":"0", "process_failed_to_decrypt":"0", "process_pending_decryption":"0", "process_success":"250", "total":"250"}}
{"logTime": "0123/014614", "correlationVector":"c6PbShYjtDbGyzvzUejGdx.3","action":"GetUpdates Response", "result":"Success", "context":Received 250 update(s). cV=c6PbShYjtDbGyzvzUejGdx.0;server=akswtt110000006;cloudType=Consumer;environment=Prod_southeastasia_prod-s01-064-apac-southeastasia;migrationStage=NotStarted Some updates remain.}
{"logTime": "0123/014614", "correlationVector":"civ84tL13Bx8qqzHuauCsh","action":"Initial GetUpdates", "result":"", "context":Reason: NEWLY_SUPPORTED_DATATYPE. cV=civ84tL13Bx8qqzHuauCsh}
{"logTime": "0123/014615", "correlationVector":"civ84tL13Bx8qqzHuauCsh.1","action":"SyncServerConnectionManagerRequest", "result":"SYNC_SERVER_OK", "context":{"environment":"Prod_southeastasia_prod-s01-064-apac-southeastasia", "migrationStage":"NotStarted", "server":"akswtt11000000l"}}
{"logTime": "0123/014615", "correlationVector":"civ84tL13Bx8qqzHuauCsh.2","action":"ProcessGetUpdates", "result":"Done", "context":{"dataType":"History", "deleted":"0", "process_failed_to_decrypt":"0", "process_pending_decryption":"0", "process_success":"250", "total":"250"}}
{"logTime": "0123/014615", "correlationVector":"civ84tL13Bx8qqzHuauCsh.3","action":"GetUpdates Response", "result":"Success", "context":Received 250 update(s). cV=civ84tL13Bx8qqzHuauCsh.0;server=akswtt11000000l;cloudType=Consumer;environment=Prod_southeastasia_prod-s01-064-apac-southeastasia;migrationStage=NotStarted Some updates remain.}
{"logTime": "0123/014615", "correlationVector":"8J390SB0SOaWCn4cX0AZVm","action":"Initial GetUpdates", "result":"", "context":Reason: NEWLY_SUPPORTED_DATATYPE. cV=8J390SB0SOaWCn4cX0AZVm}
{"logTime": "0123/014615", "correlationVector":"8J390SB0SOaWCn4cX0AZVm.1","action":"SyncServerConnectionManagerRequest", "result":"SYNC_SERVER_OK", "context":{"environment":"Prod_southeastasia_prod-s01-064-apac-southeastasia", "migrationStage":"NotStarted", "server":"akswtt11000000c"}}
{"logTime": "0123/014615", "correlationVector":"8J390SB0SOaWCn4cX0AZVm.2","action":"ProcessGetUpdates", "result":"Done", "context":{"dataType":"History", "deleted":"0", "process_failed_to_decrypt":"0", "process_pending_decryption":"0", "process_success":"247", "total":"247"}}
{"logTime": "0123/014615", "correlationVector":"8J390SB0SOaWCn4cX0AZVm.3","action":"GetUpdates Response", "result":"Success", "context":Received 247 update(s). cV=8J390SB0SOaWCn4cX0AZVm.0;server=akswtt11000000c;cloudType=Consumer;environment=Prod_southeastasia_prod-s01-064-apac-southeastasia;migrationStage=NotStarted}
{"logTime": "0123/014615", "correlationVector":"5iR+8wQUZFM65aDa6iAik5","action":"Normal GetUpdate request", "result":"", "context":cV=5iR+8wQUZFM65aDa6iAik5
Nudged types: Sessions, Device Info, User Consents
Refresh requested types: Bookmarks, Preferences, Passwords, Autofill Profiles, Autofill, Extensions, Sessions, Extension settings, History Delete Directives, Device Info, User Consents, Send Tab To Self, Web Apps, History, Saved Tab Group, WebAuthn Credentials, Collection, Edge E Drop, Edge Hub App Usage, Edge Wallet, Encryption Keys}
{"logTime": "0123/014616", "correlationVector":"5iR+8wQUZFM65aDa6iAik5.1","action":"SyncServerConnectionManagerRequest", "result":"SYNC_SERVER_OK", "context":{"environment":"Prod_southeastasia_prod-s01-064-apac-southeastasia", "migrationStage":"NotStarted", "server":"akswtt11000000c"}}
{"logTime": "0123/014616", "correlationVector":"5iR+8wQUZFM65aDa6iAik5.2","action":"GetUpdates Response", "result":"Success", "context":Received 0 update(s). cV=5iR+8wQUZFM65aDa6iAik5.0;server=akswtt11000000c;cloudType=Consumer;environment=Prod_southeastasia_prod-s01-064-apac-southeastasia;migrationStage=NotStarted}
{"logTime": "0123/014616", "correlationVector":"jZp6K/+eQH1I5Dr6lWaCJf","action":"DoCompareDataConsistency requsted types: ", "result":"Bookmarks, Preferences, Passwords, Extensions, Extension settings, History Delete Directives, Send Tab To Self, Web Apps, History, Saved Tab Group, WebAuthn Credentials, Collection, Edge E Drop, Edge Wallet, Encryption Keys"}
{"logTime": "0123/014616", "correlationVector":"jZp6K/+eQH1I5Dr6lWaCJf.0","action":"CompareDataConsistency result: ", "result":"Compare result: Encryption Keys is consistent. local entities count is: 1 local entities hash is: ABBb/cGme6hFAb/p725UCzM8Sq0="}
{"logTime": "0123/014616", "correlationVector":"jZp6K/+eQH1I5Dr6lWaCJf.1","action":"CompareDataConsistency result: ", "result":"Compare result: Bookmarks is consistent. local entities count is: 11 local entities hash is: nrOVkj9fI6OdBNYt8o8EWgoCI7o="}
{"logTime": "0123/014616", "correlationVector":"jZp6K/+eQH1I5Dr6lWaCJf.2","action":"CompareDataConsistency result: ", "result":"Compare result: Preferences is consistent. local entities count is: 105 local entities hash is: yUutBuo8ttzZXAgogCbUqiMq/lE="}
{"logTime": "0123/014616", "correlationVector":"jZp6K/+eQH1I5Dr6lWaCJf.3","action":"CompareDataConsistency result: ", "result":"Compare result: Extensions is consistent. local entities count is: 4 local entities hash is: mr+P4sBE5Nbk29i5aUCGdIq14Ow="}
{"logTime": "0123/014616", "correlationVector":"jZp6K/+eQH1I5Dr6lWaCJf.4","action":"CompareDataConsistency result: ", "result":"Compare result: Extension settings is consistent. local entities count is: 85 local entities hash is: e0viaigyZa1t+tRp40DO86/pRDg="}
{"logTime": "0123/014616", "correlationVector":"jZp6K/+eQH1I5Dr6lWaCJf.5","action":"CompareDataConsistency result: ", "result":"Compare result: History Delete Directives is consistent. local entities count is: 0 local entities hash is: "}
{"logTime": "0123/014616", "correlationVector":"jZp6K/+eQH1I5Dr6lWaCJf.6","action":"CompareDataConsistency result: ", "result":"Server did not send this Send Tab To Self local entities count is: 0 local entities hash is: "}
{"logTime": "0123/014616", "correlationVector":"jZp6K/+eQH1I5Dr6lWaCJf.7","action":"CompareDataConsistency result: ", "result":"Compare result: Web Apps is consistent. local entities count is: 0 local entities hash is: "}
{"logTime": "0123/014616", "correlationVector":"jZp6K/+eQH1I5Dr6lWaCJf.8","action":"CompareDataConsistency result: ", "result":"Server did not send this History local entities count is: 0 local entities hash is: "}
{"logTime": "0123/014616", "correlationVector":"jZp6K/+eQH1I5Dr6lWaCJf.9","action":"CompareDataConsistency result: ", "result":"Compare result: Saved Tab Group is consistent. local entities count is: 0 local entities hash is: "}
{"logTime": "0123/014616", "correlationVector":"jZp6K/+eQH1I5Dr6lWaCJf.10","action":"CompareDataConsistency result: ", "result":"Server did not send this WebAuthn Credentials local entities count is: 1 local entities hash is: RDFeMjksOuLfBbbi1HYi1+2QepQ="}
{"logTime": "0123/014616", "correlationVector":"jZp6K/+eQH1I5Dr6lWaCJf.11","action":"CompareDataConsistency result: ", "result":"Compare result: Collection is consistent. local entities count is: 0 local entities hash is: "}
{"logTime": "0123/014616", "correlationVector":"jZp6K/+eQH1I5Dr6lWaCJf.12","action":"CompareDataConsistency result: ", "result":"Compare result: Edge E Drop is consistent. local entities count is: 0 local entities hash is: "}
{"logTime": "0123/014616", "correlationVector":"jZp6K/+eQH1I5Dr6lWaCJf.13","action":"CompareDataConsistency result: ", "result":"Compare result: Edge Wallet is consistent. local entities count is: 0 local entities hash is: "}
{"logTime": "0123/014616", "correlationVector":"jZp6K/+eQH1I5Dr6lWaCJf.14","action":"CompareDataConsistency result: ", "result":"Compare result: Passwords is consistent. local entities count is: 55 local entities hash is: RzAN3kEpkdQWDl452+ljUuH2JYw="}
{"logTime": "0123/014616", "correlationVector":"Kdortr2gaqCAwu3Y53nJ0v","action":"Commit Request", "result":"", "context":Item count: 5
Contributing types: Sessions, Device Info, User Consents}
{"logTime": "0123/014617", "correlationVector":"Kdortr2gaqCAwu3Y53nJ0v.1","action":"SyncServerConnectionManagerRequest", "result":"SYNC_SERVER_OK", "context":{"environment":"Prod_southeastasia_prod-s01-064-apac-southeastasia", "migrationStage":"NotStarted", "server":"akswtt110000006"}}
{"logTime": "0123/014617", "correlationVector":"Kdortr2gaqCAwu3Y53nJ0v.2","action":"Commit Response", "result":"Success", "context":Result: Success. cV=Kdortr2gaqCAwu3Y53nJ0v.0;server=akswtt110000006;cloudType=Consumer;environment=Prod_southeastasia_prod-s01-064-apac-southeastasia;migrationStage=NotStarted}
{"logTime": "0123/014617", "correlationVector":"","action":"DIAGNOSTIC_REQUEST|v1/diagnosticData/Diagnostic.SendCheckResult()|SUCCESS", "result":""}
{"logTime": "0123/014653", "correlationVector":"4Npdn8plwc6kpo1ntVtoks","action":"Commit Request", "result":"", "context":Item count: 40
Contributing types: Passwords}
{"logTime": "0123/014655", "correlationVector":"4Npdn8plwc6kpo1ntVtoks.1","action":"SyncServerConnectionManagerRequest", "result":"SYNC_SERVER_OK", "context":{"environment":"Prod_southeastasia_prod-s01-064-apac-southeastasia", "migrationStage":"NotStarted", "server":"akswtt110000015"}}
{"logTime": "0123/014655", "correlationVector":"4Npdn8plwc6kpo1ntVtoks.2","action":"Commit Response", "result":"Success", "context":Result: Success. cV=4Npdn8plwc6kpo1ntVtoks.0;server=akswtt110000015;cloudType=Consumer;environment=Prod_southeastasia_prod-s01-064-apac-southeastasia;migrationStage=NotStarted}
{"logTime": "0123/014655", "correlationVector":"c0izP2m84q9dKm5AjD1+JA","action":"Commit Request", "result":"", "context":Item count: 22
Contributing types: Passwords, Sessions, History}
{"logTime": "0123/014657", "correlationVector":"c0izP2m84q9dKm5AjD1+JA.1","action":"SyncServerConnectionManagerRequest", "result":"SYNC_SERVER_OK", "context":{"environment":"Prod_southeastasia_prod-s01-064-apac-southeastasia", "migrationStage":"NotStarted", "server":"akswtt11000000l"}}
{"logTime": "0123/014657", "correlationVector":"c0izP2m84q9dKm5AjD1+JA.2","action":"Commit Response", "result":"Success", "context":Result: Success. cV=c0izP2m84q9dKm5AjD1+JA.0;server=akswtt11000000l;cloudType=Consumer;environment=Prod_southeastasia_prod-s01-064-apac-southeastasia;migrationStage=NotStarted}
{"logTime": "0123/020444", "correlationVector":"jVzFhdOQvuf7d6IWSlnrVH","action":"Normal GetUpdate request", "result":"", "context":cV=jVzFhdOQvuf7d6IWSlnrVH
Nudged types: Sessions, History
Refresh requested types: Bookmarks, Preferences, Passwords, Autofill Profiles, Autofill, Extensions, Sessions, Extension settings, History Delete Directives, Device Info, User Consents, Send Tab To Self, Web Apps, History, Saved Tab Group, WebAuthn Credentials, Collection, Edge E Drop, Edge Hub App Usage, Edge Wallet, Encryption Keys}
{"logTime": "0123/020444", "correlationVector":"jVzFhdOQvuf7d6IWSlnrVH.1","action":"SyncServerConnectionManagerRequest", "result":"SYNC_SERVER_OK", "context":{"environment":"Prod_southeastasia_prod-s01-065-apac-southeastasia", "migrationStage":"NotStarted", "server":"akswtt110000000"}}
{"logTime": "0123/020444", "correlationVector":"jVzFhdOQvuf7d6IWSlnrVH.2","action":"ProcessGetUpdates", "result":"Done", "context":{"dataType":"Sessions", "deleted":"3", "process_failed_to_decrypt":"0", "process_pending_decryption":"0", "process_success":"5", "total":"5"}}
{"logTime": "0123/020444", "correlationVector":"jVzFhdOQvuf7d6IWSlnrVH.3","action":"ProcessGetUpdates", "result":"Done", "context":{"dataType":"History", "deleted":"0", "process_failed_to_decrypt":"0", "process_pending_decryption":"0", "process_success":"1", "total":"1"}}
{"logTime": "0123/020444", "correlationVector":"jVzFhdOQvuf7d6IWSlnrVH.4","action":"GetUpdates Response", "result":"Success", "context":Received 6 update(s). cV=jVzFhdOQvuf7d6IWSlnrVH.0;server=akswtt110000000;cloudType=Consumer;environment=Prod_southeastasia_prod-s01-065-apac-southeastasia;migrationStage=NotStarted}
{"logTime": "0123/020444", "correlationVector":"U/if/iOgnjCgawUSOVmJxv","action":"Commit Request", "result":"", "context":Item count: 5
Contributing types: Sessions, History}
{"logTime": "0123/020445", "correlationVector":"U/if/iOgnjCgawUSOVmJxv.1","action":"SyncServerConnectionManagerRequest", "result":"SYNC_SERVER_OK", "context":{"environment":"Prod_southeastasia_prod-s01-065-apac-southeastasia", "migrationStage":"NotStarted", "server":"akswtt110000003"}}
{"logTime": "0123/020445", "correlationVector":"U/if/iOgnjCgawUSOVmJxv.2","action":"Commit Response", "result":"Success", "context":Result: Success. cV=U/if/iOgnjCgawUSOVmJxv.0;server=akswtt110000003;cloudType=Consumer;environment=Prod_southeastasia_prod-s01-065-apac-southeastasia;migrationStage=NotStarted}
{"logTime": "0123/020735", "correlationVector":"kwnX489EfgYLZlKTRRMUm5","action":"Normal GetUpdate request", "result":"", "context":cV=kwnX489EfgYLZlKTRRMUm5
Nudged types: Sessions, History
Refresh requested types: Bookmarks, Preferences, Passwords, Autofill Profiles, Autofill, Extensions, Sessions, Extension settings, History Delete Directives, Device Info, User Consents, Send Tab To Self, Web Apps, History, Saved Tab Group, WebAuthn Credentials, Collection, Edge E Drop, Edge Hub App Usage, Edge Wallet, Encryption Keys}
{"logTime": "0123/020736", "correlationVector":"kwnX489EfgYLZlKTRRMUm5.1","action":"SyncServerConnectionManagerRequest", "result":"SYNC_SERVER_OK", "context":{"environment":"Prod_southeastasia_prod-s01-064-apac-southeastasia", "migrationStage":"NotStarted", "server":"akswtt11000000d"}}
{"logTime": "0123/020736", "correlationVector":"kwnX489EfgYLZlKTRRMUm5.2","action":"ProcessGetUpdates", "result":"Done", "context":{"dataType":"Sessions", "deleted":"1", "process_failed_to_decrypt":"0", "process_pending_decryption":"0", "process_success":"3", "total":"3"}}
{"logTime": "0123/020736", "correlationVector":"kwnX489EfgYLZlKTRRMUm5.3","action":"ProcessGetUpdates", "result":"Done", "context":{"dataType":"History", "deleted":"0", "process_failed_to_decrypt":"0", "process_pending_decryption":"0", "process_success":"1", "total":"1"}}
{"logTime": "0123/020736", "correlationVector":"kwnX489EfgYLZlKTRRMUm5.4","action":"GetUpdates Response", "result":"Success", "context":Received 4 update(s). cV=kwnX489EfgYLZlKTRRMUm5.0;server=akswtt11000000d;cloudType=Consumer;environment=Prod_southeastasia_prod-s01-064-apac-southeastasia;migrationStage=NotStarted}
{"logTime": "0123/020736", "correlationVector":"/0ExUcahoYICvnRr2NT2Tv","action":"Commit Request", "result":"", "context":Item count: 5
Contributing types: Sessions, History}
{"logTime": "0123/020736", "correlationVector":"/0ExUcahoYICvnRr2NT2Tv.1","action":"SyncServerConnectionManagerRequest", "result":"SYNC_SERVER_OK", "context":{"environment":"Prod_southeastasia_prod-s01-064-apac-southeastasia", "migrationStage":"NotStarted", "server":"akswtt11000000u"}}
{"logTime": "0123/020736", "correlationVector":"/0ExUcahoYICvnRr2NT2Tv.2","action":"Commit Response", "result":"Success", "context":Result: Success. cV=/0ExUcahoYICvnRr2NT2Tv.0;server=akswtt11000000u;cloudType=Consumer;environment=Prod_southeastasia_prod-s01-064-apac-southeastasia;migrationStage=NotStarted}
{"logTime": "0123/021131", "correlationVector":"1AbYtETwTnU4paM9bFYneU","action":"Normal GetUpdate request", "result":"", "context":cV=1AbYtETwTnU4paM9bFYneU
Nudged types: Preferences, Sessions, History
Refresh requested types: Bookmarks, Preferences, Passwords, Autofill Profiles, Autofill, Extensions, Sessions, Extension settings, History Delete Directives, Device Info, User Consents, Send Tab To Self, Web Apps, History, Saved Tab Group, WebAuthn Credentials, Collection, Edge E Drop, Edge Hub App Usage, Edge Wallet, Encryption Keys}
{"logTime": "0123/021132", "correlationVector":"1AbYtETwTnU4paM9bFYneU.1","action":"SyncServerConnectionManagerRequest", "result":"SYNC_SERVER_OK", "context":{"environment":"Prod_southeastasia_prod-s01-064-apac-southeastasia", "migrationStage":"NotStarted", "server":"akswtt11000000c"}}
{"logTime": "0123/021132", "correlationVector":"1AbYtETwTnU4paM9bFYneU.2","action":"ProcessGetUpdates", "result":"Done", "context":{"dataType":"Sessions", "deleted":"0", "process_failed_to_decrypt":"0", "process_pending_decryption":"0", "process_success":"4", "total":"4"}}
{"logTime": "0123/021132", "correlationVector":"1AbYtETwTnU4paM9bFYneU.3","action":"ProcessGetUpdates", "result":"Done", "context":{"dataType":"History", "deleted":"0", "process_failed_to_decrypt":"0", "process_pending_decryption":"0", "process_success":"2", "total":"2"}}
{"logTime": "0123/021132", "correlationVector":"1AbYtETwTnU4paM9bFYneU.4","action":"GetUpdates Response", "result":"Success", "context":Received 6 update(s). cV=1AbYtETwTnU4paM9bFYneU.0;server=akswtt11000000c;cloudType=Consumer;environment=Prod_southeastasia_prod-s01-064-apac-southeastasia;migrationStage=NotStarted}
{"logTime": "0123/021132", "correlationVector":"LGilYf5FsXzFB5AUTyW2xb","action":"Commit Request", "result":"", "context":Item count: 5
Contributing types: Preferences, Sessions, History}
{"logTime": "0123/021133", "correlationVector":"LGilYf5FsXzFB5AUTyW2xb.1","action":"SyncServerConnectionManagerRequest", "result":"SYNC_SERVER_OK", "context":{"environment":"Prod_southeastasia_prod-s01-064-apac-southeastasia", "migrationStage":"NotStarted", "server":"akswtt11000000z"}}
{"logTime": "0123/021133", "correlationVector":"LGilYf5FsXzFB5AUTyW2xb.2","action":"Commit Response", "result":"Success", "context":Result: Success. cV=LGilYf5FsXzFB5AUTyW2xb.0;server=akswtt11000000z;cloudType=Consumer;environment=Prod_southeastasia_prod-s01-064-apac-southeastasia;migrationStage=NotStarted}
{"logTime": "0123/021133", "correlationVector":"LGilYf5FsXzFB5AUTyW2xb.3","action":"Commit.Sessions", "result":"Success", "context":{"id":"e7858fcf-bac6-4865-b28b-e6d861d0bb9b", "isDeleted":"true", "size":"0", "version":"1769134059396"}}
{"logTime": "0123/021133", "correlationVector":"LGilYf5FsXzFB5AUTyW2xb.4","action":"Commit.Sessions", "result":"Success", "context":{"id":"ab98a9ab-ae49-4aaa-b42a-3f97f944f6cf", "isDeleted":"true", "size":"0", "version":"1769134059397"}}
{"logTime": "0123/024252", "correlationVector":"bW6FprHqh0VrhTkj4MiAMF","action":"Normal GetUpdate request", "result":"", "context":cV=bW6FprHqh0VrhTkj4MiAMF
Nudged types: Sessions, History
Refresh requested types: Bookmarks, Preferences, Passwords, Autofill Profiles, Autofill, Extensions, Sessions, Extension settings, History Delete Directives, Device Info, User Consents, Send Tab To Self, Web Apps, History, Saved Tab Group, WebAuthn Credentials, Collection, Edge E Drop, Edge Hub App Usage, Edge Wallet, Encryption Keys}
{"logTime": "0123/024252", "correlationVector":"bW6FprHqh0VrhTkj4MiAMF.1","action":"SyncServerConnectionManagerRequest", "result":"SYNC_SERVER_OK", "context":{"environment":"Prod_southeastasia_prod-s01-064-apac-southeastasia", "migrationStage":"NotStarted", "server":"akswtt110000014"}}
{"logTime": "0123/024252", "correlationVector":"bW6FprHqh0VrhTkj4MiAMF.2","action":"ProcessGetUpdates", "result":"Done", "context":{"dataType":"Preferences", "deleted":"0", "process_failed_to_decrypt":"0", "process_pending_decryption":"0", "process_success":"1", "total":"1"}}
{"logTime": "0123/024252", "correlationVector":"bW6FprHqh0VrhTkj4MiAMF.3","action":"ProcessGetUpdates", "result":"Done", "context":{"dataType":"Sessions", "deleted":"2", "process_failed_to_decrypt":"0", "process_pending_decryption":"0", "process_success":"3", "total":"3"}}
{"logTime": "0123/024252", "correlationVector":"bW6FprHqh0VrhTkj4MiAMF.4","action":"ProcessGetUpdates", "result":"Done", "context":{"dataType":"History", "deleted":"0", "process_failed_to_decrypt":"0", "process_pending_decryption":"0", "process_success":"1", "total":"1"}}
{"logTime": "0123/024252", "correlationVector":"bW6FprHqh0VrhTkj4MiAMF.5","action":"GetUpdates Response", "result":"Success", "context":Received 5 update(s). cV=bW6FprHqh0VrhTkj4MiAMF.0;server=akswtt110000014;cloudType=Consumer;environment=Prod_southeastasia_prod-s01-064-apac-southeastasia;migrationStage=NotStarted}
{"logTime": "0123/024252", "correlationVector":"0n8Lu3Ad33AGkpoTNociIg","action":"Commit Request", "result":"", "context":Item count: 28
Contributing types: Sessions, History}
{"logTime": "0123/024254", "correlationVector":"0n8Lu3Ad33AGkpoTNociIg.1","action":"SyncServerConnectionManagerRequest", "result":"SYNC_SERVER_OK", "context":{"environment":"Prod_southeastasia_prod-s01-064-apac-southeastasia", "migrationStage":"NotStarted", "server":"akswtt110000007"}}
{"logTime": "0123/024254", "correlationVector":"0n8Lu3Ad33AGkpoTNociIg.2","action":"Commit Response", "result":"Success", "context":Result: Success. cV=0n8Lu3Ad33AGkpoTNociIg.0;server=akswtt110000007;cloudType=Consumer;environment=Prod_southeastasia_prod-s01-064-apac-southeastasia;migrationStage=NotStarted}
{"logTime": "0123/024256", "correlationVector":"k/k/kSxtlGjPjjJQ1uJ0R8","action":"Normal GetUpdate request", "result":"", "context":cV=k/k/kSxtlGjPjjJQ1uJ0R8
Nudged types: Sessions, History
Notified types: History}
{"logTime": "0123/024256", "correlationVector":"k/k/kSxtlGjPjjJQ1uJ0R8.1","action":"SyncServerConnectionManagerRequest", "result":"SYNC_SERVER_OK", "context":{"environment":"Prod_southeastasia_prod-s01-064-apac-southeastasia", "migrationStage":"NotStarted", "server":"akswtt11000000n"}}
{"logTime": "0123/024256", "correlationVector":"k/k/kSxtlGjPjjJQ1uJ0R8.2","action":"ProcessGetUpdates", "result":"Done", "context":{"dataType":"Sessions", "deleted":"0", "process_failed_to_decrypt":"0", "process_pending_decryption":"0", "process_success":"7", "total":"7"}}
{"logTime": "0123/024256", "correlationVector":"k/k/kSxtlGjPjjJQ1uJ0R8.3","action":"ProcessGetUpdates", "result":"Done", "context":{"dataType":"History", "deleted":"0", "process_failed_to_decrypt":"0", "process_pending_decryption":"0", "process_success":"29", "total":"29"}}
{"logTime": "0123/024256", "correlationVector":"k/k/kSxtlGjPjjJQ1uJ0R8.4","action":"GetUpdates Response", "result":"Success", "context":Received 36 update(s). cV=k/k/kSxtlGjPjjJQ1uJ0R8.0;server=akswtt11000000n;cloudType=Consumer;environment=Prod_southeastasia_prod-s01-064-apac-southeastasia;migrationStage=NotStarted}
{"logTime": "0123/025110", "correlationVector":"w/ljAiW3lfrDRZpdnI2z92","action":"Normal GetUpdate request", "result":"", "context":cV=w/ljAiW3lfrDRZpdnI2z92
Nudged types: Preferences, Sessions, History
Refresh requested types: Bookmarks, Preferences, Passwords, Autofill Profiles, Autofill, Extensions, Sessions, Extension settings, History Delete Directives, Device Info, User Consents, Send Tab To Self, Web Apps, History, Saved Tab Group, WebAuthn Credentials, Collection, Edge E Drop, Edge Hub App Usage, Edge Wallet, Encryption Keys}
{"logTime": "0123/025110", "correlationVector":"w/ljAiW3lfrDRZpdnI2z92.1","action":"SyncServerConnectionManagerRequest", "result":"SYNC_SERVER_OK", "context":{"environment":"Prod_southeastasia_prod-s01-064-apac-southeastasia", "migrationStage":"NotStarted", "server":"akswtt11000000y"}}
{"logTime": "0123/025110", "correlationVector":"w/ljAiW3lfrDRZpdnI2z92.2","action":"GetUpdates Response", "result":"Success", "context":Received 0 update(s). cV=w/ljAiW3lfrDRZpdnI2z92.0;server=akswtt11000000y;cloudType=Consumer;environment=Prod_southeastasia_prod-s01-064-apac-southeastasia;migrationStage=NotStarted}
{"logTime": "0123/025110", "correlationVector":"uZOmhSEc+JiSUQ5if39r67","action":"Commit Request", "result":"", "context":Item count: 8
Contributing types: Preferences, Sessions, History}
{"logTime": "0123/025111", "correlationVector":"uZOmhSEc+JiSUQ5if39r67.1","action":"SyncServerConnectionManagerRequest", "result":"SYNC_SERVER_OK", "context":{"environment":"Prod_southeastasia_prod-s01-064-apac-southeastasia", "migrationStage":"NotStarted", "server":"akswtt110000015"}}
{"logTime": "0123/025111", "correlationVector":"uZOmhSEc+JiSUQ5if39r67.2","action":"Commit Response", "result":"Success", "context":Result: Success. cV=uZOmhSEc+JiSUQ5if39r67.0;server=akswtt110000015;cloudType=Consumer;environment=Prod_southeastasia_prod-s01-064-apac-southeastasia;migrationStage=NotStarted}
{"logTime": "0123/025249", "correlationVector":"aMC9DG+7pd/X4aBOzH9/wg","action":"Normal GetUpdate request", "result":"", "context":cV=aMC9DG+7pd/X4aBOzH9/wg
Nudged types: Preferences, Sessions, History
Refresh requested types: Bookmarks, Preferences, Passwords, Autofill Profiles, Autofill, Extensions, Sessions, Extension settings, History Delete Directives, Device Info, User Consents, Send Tab To Self, Web Apps, History, Saved Tab Group, WebAuthn Credentials, Collection, Edge E Drop, Edge Hub App Usage, Edge Wallet, Encryption Keys}
{"logTime": "0123/025249", "correlationVector":"aMC9DG+7pd/X4aBOzH9/wg.1","action":"SyncServerConnectionManagerRequest", "result":"SYNC_SERVER_OK", "context":{"environment":"Prod_southeastasia_prod-s01-064-apac-southeastasia", "migrationStage":"NotStarted", "server":"akswtt11000000i"}}
{"logTime": "0123/025249", "correlationVector":"aMC9DG+7pd/X4aBOzH9/wg.2","action":"ProcessGetUpdates", "result":"Done", "context":{"dataType":"Preferences", "deleted":"0", "process_failed_to_decrypt":"0", "process_pending_decryption":"0", "process_success":"1", "total":"1"}}
{"logTime": "0123/025249", "correlationVector":"aMC9DG+7pd/X4aBOzH9/wg.3","action":"ProcessGetUpdates", "result":"Done", "context":{"dataType":"Sessions", "deleted":"0", "process_failed_to_decrypt":"0", "process_pending_decryption":"0", "process_success":"3", "total":"3"}}
{"logTime": "0123/025249", "correlationVector":"aMC9DG+7pd/X4aBOzH9/wg.4","action":"ProcessGetUpdates", "result":"Done", "context":{"dataType":"History", "deleted":"0", "process_failed_to_decrypt":"0", "process_pending_decryption":"0", "process_success":"4", "total":"4"}}
{"logTime": "0123/025249", "correlationVector":"aMC9DG+7pd/X4aBOzH9/wg.5","action":"GetUpdates Response", "result":"Success", "context":Received 8 update(s). cV=aMC9DG+7pd/X4aBOzH9/wg.0;server=akswtt11000000i;cloudType=Consumer;environment=Prod_southeastasia_prod-s01-064-apac-southeastasia;migrationStage=NotStarted}
{"logTime": "0123/025249", "correlationVector":"hhcewmlrpzH5g5yXIAx5eN","action":"Commit Request", "result":"", "context":Item count: 6
Contributing types: Preferences, Sessions, History}
{"logTime": "0123/025250", "correlationVector":"hhcewmlrpzH5g5yXIAx5eN.1","action":"SyncServerConnectionManagerRequest", "result":"SYNC_SERVER_OK", "context":{"environment":"Prod_southeastasia_prod-s01-064-apac-southeastasia", "migrationStage":"NotStarted", "server":"akswtt11000000z"}}
{"logTime": "0123/025250", "correlationVector":"hhcewmlrpzH5g5yXIAx5eN.2","action":"Commit Response", "result":"Success", "context":Result: Success. cV=hhcewmlrpzH5g5yXIAx5eN.0;server=akswtt11000000z;cloudType=Consumer;environment=Prod_southeastasia_prod-s01-064-apac-southeastasia;migrationStage=NotStarted}
{"logTime": "0123/025304", "correlationVector":"moIeZd8lM20+Dpve98C+Sx","action":"Commit Request", "result":"", "context":Item count: 5
Contributing types: Preferences, Sessions, History}
{"logTime": "0123/025305", "correlationVector":"moIeZd8lM20+Dpve98C+Sx.1","action":"SyncServerConnectionManagerRequest", "result":"SYNC_SERVER_OK", "context":{"environment":"Prod_southeastasia_prod-s01-064-apac-southeastasia", "migrationStage":"NotStarted", "server":"akswtt110000011"}}
{"logTime": "0123/025305", "correlationVector":"moIeZd8lM20+Dpve98C+Sx.2","action":"Commit Response", "result":"Success", "context":Result: Success. cV=moIeZd8lM20+Dpve98C+Sx.0;server=akswtt110000011;cloudType=Consumer;environment=Prod_southeastasia_prod-s01-064-apac-southeastasia;migrationStage=NotStarted}
{"logTime": "0123/025305", "correlationVector":"moIeZd8lM20+Dpve98C+Sx.3","action":"Commit.Sessions", "result":"Success", "context":{"id":"97813816-6a25-4085-84e2-9c8c433b7a68", "isDeleted":"true", "size":"0", "version":"1769136773150"}}
{"logTime": "0123/025307", "correlationVector":"LwJqFg68iJACk3V9IJd0Yo","action":"Commit Request", "result":"", "context":Item count: 3
Contributing types: Preferences, Sessions, History}
{"logTime": "0123/025308", "correlationVector":"LwJqFg68iJACk3V9IJd0Yo.1","action":"SyncServerConnectionManagerRequest", "result":"SYNC_SERVER_OK", "context":{"environment":"Prod_southeastasia_prod-s01-064-apac-southeastasia", "migrationStage":"NotStarted", "server":"akswtt110000014"}}
{"logTime": "0123/025308", "correlationVector":"LwJqFg68iJACk3V9IJd0Yo.2","action":"Commit Response", "result":"Success", "context":Result: Success. cV=LwJqFg68iJACk3V9IJd0Yo.0;server=akswtt110000014;cloudType=Consumer;environment=Prod_southeastasia_prod-s01-064-apac-southeastasia;migrationStage=NotStarted}
{"logTime": "0123/025331", "correlationVector":"rvQtExQKcZvuvx+mWVYZv7","action":"Normal GetUpdate request", "result":"", "context":cV=rvQtExQKcZvuvx+mWVYZv7
Nudged types: Preferences, Sessions, History
Refresh requested types: Bookmarks, Preferences, Passwords, Autofill Profiles, Autofill, Extensions, Sessions, Extension settings, History Delete Directives, Device Info, User Consents, Send Tab To Self, Web Apps, History, Saved Tab Group, WebAuthn Credentials, Collection, Edge E Drop, Edge Hub App Usage, Edge Wallet, Encryption Keys}
{"logTime": "0123/025331", "correlationVector":"rvQtExQKcZvuvx+mWVYZv7.1","action":"SyncServerConnectionManagerRequest", "result":"SYNC_SERVER_OK", "context":{"environment":"Prod_southeastasia_prod-s01-064-apac-southeastasia", "migrationStage":"NotStarted", "server":"akswtt110000004"}}
{"logTime": "0123/025331", "correlationVector":"rvQtExQKcZvuvx+mWVYZv7.2","action":"ProcessGetUpdates", "result":"Done", "context":{"dataType":"Preferences", "deleted":"0", "process_failed_to_decrypt":"0", "process_pending_decryption":"0", "process_success":"2", "total":"2"}}
{"logTime": "0123/025331", "correlationVector":"rvQtExQKcZvuvx+mWVYZv7.3","action":"ProcessGetUpdates", "result":"Done", "context":{"dataType":"Sessions", "deleted":"1", "process_failed_to_decrypt":"0", "process_pending_decryption":"0", "process_success":"3", "total":"3"}}
{"logTime": "0123/025331", "correlationVector":"rvQtExQKcZvuvx+mWVYZv7.4","action":"ProcessGetUpdates", "result":"Done", "context":{"dataType":"History", "deleted":"0", "process_failed_to_decrypt":"0", "process_pending_decryption":"0", "process_success":"4", "total":"4"}}
{"logTime": "0123/025331", "correlationVector":"rvQtExQKcZvuvx+mWVYZv7.5","action":"GetUpdates Response", "result":"Success", "context":Received 9 update(s). cV=rvQtExQKcZvuvx+mWVYZv7.0;server=akswtt110000004;cloudType=Consumer;environment=Prod_southeastasia_prod-s01-064-apac-southeastasia;migrationStage=NotStarted}
{"logTime": "0123/025331", "correlationVector":"GE2nbr4I3/LT1m5XHXDcrF","action":"Commit Request", "result":"", "context":Item count: 4
Contributing types: Preferences, Sessions, History}
{"logTime": "0123/025332", "correlationVector":"GE2nbr4I3/LT1m5XHXDcrF.1","action":"SyncServerConnectionManagerRequest", "result":"SYNC_SERVER_OK", "context":{"environment":"Prod_southeastasia_prod-s01-064-apac-southeastasia", "migrationStage":"NotStarted", "server":"akswtt11000000u"}}
{"logTime": "0123/025332", "correlationVector":"GE2nbr4I3/LT1m5XHXDcrF.2","action":"Commit Response", "result":"Success", "context":Result: Success. cV=GE2nbr4I3/LT1m5XHXDcrF.0;server=akswtt11000000u;cloudType=Consumer;environment=Prod_southeastasia_prod-s01-064-apac-southeastasia;migrationStage=NotStarted}
