2026-01-22 11:35:54.775: [INFO] OnDoneLoading sync enabled: 0
2026-01-22 11:35:54.822: [INFO] RecordSyncInitDuration has_sync_been_enabled: 0 state: 0
2026-01-22 11:35:57.243: [INFO] RecordSyncInitDuration has_sync_been_enabled: 0 state: 3
2026-01-22 11:35:57.245: [INFO] Primary account changed.
2026-01-22 11:35:57.245: [INFO] OnPrimaryAccountChanged PrimaryAccountChangeEvent::Type::kSet
2026-01-22 11:35:57.247: [INFO] RecordSyncInitDuration has_sync_been_enabled: 0 state: 3
2026-01-22 11:35:57.299: [INFO] RecordSyncInitDuration has_sync_been_enabled: 0 state: 3
2026-01-22 11:36:00.572: [INFO] BookmarkNodeAdded, ABU: 0
2026-01-22 11:36:00.573: [INFO] BookmarkNodeAdded, ABU: 0
2026-01-22 11:36:00.573: [INFO] BookmarkNodeAdded, ABU: 0
2026-01-22 11:36:00.573: [INFO] BookmarkNodeAdded, ABU: 0
2026-01-22 11:36:00.573: [INFO] BookmarkNodeAdded, ABU: 0
2026-01-22 11:36:00.574: [INFO] BookmarkNodeAdded, ABU: 0
2026-01-22 11:36:00.574: [INFO] BookmarkNodeAdded, ABU: 0
2026-01-22 11:36:00.574: [INFO] BookmarkNodeAdded, ABU: 0
2026-01-22 11:36:00.574: [INFO] BookmarkNodeAdded, ABU: 0
2026-01-22 11:36:00.574: [INFO] BookmarkNodeAdded, ABU: 0
2026-01-22 11:36:00.574: [INFO] BookmarkNodeAdded, ABU: 0
2026-01-22 11:36:11.600: [INFO] Sync initialization duration: 14242ms
2026-01-25 04:06:14.868: [INFO] OnDoneLoading sync enabled: 1
2026-01-25 04:06:16.620: [INFO] Sync initialization duration: 9ms
