{"logTime": "0122/081110", "correlationVector":"usRPT4fc6pPWnrSlAoKMQI.1","action":"SyncServerConnectionManagerRequest", "result":"SYNC_SERVER_OK", "context":{"environment":"Prod_southeastasia_prod-s01-064-apac-southeastasia", "migrationStage":"NotStarted", "server":"akswtt110000015"}}
{"logTime": "0122/081110", "correlationVector":"usRPT4fc6pPWnrSlAoKMQI.2","action":"ProcessGetUpdates", "result":"Done", "context":{"dataType":"Encryption Keys", "deleted":"0", "process_failed_to_decrypt":"0", "process_pending_decryption":"0", "process_success":"1", "total":"1"}}
{"logTime": "0122/081111", "correlationVector":"dGG/wjRMGgEjR5F71vSC/M","action":"SyncServerConnectionManagerRequest", "result":"SYNC_SERVER_OK", "context":{"environment":"", "migrationStage":"", "server":""}}
{"logTime": "0122/081111", "correlationVector":"dGG/wjRMGgEjR5F71vSC/M.0","action":"EncryptionKeysFetcher.DownloadKeys:", "result":"Success", "context":Key count: 5, Last key timestamp: 2025-10-08T13:53:41Z}
{"logTime": "0122/081111", "correlationVector":"dGG/wjRMGgEjR5F71vSC/M.1","action":"EncryptionKeysManager::SetEncryptionKeys:", "result":"Success", "context":Key names[5]:[G+0XbBtUS89eRtvwWDmDX7v1uuYvk4AIg4eyOyxBnVIq5ISy9vC+8ITJad0Jlu6dKbi+EAiUakxvokka5Qc8mQ==][xLZdBMBPfYl+o7gVaYPtypKjqd97jzlH1wY15dmUocyV5eFnDrAN7mpwSNMn9jRtfN8cjW9PS4dHvHz+Mv8tSg==][/ymJB2pp1WjdsYsBxgMUDup6UB8naooEMBYT+qoQVcXn5cBS48phRzIcTzK639RGN0X4S+zDL8RvvAiVWTedmA==][sqvpsR70zKKP4iaZ8w5sfovSmHu0ByVd7dmN5zcU5UPpjMuY0jIY8lMR/vjhzSds1U8Ogzegz79MFhS9PS1dVg==][QOP6FCUsdLMWGmSLrEFYNHM4KUMj5isRgRn2laO66r/cVtUgpXRtqjdTF+9yvFSyYRz39cGRnTYm3sbnV8iUIQ==]}
{"logTime": "0122/081111", "correlationVector":"dGG/wjRMGgEjR5F71vSC/M.2","action":"EncryptionKeysManager::SetEncryptionKeysWithTimestamps:", "result":"Success", "context":Key timestamps[5]:[2023-09-25T09:25:16Z][2024-03-24T07:17:41Z][2024-10-10T06:06:50Z][2025-04-09T03:04:37Z][2025-10-08T13:53:41Z]}
{"logTime": "0122/081111", "correlationVector":"usRPT4fc6pPWnrSlAoKMQI","action":"Initial GetUpdates", "result":"", "context":Reason: NEW_CLIENT. cV=usRPT4fc6pPWnrSlAoKMQI}
{"logTime": "0122/081111", "correlationVector":"usRPT4fc6pPWnrSlAoKMQI.3","action":"GetUpdates Response", "result":"Success", "context":Received 1 update(s). cV=usRPT4fc6pPWnrSlAoKMQI.0;server=akswtt110000015;cloudType=Consumer;environment=Prod_southeastasia_prod-s01-064-apac-southeastasia;migrationStage=NotStarted}
{"logTime": "0122/081111", "correlationVector":"WX826I6Z78IrFP4/IPYGn9","action":"Initial GetUpdates", "result":"", "context":Reason: NEWLY_SUPPORTED_DATATYPE. cV=WX826I6Z78IrFP4/IPYGn9}
{"logTime": "0122/081112", "correlationVector":"WX826I6Z78IrFP4/IPYGn9.1","action":"SyncServerConnectionManagerRequest", "result":"SYNC_SERVER_OK", "context":{"environment":"Prod_southeastasia_prod-s01-064-apac-southeastasia", "migrationStage":"NotStarted", "server":"akswtt11000000d"}}
{"logTime": "0122/081112", "correlationVector":"WX826I6Z78IrFP4/IPYGn9.2","action":"ProcessGetUpdates", "result":"Done", "context":{"dataType":"Preferences", "deleted":"1", "process_failed_to_decrypt":"0", "process_pending_decryption":"0", "process_success":"105", "total":"105"}}
{"logTime": "0122/081112", "correlationVector":"WX826I6Z78IrFP4/IPYGn9.3","action":"ProcessGetUpdates", "result":"Done", "context":{"dataType":"Passwords", "deleted":"0", "process_failed_to_decrypt":"0", "process_pending_decryption":"0", "process_success":"55", "total":"55"}}
{"logTime": "0122/081112", "correlationVector":"WX826I6Z78IrFP4/IPYGn9.4","action":"GetUpdates Response", "result":"Success", "context":Received 160 update(s). cV=WX826I6Z78IrFP4/IPYGn9.0;server=akswtt11000000d;cloudType=Consumer;environment=Prod_southeastasia_prod-s01-064-apac-southeastasia;migrationStage=NotStarted}
{"logTime": "0122/081112", "correlationVector":"DC5/Otr3yamUF2mRtopcHy","action":"Initial GetUpdates", "result":"", "context":Reason: NEWLY_SUPPORTED_DATATYPE. cV=DC5/Otr3yamUF2mRtopcHy}
{"logTime": "0122/081113", "correlationVector":"DC5/Otr3yamUF2mRtopcHy.1","action":"SyncServerConnectionManagerRequest", "result":"SYNC_SERVER_OK", "context":{"environment":"Prod_southeastasia_prod-s01-064-apac-southeastasia", "migrationStage":"NotStarted", "server":"akswtt11000000e"}}
{"logTime": "0122/081113", "correlationVector":"DC5/Otr3yamUF2mRtopcHy.2","action":"ProcessGetUpdates", "result":"Done", "context":{"dataType":"Bookmarks", "deleted":"48", "process_failed_to_decrypt":"0", "process_pending_decryption":"0", "process_success":"65", "total":"65"}}
{"logTime": "0122/081113", "correlationVector":"DC5/Otr3yamUF2mRtopcHy.3","action":"GetUpdates Response", "result":"Success", "context":Received 65 update(s). cV=DC5/Otr3yamUF2mRtopcHy.0;server=akswtt11000000e;cloudType=Consumer;environment=Prod_southeastasia_prod-s01-064-apac-southeastasia;migrationStage=NotStarted}
{"logTime": "0122/081113", "correlationVector":"r/SqcLJJSS6QpwHXUEr3Cq","action":"Initial GetUpdates", "result":"", "context":Reason: NEWLY_SUPPORTED_DATATYPE. cV=r/SqcLJJSS6QpwHXUEr3Cq}
{"logTime": "0122/081114", "correlationVector":"r/SqcLJJSS6QpwHXUEr3Cq.1","action":"SyncServerConnectionManagerRequest", "result":"SYNC_SERVER_OK", "context":{"environment":"Prod_southeastasia_prod-s01-064-apac-southeastasia", "migrationStage":"NotStarted", "server":"akswtt11000000n"}}
{"logTime": "0122/081114", "correlationVector":"r/SqcLJJSS6QpwHXUEr3Cq.2","action":"ProcessGetUpdates", "result":"Done", "context":{"dataType":"Autofill", "deleted":"0", "process_failed_to_decrypt":"0", "process_pending_decryption":"0", "process_success":"127", "total":"127"}}
{"logTime": "0122/081114", "correlationVector":"r/SqcLJJSS6QpwHXUEr3Cq.3","action":"ProcessGetUpdates", "result":"Done", "context":{"dataType":"Extensions", "deleted":"0", "process_failed_to_decrypt":"0", "process_pending_decryption":"0", "process_success":"2", "total":"2"}}
{"logTime": "0122/081114", "correlationVector":"r/SqcLJJSS6QpwHXUEr3Cq.4","action":"ProcessGetUpdates", "result":"Done", "context":{"dataType":"Sessions", "deleted":"121", "process_failed_to_decrypt":"0", "process_pending_decryption":"0", "process_success":"121", "total":"121"}}
{"logTime": "0122/081114", "correlationVector":"r/SqcLJJSS6QpwHXUEr3Cq.5","action":"GetUpdates Response", "result":"Success", "context":Received 250 update(s). cV=r/SqcLJJSS6QpwHXUEr3Cq.0;server=akswtt11000000n;cloudType=Consumer;environment=Prod_southeastasia_prod-s01-064-apac-southeastasia;migrationStage=NotStarted Some updates remain.}
{"logTime": "0122/081114", "correlationVector":"tO1hdt79jyEs9pKWKYD3qK","action":"Initial GetUpdates", "result":"", "context":Reason: NEWLY_SUPPORTED_DATATYPE. cV=tO1hdt79jyEs9pKWKYD3qK}
{"logTime": "0122/081115", "correlationVector":"tO1hdt79jyEs9pKWKYD3qK.1","action":"SyncServerConnectionManagerRequest", "result":"SYNC_SERVER_OK", "context":{"environment":"Prod_southeastasia_prod-s01-064-apac-southeastasia", "migrationStage":"NotStarted", "server":"akswtt110000002"}}
{"logTime": "0122/081115", "correlationVector":"tO1hdt79jyEs9pKWKYD3qK.2","action":"ProcessGetUpdates", "result":"Done", "context":{"dataType":"Autofill", "deleted":"0", "process_failed_to_decrypt":"0", "process_pending_decryption":"0", "process_success":"9", "total":"9"}}
{"logTime": "0122/081115", "correlationVector":"tO1hdt79jyEs9pKWKYD3qK.3","action":"ProcessGetUpdates", "result":"Done", "context":{"dataType":"Sessions", "deleted":"239", "process_failed_to_decrypt":"0", "process_pending_decryption":"0", "process_success":"239", "total":"239"}}
{"logTime": "0122/081115", "correlationVector":"tO1hdt79jyEs9pKWKYD3qK.4","action":"ProcessGetUpdates", "result":"Done", "context":{"dataType":"Edge Hub App Usage", "deleted":"1", "process_failed_to_decrypt":"0", "process_pending_decryption":"0", "process_success":"2", "total":"2"}}
{"logTime": "0122/081115", "correlationVector":"tO1hdt79jyEs9pKWKYD3qK.5","action":"GetUpdates Response", "result":"Success", "context":Received 250 update(s). cV=tO1hdt79jyEs9pKWKYD3qK.0;server=akswtt110000002;cloudType=Consumer;environment=Prod_southeastasia_prod-s01-064-apac-southeastasia;migrationStage=NotStarted Some updates remain.}
{"logTime": "0122/081115", "correlationVector":"67ns3A1UZgHba5uvvOfXIT","action":"Initial GetUpdates", "result":"", "context":Reason: NEWLY_SUPPORTED_DATATYPE. cV=67ns3A1UZgHba5uvvOfXIT}
{"logTime": "0122/081115", "correlationVector":"67ns3A1UZgHba5uvvOfXIT.1","action":"SyncServerConnectionManagerRequest", "result":"SYNC_SERVER_OK", "context":{"environment":"Prod_southeastasia_prod-s01-064-apac-southeastasia", "migrationStage":"NotStarted", "server":"akswtt11000000n"}}
{"logTime": "0122/081115", "correlationVector":"67ns3A1UZgHba5uvvOfXIT.2","action":"ProcessGetUpdates", "result":"Done", "context":{"dataType":"Autofill Profiles", "deleted":"0", "process_failed_to_decrypt":"0", "process_pending_decryption":"0", "process_success":"1", "total":"1"}}
{"logTime": "0122/081115", "correlationVector":"67ns3A1UZgHba5uvvOfXIT.3","action":"ProcessGetUpdates", "result":"Done", "context":{"dataType":"Autofill", "deleted":"0", "process_failed_to_decrypt":"0", "process_pending_decryption":"0", "process_success":"11", "total":"11"}}
{"logTime": "0122/081115", "correlationVector":"67ns3A1UZgHba5uvvOfXIT.4","action":"ProcessGetUpdates", "result":"Done", "context":{"dataType":"Sessions", "deleted":"230", "process_failed_to_decrypt":"0", "process_pending_decryption":"0", "process_success":"230", "total":"230"}}
{"logTime": "0122/081115", "correlationVector":"67ns3A1UZgHba5uvvOfXIT.5","action":"ProcessGetUpdates", "result":"Done", "context":{"dataType":"Edge Hub App Usage", "deleted":"0", "process_failed_to_decrypt":"0", "process_pending_decryption":"0", "process_success":"8", "total":"8"}}
{"logTime": "0122/081115", "correlationVector":"67ns3A1UZgHba5uvvOfXIT.6","action":"GetUpdates Response", "result":"Success", "context":Received 250 update(s). cV=67ns3A1UZgHba5uvvOfXIT.0;server=akswtt11000000n;cloudType=Consumer;environment=Prod_southeastasia_prod-s01-064-apac-southeastasia;migrationStage=NotStarted Some updates remain.}
{"logTime": "0122/081115", "correlationVector":"4eKl331I5QxcoLoeED+Mhy","action":"Initial GetUpdates", "result":"", "context":Reason: NEWLY_SUPPORTED_DATATYPE. cV=4eKl331I5QxcoLoeED+Mhy}
{"logTime": "0122/081116", "correlationVector":"4eKl331I5QxcoLoeED+Mhy.1","action":"SyncServerConnectionManagerRequest", "result":"SYNC_SERVER_OK", "context":{"environment":"Prod_southeastasia_prod-s01-064-apac-southeastasia", "migrationStage":"NotStarted", "server":"akswtt11000000q"}}
{"logTime": "0122/081116", "correlationVector":"4eKl331I5QxcoLoeED+Mhy.2","action":"ProcessGetUpdates", "result":"Done", "context":{"dataType":"Autofill", "deleted":"0", "process_failed_to_decrypt":"0", "process_pending_decryption":"0", "process_success":"10", "total":"10"}}
{"logTime": "0122/081116", "correlationVector":"4eKl331I5QxcoLoeED+Mhy.3","action":"ProcessGetUpdates", "result":"Done", "context":{"dataType":"Sessions", "deleted":"238", "process_failed_to_decrypt":"0", "process_pending_decryption":"0", "process_success":"238", "total":"238"}}
{"logTime": "0122/081116", "correlationVector":"4eKl331I5QxcoLoeED+Mhy.4","action":"ProcessGetUpdates", "result":"Done", "context":{"dataType":"Edge Hub App Usage", "deleted":"1", "process_failed_to_decrypt":"0", "process_pending_decryption":"0", "process_success":"2", "total":"2"}}
{"logTime": "0122/081116", "correlationVector":"4eKl331I5QxcoLoeED+Mhy.5","action":"GetUpdates Response", "result":"Success", "context":Received 250 update(s). cV=4eKl331I5QxcoLoeED+Mhy.0;server=akswtt11000000q;cloudType=Consumer;environment=Prod_southeastasia_prod-s01-064-apac-southeastasia;migrationStage=NotStarted Some updates remain.}
{"logTime": "0122/081116", "correlationVector":"vxseeKHqAAsWss/8UNDz+B","action":"Initial GetUpdates", "result":"", "context":Reason: NEWLY_SUPPORTED_DATATYPE. cV=vxseeKHqAAsWss/8UNDz+B}
{"logTime": "0122/081117", "correlationVector":"vxseeKHqAAsWss/8UNDz+B.1","action":"SyncServerConnectionManagerRequest", "result":"SYNC_SERVER_OK", "context":{"environment":"Prod_southeastasia_prod-s01-064-apac-southeastasia", "migrationStage":"NotStarted", "server":"akswtt110000007"}}
{"logTime": "0122/081117", "correlationVector":"vxseeKHqAAsWss/8UNDz+B.2","action":"ProcessGetUpdates", "result":"Done", "context":{"dataType":"Autofill", "deleted":"0", "process_failed_to_decrypt":"0", "process_pending_decryption":"0", "process_success":"3", "total":"3"}}
{"logTime": "0122/081117", "correlationVector":"vxseeKHqAAsWss/8UNDz+B.3","action":"ProcessGetUpdates", "result":"Done", "context":{"dataType":"Sessions", "deleted":"246", "process_failed_to_decrypt":"0", "process_pending_decryption":"0", "process_success":"246", "total":"246"}}
{"logTime": "0122/081117", "correlationVector":"vxseeKHqAAsWss/8UNDz+B.4","action":"ProcessGetUpdates", "result":"Done", "context":{"dataType":"Edge Hub App Usage", "deleted":"0", "process_failed_to_decrypt":"0", "process_pending_decryption":"0", "process_success":"1", "total":"1"}}
{"logTime": "0122/081117", "correlationVector":"vxseeKHqAAsWss/8UNDz+B.5","action":"GetUpdates Response", "result":"Success", "context":Received 250 update(s). cV=vxseeKHqAAsWss/8UNDz+B.0;server=akswtt110000007;cloudType=Consumer;environment=Prod_southeastasia_prod-s01-064-apac-southeastasia;migrationStage=NotStarted Some updates remain.}
{"logTime": "0122/081117", "correlationVector":"X0PWdrOXfRrj3t7VYfFBZD","action":"Initial GetUpdates", "result":"", "context":Reason: NEWLY_SUPPORTED_DATATYPE. cV=X0PWdrOXfRrj3t7VYfFBZD}
{"logTime": "0122/081118", "correlationVector":"X0PWdrOXfRrj3t7VYfFBZD.1","action":"SyncServerConnectionManagerRequest", "result":"SYNC_SERVER_OK", "context":{"environment":"Prod_southeastasia_prod-s01-064-apac-southeastasia", "migrationStage":"NotStarted", "server":"akswtt11000000n"}}
{"logTime": "0122/081118", "correlationVector":"X0PWdrOXfRrj3t7VYfFBZD.2","action":"ProcessGetUpdates", "result":"Done", "context":{"dataType":"Autofill Profiles", "deleted":"0", "process_failed_to_decrypt":"0", "process_pending_decryption":"0", "process_success":"3", "total":"3"}}
{"logTime": "0122/081118", "correlationVector":"X0PWdrOXfRrj3t7VYfFBZD.3","action":"ProcessGetUpdates", "result":"Done", "context":{"dataType":"Autofill", "deleted":"0", "process_failed_to_decrypt":"0", "process_pending_decryption":"0", "process_success":"23", "total":"23"}}
{"logTime": "0122/081118", "correlationVector":"X0PWdrOXfRrj3t7VYfFBZD.4","action":"ProcessGetUpdates", "result":"Done", "context":{"dataType":"Sessions", "deleted":"219", "process_failed_to_decrypt":"0", "process_pending_decryption":"0", "process_success":"223", "total":"223"}}
{"logTime": "0122/081118", "correlationVector":"X0PWdrOXfRrj3t7VYfFBZD.5","action":"ProcessGetUpdates", "result":"Done", "context":{"dataType":"Edge Hub App Usage", "deleted":"1", "process_failed_to_decrypt":"0", "process_pending_decryption":"0", "process_success":"1", "total":"1"}}
{"logTime": "0122/081118", "correlationVector":"X0PWdrOXfRrj3t7VYfFBZD.6","action":"GetUpdates Response", "result":"Success", "context":Received 250 update(s). cV=X0PWdrOXfRrj3t7VYfFBZD.0;server=akswtt11000000n;cloudType=Consumer;environment=Prod_southeastasia_prod-s01-064-apac-southeastasia;migrationStage=NotStarted Some updates remain.}
{"logTime": "0122/081118", "correlationVector":"pFaPMS83lbZRE8cL7iwxNS","action":"Initial GetUpdates", "result":"", "context":Reason: NEWLY_SUPPORTED_DATATYPE. cV=pFaPMS83lbZRE8cL7iwxNS}
{"logTime": "0122/081118", "correlationVector":"pFaPMS83lbZRE8cL7iwxNS.1","action":"SyncServerConnectionManagerRequest", "result":"SYNC_SERVER_OK", "context":{"environment":"Prod_southeastasia_prod-s01-064-apac-southeastasia", "migrationStage":"NotStarted", "server":"akswtt11000000y"}}
{"logTime": "0122/081118", "correlationVector":"pFaPMS83lbZRE8cL7iwxNS.2","action":"ProcessGetUpdates", "result":"Done", "context":{"dataType":"Autofill", "deleted":"0", "process_failed_to_decrypt":"0", "process_pending_decryption":"0", "process_success":"8", "total":"8"}}
{"logTime": "0122/081118", "correlationVector":"pFaPMS83lbZRE8cL7iwxNS.3","action":"ProcessGetUpdates", "result":"Done", "context":{"dataType":"Extensions", "deleted":"0", "process_failed_to_decrypt":"0", "process_pending_decryption":"0", "process_success":"1", "total":"1"}}
{"logTime": "0122/081118", "correlationVector":"pFaPMS83lbZRE8cL7iwxNS.4","action":"ProcessGetUpdates", "result":"Done", "context":{"dataType":"Sessions", "deleted":"146", "process_failed_to_decrypt":"0", "process_pending_decryption":"0", "process_success":"159", "total":"159"}}
{"logTime": "0122/081118", "correlationVector":"pFaPMS83lbZRE8cL7iwxNS.5","action":"ProcessGetUpdates", "result":"Done", "context":{"dataType":"Extension settings", "deleted":"0", "process_failed_to_decrypt":"0", "process_pending_decryption":"0", "process_success":"81", "total":"81"}}
{"logTime": "0122/081118", "correlationVector":"pFaPMS83lbZRE8cL7iwxNS.6","action":"ProcessGetUpdates", "result":"Done", "context":{"dataType":"WebAuthn Credentials", "deleted":"0", "process_failed_to_decrypt":"0", "process_pending_decryption":"0", "process_success":"1", "total":"1"}}
{"logTime": "0122/081118", "correlationVector":"pFaPMS83lbZRE8cL7iwxNS.7","action":"GetUpdates Response", "result":"Success", "context":Received 250 update(s). cV=pFaPMS83lbZRE8cL7iwxNS.0;server=akswtt11000000y;cloudType=Consumer;environment=Prod_southeastasia_prod-s01-064-apac-southeastasia;migrationStage=NotStarted Some updates remain.}
{"logTime": "0122/081118", "correlationVector":"0wWbtuOQUGtSV9IvkyWfbF","action":"Initial GetUpdates", "result":"", "context":Reason: NEWLY_SUPPORTED_DATATYPE. cV=0wWbtuOQUGtSV9IvkyWfbF}
{"logTime": "0122/081119", "correlationVector":"0wWbtuOQUGtSV9IvkyWfbF.1","action":"SyncServerConnectionManagerRequest", "result":"SYNC_SERVER_OK", "context":{"environment":"Prod_southeastasia_prod-s01-064-apac-southeastasia", "migrationStage":"NotStarted", "server":"akswtt110000000"}}
{"logTime": "0122/081119", "correlationVector":"0wWbtuOQUGtSV9IvkyWfbF.2","action":"ProcessGetUpdates", "result":"Done", "context":{"dataType":"Extensions", "deleted":"0", "process_failed_to_decrypt":"0", "process_pending_decryption":"0", "process_success":"1", "total":"1"}}
{"logTime": "0122/081119", "correlationVector":"0wWbtuOQUGtSV9IvkyWfbF.3","action":"ProcessGetUpdates", "result":"Done", "context":{"dataType":"Sessions", "deleted":"53", "process_failed_to_decrypt":"0", "process_pending_decryption":"0", "process_success":"61", "total":"61"}}
{"logTime": "0122/081119", "correlationVector":"0wWbtuOQUGtSV9IvkyWfbF.4","action":"GetUpdates Response", "result":"Success", "context":Received 62 update(s). cV=0wWbtuOQUGtSV9IvkyWfbF.0;server=akswtt110000000;cloudType=Consumer;environment=Prod_southeastasia_prod-s01-064-apac-southeastasia;migrationStage=NotStarted}
{"logTime": "0122/081119", "correlationVector":"XPqqJUikSqsSx58PwP8ODI","action":"Initial GetUpdates", "result":"", "context":Reason: NEWLY_SUPPORTED_DATATYPE. cV=XPqqJUikSqsSx58PwP8ODI}
{"logTime": "0122/081120", "correlationVector":"XPqqJUikSqsSx58PwP8ODI.1","action":"SyncServerConnectionManagerRequest", "result":"SYNC_SERVER_OK", "context":{"environment":"Prod_southeastasia_prod-s01-064-apac-southeastasia", "migrationStage":"NotStarted", "server":"akswtt11000000j"}}
{"logTime": "0122/081120", "correlationVector":"XPqqJUikSqsSx58PwP8ODI.2","action":"ProcessGetUpdates", "result":"Done", "context":{"dataType":"History", "deleted":"0", "process_failed_to_decrypt":"0", "process_pending_decryption":"0", "process_success":"250", "total":"250"}}
{"logTime": "0122/081120", "correlationVector":"XPqqJUikSqsSx58PwP8ODI.3","action":"GetUpdates Response", "result":"Success", "context":Received 250 update(s). cV=XPqqJUikSqsSx58PwP8ODI.0;server=akswtt11000000j;cloudType=Consumer;environment=Prod_southeastasia_prod-s01-064-apac-southeastasia;migrationStage=NotStarted Some updates remain.}
{"logTime": "0122/081120", "correlationVector":"P/7FNAFPjj5cKOH6Em8Mua","action":"Initial GetUpdates", "result":"", "context":Reason: NEWLY_SUPPORTED_DATATYPE. cV=P/7FNAFPjj5cKOH6Em8Mua}
{"logTime": "0122/081120", "correlationVector":"P/7FNAFPjj5cKOH6Em8Mua.1","action":"SyncServerConnectionManagerRequest", "result":"SYNC_SERVER_OK", "context":{"environment":"Prod_southeastasia_prod-s01-064-apac-southeastasia", "migrationStage":"NotStarted", "server":"akswtt11000000e"}}
{"logTime": "0122/081120", "correlationVector":"P/7FNAFPjj5cKOH6Em8Mua.2","action":"ProcessGetUpdates", "result":"Done", "context":{"dataType":"History", "deleted":"0", "process_failed_to_decrypt":"0", "process_pending_decryption":"0", "process_success":"250", "total":"250"}}
{"logTime": "0122/081120", "correlationVector":"P/7FNAFPjj5cKOH6Em8Mua.3","action":"GetUpdates Response", "result":"Success", "context":Received 250 update(s). cV=P/7FNAFPjj5cKOH6Em8Mua.0;server=akswtt11000000e;cloudType=Consumer;environment=Prod_southeastasia_prod-s01-064-apac-southeastasia;migrationStage=NotStarted Some updates remain.}
{"logTime": "0122/081120", "correlationVector":"nOvuPD1h6eX3SyylWVMUwx","action":"Initial GetUpdates", "result":"", "context":Reason: NEWLY_SUPPORTED_DATATYPE. cV=nOvuPD1h6eX3SyylWVMUwx}
{"logTime": "0122/081122", "correlationVector":"nOvuPD1h6eX3SyylWVMUwx.1","action":"SyncServerConnectionManagerRequest", "result":"SYNC_SERVER_OK", "context":{"environment":"Prod_southeastasia_prod-s01-064-apac-southeastasia", "migrationStage":"NotStarted", "server":"akswtt11000000p"}}
{"logTime": "0122/081122", "correlationVector":"nOvuPD1h6eX3SyylWVMUwx.2","action":"ProcessGetUpdates", "result":"Done", "context":{"dataType":"History", "deleted":"0", "process_failed_to_decrypt":"0", "process_pending_decryption":"0", "process_success":"250", "total":"250"}}
{"logTime": "0122/081122", "correlationVector":"nOvuPD1h6eX3SyylWVMUwx.3","action":"GetUpdates Response", "result":"Success", "context":Received 250 update(s). cV=nOvuPD1h6eX3SyylWVMUwx.0;server=akswtt11000000p;cloudType=Consumer;environment=Prod_southeastasia_prod-s01-064-apac-southeastasia;migrationStage=NotStarted Some updates remain.}
{"logTime": "0122/081122", "correlationVector":"AOGxA4bRLJWSt/Mdou8HRw","action":"Initial GetUpdates", "result":"", "context":Reason: NEWLY_SUPPORTED_DATATYPE. cV=AOGxA4bRLJWSt/Mdou8HRw}
{"logTime": "0122/081122", "correlationVector":"AOGxA4bRLJWSt/Mdou8HRw.1","action":"SyncServerConnectionManagerRequest", "result":"SYNC_SERVER_OK", "context":{"environment":"Prod_southeastasia_prod-s01-064-apac-southeastasia", "migrationStage":"NotStarted", "server":"akswtt110000002"}}
{"logTime": "0122/081122", "correlationVector":"AOGxA4bRLJWSt/Mdou8HRw.2","action":"ProcessGetUpdates", "result":"Done", "context":{"dataType":"History", "deleted":"0", "process_failed_to_decrypt":"0", "process_pending_decryption":"0", "process_success":"250", "total":"250"}}
{"logTime": "0122/081122", "correlationVector":"AOGxA4bRLJWSt/Mdou8HRw.3","action":"GetUpdates Response", "result":"Success", "context":Received 250 update(s). cV=AOGxA4bRLJWSt/Mdou8HRw.0;server=akswtt110000002;cloudType=Consumer;environment=Prod_southeastasia_prod-s01-064-apac-southeastasia;migrationStage=NotStarted Some updates remain.}
{"logTime": "0122/081122", "correlationVector":"HxqGQqQAcdF4QmcySSWPqm","action":"Initial GetUpdates", "result":"", "context":Reason: NEWLY_SUPPORTED_DATATYPE. cV=HxqGQqQAcdF4QmcySSWPqm}
{"logTime": "0122/081124", "correlationVector":"HxqGQqQAcdF4QmcySSWPqm.1","action":"SyncServerConnectionManagerRequest", "result":"SYNC_SERVER_OK", "context":{"environment":"Prod_southeastasia_prod-s01-064-apac-southeastasia", "migrationStage":"NotStarted", "server":"akswtt11000000q"}}
{"logTime": "0122/081124", "correlationVector":"HxqGQqQAcdF4QmcySSWPqm.2","action":"ProcessGetUpdates", "result":"Done", "context":{"dataType":"History", "deleted":"0", "process_failed_to_decrypt":"0", "process_pending_decryption":"0", "process_success":"250", "total":"250"}}
{"logTime": "0122/081124", "correlationVector":"HxqGQqQAcdF4QmcySSWPqm.3","action":"GetUpdates Response", "result":"Success", "context":Received 250 update(s). cV=HxqGQqQAcdF4QmcySSWPqm.0;server=akswtt11000000q;cloudType=Consumer;environment=Prod_southeastasia_prod-s01-064-apac-southeastasia;migrationStage=NotStarted Some updates remain.}
{"logTime": "0122/081124", "correlationVector":"Sokg25XSUxLz7RHr2VHUHv","action":"Initial GetUpdates", "result":"", "context":Reason: NEWLY_SUPPORTED_DATATYPE. cV=Sokg25XSUxLz7RHr2VHUHv}
{"logTime": "0122/081125", "correlationVector":"Sokg25XSUxLz7RHr2VHUHv.1","action":"SyncServerConnectionManagerRequest", "result":"SYNC_SERVER_OK", "context":{"environment":"Prod_southeastasia_prod-s01-064-apac-southeastasia", "migrationStage":"NotStarted", "server":"akswtt11000000p"}}
{"logTime": "0122/081125", "correlationVector":"Sokg25XSUxLz7RHr2VHUHv.2","action":"ProcessGetUpdates", "result":"Done", "context":{"dataType":"History", "deleted":"0", "process_failed_to_decrypt":"0", "process_pending_decryption":"0", "process_success":"250", "total":"250"}}
{"logTime": "0122/081125", "correlationVector":"Sokg25XSUxLz7RHr2VHUHv.3","action":"GetUpdates Response", "result":"Success", "context":Received 250 update(s). cV=Sokg25XSUxLz7RHr2VHUHv.0;server=akswtt11000000p;cloudType=Consumer;environment=Prod_southeastasia_prod-s01-064-apac-southeastasia;migrationStage=NotStarted Some updates remain.}
{"logTime": "0122/081125", "correlationVector":"g8nyOAzV1jNazRTJrD0t/n","action":"Initial GetUpdates", "result":"", "context":Reason: NEWLY_SUPPORTED_DATATYPE. cV=g8nyOAzV1jNazRTJrD0t/n}
{"logTime": "0122/081125", "correlationVector":"g8nyOAzV1jNazRTJrD0t/n.1","action":"SyncServerConnectionManagerRequest", "result":"SYNC_SERVER_OK", "context":{"environment":"Prod_southeastasia_prod-s01-064-apac-southeastasia", "migrationStage":"NotStarted", "server":"akswtt11000000e"}}
{"logTime": "0122/081125", "correlationVector":"g8nyOAzV1jNazRTJrD0t/n.2","action":"ProcessGetUpdates", "result":"Done", "context":{"dataType":"History", "deleted":"0", "process_failed_to_decrypt":"0", "process_pending_decryption":"0", "process_success":"250", "total":"250"}}
{"logTime": "0122/081125", "correlationVector":"g8nyOAzV1jNazRTJrD0t/n.3","action":"GetUpdates Response", "result":"Success", "context":Received 250 update(s). cV=g8nyOAzV1jNazRTJrD0t/n.0;server=akswtt11000000e;cloudType=Consumer;environment=Prod_southeastasia_prod-s01-064-apac-southeastasia;migrationStage=NotStarted Some updates remain.}
{"logTime": "0122/081125", "correlationVector":"yLM/Xr+KQPuVNyBxDnncGY","action":"Initial GetUpdates", "result":"", "context":Reason: NEWLY_SUPPORTED_DATATYPE. cV=yLM/Xr+KQPuVNyBxDnncGY}
{"logTime": "0122/081126", "correlationVector":"yLM/Xr+KQPuVNyBxDnncGY.1","action":"SyncServerConnectionManagerRequest", "result":"SYNC_SERVER_OK", "context":{"environment":"Prod_southeastasia_prod-s01-064-apac-southeastasia", "migrationStage":"NotStarted", "server":"akswtt11000000q"}}
{"logTime": "0122/081126", "correlationVector":"yLM/Xr+KQPuVNyBxDnncGY.2","action":"ProcessGetUpdates", "result":"Done", "context":{"dataType":"History", "deleted":"0", "process_failed_to_decrypt":"0", "process_pending_decryption":"0", "process_success":"250", "total":"250"}}
{"logTime": "0122/081126", "correlationVector":"yLM/Xr+KQPuVNyBxDnncGY.3","action":"GetUpdates Response", "result":"Success", "context":Received 250 update(s). cV=yLM/Xr+KQPuVNyBxDnncGY.0;server=akswtt11000000q;cloudType=Consumer;environment=Prod_southeastasia_prod-s01-064-apac-southeastasia;migrationStage=NotStarted Some updates remain.}
{"logTime": "0122/081126", "correlationVector":"+nlbf1lKwiyJAsSXczHzy8","action":"Initial GetUpdates", "result":"", "context":Reason: NEWLY_SUPPORTED_DATATYPE. cV=+nlbf1lKwiyJAsSXczHzy8}
{"logTime": "0122/081128", "correlationVector":"+nlbf1lKwiyJAsSXczHzy8.1","action":"SyncServerConnectionManagerRequest", "result":"SYNC_SERVER_OK", "context":{"environment":"Prod_southeastasia_prod-s01-064-apac-southeastasia", "migrationStage":"NotStarted", "server":"akswtt11000000n"}}
{"logTime": "0122/081128", "correlationVector":"+nlbf1lKwiyJAsSXczHzy8.2","action":"ProcessGetUpdates", "result":"Done", "context":{"dataType":"History", "deleted":"0", "process_failed_to_decrypt":"0", "process_pending_decryption":"0", "process_success":"250", "total":"250"}}
{"logTime": "0122/081128", "correlationVector":"+nlbf1lKwiyJAsSXczHzy8.3","action":"GetUpdates Response", "result":"Success", "context":Received 250 update(s). cV=+nlbf1lKwiyJAsSXczHzy8.0;server=akswtt11000000n;cloudType=Consumer;environment=Prod_southeastasia_prod-s01-064-apac-southeastasia;migrationStage=NotStarted Some updates remain.}
{"logTime": "0122/081128", "correlationVector":"yxsHIbKDl3cQW+viWg9lCA","action":"Initial GetUpdates", "result":"", "context":Reason: NEWLY_SUPPORTED_DATATYPE. cV=yxsHIbKDl3cQW+viWg9lCA}
{"logTime": "0122/081129", "correlationVector":"yxsHIbKDl3cQW+viWg9lCA.1","action":"SyncServerConnectionManagerRequest", "result":"SYNC_SERVER_OK", "context":{"environment":"Prod_southeastasia_prod-s01-064-apac-southeastasia", "migrationStage":"NotStarted", "server":"akswtt11000000z"}}
{"logTime": "0122/081129", "correlationVector":"yxsHIbKDl3cQW+viWg9lCA.2","action":"ProcessGetUpdates", "result":"Done", "context":{"dataType":"History", "deleted":"0", "process_failed_to_decrypt":"0", "process_pending_decryption":"0", "process_success":"250", "total":"250"}}
{"logTime": "0122/081129", "correlationVector":"yxsHIbKDl3cQW+viWg9lCA.3","action":"GetUpdates Response", "result":"Success", "context":Received 250 update(s). cV=yxsHIbKDl3cQW+viWg9lCA.0;server=akswtt11000000z;cloudType=Consumer;environment=Prod_southeastasia_prod-s01-064-apac-southeastasia;migrationStage=NotStarted Some updates remain.}
{"logTime": "0122/081129", "correlationVector":"fg1WdBUDsT8Fr1uFTwqKRT","action":"Initial GetUpdates", "result":"", "context":Reason: NEWLY_SUPPORTED_DATATYPE. cV=fg1WdBUDsT8Fr1uFTwqKRT}
{"logTime": "0122/081129", "correlationVector":"fg1WdBUDsT8Fr1uFTwqKRT.1","action":"SyncServerConnectionManagerRequest", "result":"SYNC_SERVER_OK", "context":{"environment":"Prod_southeastasia_prod-s01-064-apac-southeastasia", "migrationStage":"NotStarted", "server":"akswtt11000000i"}}
{"logTime": "0122/081129", "correlationVector":"fg1WdBUDsT8Fr1uFTwqKRT.2","action":"ProcessGetUpdates", "result":"Done", "context":{"dataType":"History", "deleted":"0", "process_failed_to_decrypt":"0", "process_pending_decryption":"0", "process_success":"120", "total":"120"}}
{"logTime": "0122/081129", "correlationVector":"fg1WdBUDsT8Fr1uFTwqKRT.3","action":"GetUpdates Response", "result":"Success", "context":Received 120 update(s). cV=fg1WdBUDsT8Fr1uFTwqKRT.0;server=akswtt11000000i;cloudType=Consumer;environment=Prod_southeastasia_prod-s01-064-apac-southeastasia;migrationStage=NotStarted}
{"logTime": "0122/081129", "correlationVector":"gzJEZX+lPVHZSLd1mcHspm","action":"Normal GetUpdate request", "result":"", "context":cV=gzJEZX+lPVHZSLd1mcHspm
Nudged types: Sessions, Device Info, User Consents
Refresh requested types: Bookmarks, Preferences, Passwords, Autofill Profiles, Autofill, Extensions, Sessions, Extension settings, History Delete Directives, Device Info, User Consents, Send Tab To Self, Web Apps, History, Saved Tab Group, WebAuthn Credentials, Collection, Edge E Drop, Edge Hub App Usage, Edge Wallet, Encryption Keys}
{"logTime": "0122/081130", "correlationVector":"gzJEZX+lPVHZSLd1mcHspm.1","action":"SyncServerConnectionManagerRequest", "result":"SYNC_SERVER_OK", "context":{"environment":"Prod_southeastasia_prod-s01-064-apac-southeastasia", "migrationStage":"NotStarted", "server":"akswtt110000005"}}
{"logTime": "0122/081130", "correlationVector":"gzJEZX+lPVHZSLd1mcHspm.2","action":"GetUpdates Response", "result":"Success", "context":Received 0 update(s). cV=gzJEZX+lPVHZSLd1mcHspm.0;server=akswtt110000005;cloudType=Consumer;environment=Prod_southeastasia_prod-s01-064-apac-southeastasia;migrationStage=NotStarted}
{"logTime": "0122/081130", "correlationVector":"5nHk6sGUXw9DB3X5Y0a300","action":"DoCompareDataConsistency requsted types: ", "result":"Bookmarks, Preferences, Passwords, Extensions, Extension settings, History Delete Directives, Send Tab To Self, Web Apps, History, Saved Tab Group, WebAuthn Credentials, Collection, Edge E Drop, Edge Wallet, Encryption Keys"}
{"logTime": "0122/081130", "correlationVector":"5nHk6sGUXw9DB3X5Y0a300.0","action":"CompareDataConsistency result: ", "result":"Compare result: Encryption Keys is consistent. local entities count is: 1 local entities hash is: ABBb/cGme6hFAb/p725UCzM8Sq0="}
{"logTime": "0122/081130", "correlationVector":"5nHk6sGUXw9DB3X5Y0a300.1","action":"CompareDataConsistency result: ", "result":"Compare result: Bookmarks is consistent. local entities count is: 11 local entities hash is: /AxVO4owDCza7JE7I7jkuXBoHbc="}
{"logTime": "0122/081130", "correlationVector":"5nHk6sGUXw9DB3X5Y0a300.2","action":"CompareDataConsistency result: ", "result":"Compare result: Preferences is consistent. local entities count is: 104 local entities hash is: DrQNN96hn1wsw13BOqV5smVKUTI="}
{"logTime": "0122/081130", "correlationVector":"5nHk6sGUXw9DB3X5Y0a300.3","action":"CompareDataConsistency result: ", "result":"Compare result: Extensions is consistent. local entities count is: 4 local entities hash is: mr+P4sBE5Nbk29i5aUCGdIq14Ow="}
{"logTime": "0122/081130", "correlationVector":"5nHk6sGUXw9DB3X5Y0a300.4","action":"CompareDataConsistency result: ", "result":"Compare result: Extension settings is consistent. local entities count is: 81 local entities hash is: XJMH76CjgyIc66ejNxhvuYvAmPE="}
{"logTime": "0122/081130", "correlationVector":"5nHk6sGUXw9DB3X5Y0a300.5","action":"CompareDataConsistency result: ", "result":"Compare result: History Delete Directives is consistent. local entities count is: 0 local entities hash is: "}
{"logTime": "0122/081130", "correlationVector":"5nHk6sGUXw9DB3X5Y0a300.6","action":"CompareDataConsistency result: ", "result":"Server did not send this Send Tab To Self local entities count is: 0 local entities hash is: "}
{"logTime": "0122/081130", "correlationVector":"5nHk6sGUXw9DB3X5Y0a300.7","action":"CompareDataConsistency result: ", "result":"Compare result: Web Apps is consistent. local entities count is: 0 local entities hash is: "}
{"logTime": "0122/081130", "correlationVector":"5nHk6sGUXw9DB3X5Y0a300.8","action":"CompareDataConsistency result: ", "result":"Server did not send this History local entities count is: 0 local entities hash is: "}
{"logTime": "0122/081130", "correlationVector":"5nHk6sGUXw9DB3X5Y0a300.9","action":"CompareDataConsistency result: ", "result":"Compare result: Saved Tab Group is consistent. local entities count is: 0 local entities hash is: "}
{"logTime": "0122/081130", "correlationVector":"5nHk6sGUXw9DB3X5Y0a300.10","action":"CompareDataConsistency result: ", "result":"Server did not send this WebAuthn Credentials local entities count is: 1 local entities hash is: RDFeMjksOuLfBbbi1HYi1+2QepQ="}
{"logTime": "0122/081130", "correlationVector":"5nHk6sGUXw9DB3X5Y0a300.11","action":"CompareDataConsistency result: ", "result":"Compare result: Collection is consistent. local entities count is: 0 local entities hash is: "}
{"logTime": "0122/081130", "correlationVector":"5nHk6sGUXw9DB3X5Y0a300.12","action":"CompareDataConsistency result: ", "result":"Compare result: Edge E Drop is consistent. local entities count is: 0 local entities hash is: "}
{"logTime": "0122/081130", "correlationVector":"5nHk6sGUXw9DB3X5Y0a300.13","action":"CompareDataConsistency result: ", "result":"Compare result: Edge Wallet is consistent. local entities count is: 0 local entities hash is: "}
{"logTime": "0122/081130", "correlationVector":"5nHk6sGUXw9DB3X5Y0a300.14","action":"CompareDataConsistency result: ", "result":"Compare result: Passwords is consistent. local entities count is: 55 local entities hash is: pNBPUtmwBpWwvDWEizyfIRGLNQk="}
{"logTime": "0122/081130", "correlationVector":"BvIcoTiQ1nn5W3GwoNrcrv","action":"Commit Request", "result":"", "context":Item count: 3
Contributing types: Sessions, Device Info, User Consents}
{"logTime": "0122/081131", "correlationVector":"BvIcoTiQ1nn5W3GwoNrcrv.1","action":"SyncServerConnectionManagerRequest", "result":"SYNC_SERVER_OK", "context":{"environment":"Prod_southeastasia_prod-s01-064-apac-southeastasia", "migrationStage":"NotStarted", "server":"akswtt11000000d"}}
{"logTime": "0122/081131", "correlationVector":"BvIcoTiQ1nn5W3GwoNrcrv.2","action":"Commit Response", "result":"Success", "context":Result: Success. cV=BvIcoTiQ1nn5W3GwoNrcrv.0;server=akswtt11000000d;cloudType=Consumer;environment=Prod_southeastasia_prod-s01-064-apac-southeastasia;migrationStage=NotStarted}
{"logTime": "0122/081131", "correlationVector":"","action":"DIAGNOSTIC_REQUEST|v1/diagnosticData/Diagnostic.SendCheckResult()|SUCCESS", "result":""}
{"logTime": "0122/081133", "correlationVector":"xBMHjB5ztQgaR2Fq9Yd1DW","action":"Normal GetUpdate request", "result":"", "context":cV=xBMHjB5ztQgaR2Fq9Yd1DW
Notified types: History}
{"logTime": "0122/081133", "correlationVector":"xBMHjB5ztQgaR2Fq9Yd1DW.1","action":"SyncServerConnectionManagerRequest", "result":"SYNC_SERVER_OK", "context":{"environment":"Prod_southeastasia_prod-s01-064-apac-southeastasia", "migrationStage":"NotStarted", "server":"akswtt110000005"}}
{"logTime": "0122/081133", "correlationVector":"xBMHjB5ztQgaR2Fq9Yd1DW.2","action":"ProcessGetUpdates", "result":"Done", "context":{"dataType":"Sessions", "deleted":"0", "process_failed_to_decrypt":"0", "process_pending_decryption":"0", "process_success":"6", "total":"6"}}
{"logTime": "0122/081133", "correlationVector":"xBMHjB5ztQgaR2Fq9Yd1DW.3","action":"ProcessGetUpdates", "result":"Done", "context":{"dataType":"History", "deleted":"0", "process_failed_to_decrypt":"0", "process_pending_decryption":"0", "process_success":"5", "total":"5"}}
{"logTime": "0122/081133", "correlationVector":"xBMHjB5ztQgaR2Fq9Yd1DW.4","action":"GetUpdates Response", "result":"Success", "context":Received 11 update(s). cV=xBMHjB5ztQgaR2Fq9Yd1DW.0;server=akswtt110000005;cloudType=Consumer;environment=Prod_southeastasia_prod-s01-064-apac-southeastasia;migrationStage=NotStarted}
{"logTime": "0122/081156", "correlationVector":"JQRhDiBEhoyDL8/EtQEOW5","action":"Commit Request", "result":"", "context":Item count: 7
Contributing types: Sessions, User Consents, History}
{"logTime": "0122/081157", "correlationVector":"JQRhDiBEhoyDL8/EtQEOW5.1","action":"SyncServerConnectionManagerRequest", "result":"SYNC_SERVER_OK", "context":{"environment":"Prod_southeastasia_prod-s01-064-apac-southeastasia", "migrationStage":"NotStarted", "server":"akswtt110000009"}}
{"logTime": "0122/081157", "correlationVector":"JQRhDiBEhoyDL8/EtQEOW5.2","action":"Commit Response", "result":"Success", "context":Result: Success. cV=JQRhDiBEhoyDL8/EtQEOW5.0;server=akswtt110000009;cloudType=Consumer;environment=Prod_southeastasia_prod-s01-064-apac-southeastasia;migrationStage=NotStarted}
{"logTime": "0122/081207", "correlationVector":"wFovq8OkIDCI3LUpl2ctJ5","action":"Commit Request", "result":"", "context":Item count: 40
Contributing types: Passwords}
{"logTime": "0122/081209", "correlationVector":"wFovq8OkIDCI3LUpl2ctJ5.1","action":"SyncServerConnectionManagerRequest", "result":"SYNC_SERVER_OK", "context":{"environment":"Prod_southeastasia_prod-s01-064-apac-southeastasia", "migrationStage":"NotStarted", "server":"akswtt11000000l"}}
{"logTime": "0122/081209", "correlationVector":"wFovq8OkIDCI3LUpl2ctJ5.2","action":"Commit Response", "result":"Success", "context":Result: Success. cV=wFovq8OkIDCI3LUpl2ctJ5.0;server=akswtt11000000l;cloudType=Consumer;environment=Prod_southeastasia_prod-s01-064-apac-southeastasia;migrationStage=NotStarted}
{"logTime": "0122/081209", "correlationVector":"7fBF5dZ/D+NfADKDPgtCUE","action":"Commit Request", "result":"", "context":Item count: 22
Contributing types: Passwords, Sessions, History}
{"logTime": "0122/081211", "correlationVector":"7fBF5dZ/D+NfADKDPgtCUE.1","action":"SyncServerConnectionManagerRequest", "result":"SYNC_SERVER_OK", "context":{"environment":"Prod_southeastasia_prod-s01-064-apac-southeastasia", "migrationStage":"NotStarted", "server":"akswtt110000007"}}
{"logTime": "0122/081211", "correlationVector":"7fBF5dZ/D+NfADKDPgtCUE.2","action":"Commit Response", "result":"Success", "context":Result: Success. cV=7fBF5dZ/D+NfADKDPgtCUE.0;server=akswtt110000007;cloudType=Consumer;environment=Prod_southeastasia_prod-s01-064-apac-southeastasia;migrationStage=NotStarted}
{"logTime": "0122/081211", "correlationVector":"7fBF5dZ/D+NfADKDPgtCUE.3","action":"Commit.Sessions", "result":"Success", "context":{"id":"996f44d8-c101-4dfd-a2fd-c8a209e0126d", "isDeleted":"true", "size":"0", "version":"1769069518154"}}
{"logTime": "0123/005652", "correlationVector":"QE12gFgVWcCl5AC5hrl2Sn","action":"Normal GetUpdate request", "result":"", "context":cV=QE12gFgVWcCl5AC5hrl2Sn
Nudged types: Preferences, Sessions, History
Refresh requested types: Bookmarks, Preferences, Passwords, Autofill Profiles, Autofill, Extensions, Sessions, Extension settings, History Delete Directives, Device Info, User Consents, Send Tab To Self, Web Apps, History, Saved Tab Group, WebAuthn Credentials, Collection, Edge E Drop, Edge Hub App Usage, Edge Wallet, Encryption Keys}
{"logTime": "0123/005654", "correlationVector":"QE12gFgVWcCl5AC5hrl2Sn.1","action":"SyncServerConnectionManagerRequest", "result":"SYNC_SERVER_OK", "context":{"environment":"Prod_southeastasia_prod-s01-064-apac-southeastasia", "migrationStage":"NotStarted", "server":"akswtt11000000i"}}
{"logTime": "0123/005654", "correlationVector":"QE12gFgVWcCl5AC5hrl2Sn.2","action":"ProcessGetUpdates", "result":"Done", "context":{"dataType":"Bookmarks", "deleted":"0", "process_failed_to_decrypt":"0", "process_pending_decryption":"0", "process_success":"2", "total":"2"}}
{"logTime": "0123/005654", "correlationVector":"QE12gFgVWcCl5AC5hrl2Sn.3","action":"ProcessGetUpdates", "result":"Done", "context":{"dataType":"Preferences", "deleted":"0", "process_failed_to_decrypt":"0", "process_pending_decryption":"0", "process_success":"8", "total":"8"}}
{"logTime": "0123/005654", "correlationVector":"QE12gFgVWcCl5AC5hrl2Sn.4","action":"ProcessGetUpdates", "result":"Done", "context":{"dataType":"Passwords", "deleted":"0", "process_failed_to_decrypt":"0", "process_pending_decryption":"0", "process_success":"54", "total":"54"}}
{"logTime": "0123/005654", "correlationVector":"QE12gFgVWcCl5AC5hrl2Sn.5","action":"ProcessGetUpdates", "result":"Done", "context":{"dataType":"Autofill Profiles", "deleted":"0", "process_failed_to_decrypt":"0", "process_pending_decryption":"0", "process_success":"2", "total":"2"}}
{"logTime": "0123/005654", "correlationVector":"QE12gFgVWcCl5AC5hrl2Sn.6","action":"ProcessGetUpdates", "result":"Done", "context":{"dataType":"Autofill", "deleted":"0", "process_failed_to_decrypt":"0", "process_pending_decryption":"0", "process_success":"1", "total":"1"}}
{"logTime": "0123/005654", "correlationVector":"QE12gFgVWcCl5AC5hrl2Sn.7","action":"ProcessGetUpdates", "result":"Done", "context":{"dataType":"Sessions", "deleted":"35", "process_failed_to_decrypt":"0", "process_pending_decryption":"0", "process_success":"47", "total":"47"}}
{"logTime": "0123/005654", "correlationVector":"QE12gFgVWcCl5AC5hrl2Sn.8","action":"ProcessGetUpdates", "result":"Done", "context":{"dataType":"Extension settings", "deleted":"0", "process_failed_to_decrypt":"0", "process_pending_decryption":"0", "process_success":"9", "total":"9"}}
{"logTime": "0123/005654", "correlationVector":"QE12gFgVWcCl5AC5hrl2Sn.9","action":"ProcessGetUpdates", "result":"Done", "context":{"dataType":"History", "deleted":"0", "process_failed_to_decrypt":"0", "process_pending_decryption":"0", "process_success":"90", "total":"90"}}
{"logTime": "0123/005654", "correlationVector":"QE12gFgVWcCl5AC5hrl2Sn.10","action":"ProcessGetUpdates", "result":"Done", "context":{"dataType":"Edge Hub App Usage", "deleted":"0", "process_failed_to_decrypt":"0", "process_pending_decryption":"0", "process_success":"3", "total":"3"}}
{"logTime": "0123/005654", "correlationVector":"QE12gFgVWcCl5AC5hrl2Sn.11","action":"GetUpdates Response", "result":"Success", "context":Received 216 update(s). cV=QE12gFgVWcCl5AC5hrl2Sn.0;server=akswtt11000000i;cloudType=Consumer;environment=Prod_southeastasia_prod-s01-064-apac-southeastasia;migrationStage=NotStarted}
{"logTime": "0123/005654", "correlationVector":"hag+OJv6LQs9df+pdW4pHC","action":"Commit Request", "result":"", "context":Item count: 20
Contributing types: Sessions, History}
{"logTime": "0123/005656", "correlationVector":"hag+OJv6LQs9df+pdW4pHC.1","action":"SyncServerConnectionManagerRequest", "result":"SYNC_SERVER_OK", "context":{"environment":"Prod_southeastasia_prod-s01-064-apac-southeastasia", "migrationStage":"NotStarted", "server":"akswtt11000000e"}}
{"logTime": "0123/005656", "correlationVector":"hag+OJv6LQs9df+pdW4pHC.3","action":"Commit.Sessions", "result":"Success", "context":{"id":"c78c52c1-04b8-4c27-86aa-bbe78586c080", "isDeleted":"true", "size":"0", "version":"1769069531500"}}
{"logTime": "0123/005656", "correlationVector":"hag+OJv6LQs9df+pdW4pHC.2","action":"Commit Response", "result":"Success", "context":Result: Success. cV=hag+OJv6LQs9df+pdW4pHC.0;server=akswtt11000000e;cloudType=Consumer;environment=Prod_southeastasia_prod-s01-064-apac-southeastasia;migrationStage=NotStarted}
{"logTime": "0123/005656", "correlationVector":"8As+pa0TiOzz37/1QkQ00Y","action":"Poll GetUpdate request", "result":"", "context":cV=8As+pa0TiOzz37/1QkQ00Y}
{"logTime": "0123/005658", "correlationVector":"8As+pa0TiOzz37/1QkQ00Y.1","action":"SyncServerConnectionManagerRequest", "result":"SYNC_SERVER_OK", "context":{"environment":"Prod_southeastasia_prod-s01-064-apac-southeastasia", "migrationStage":"NotStarted", "server":"akswtt11000000i"}}
{"logTime": "0123/005658", "correlationVector":"8As+pa0TiOzz37/1QkQ00Y.2","action":"ProcessGetUpdates", "result":"Done", "context":{"dataType":"Sessions", "deleted":"1", "process_failed_to_decrypt":"0", "process_pending_decryption":"0", "process_success":"2", "total":"2"}}
{"logTime": "0123/005658", "correlationVector":"8As+pa0TiOzz37/1QkQ00Y.3","action":"ProcessGetUpdates", "result":"Done", "context":{"dataType":"History", "deleted":"0", "process_failed_to_decrypt":"0", "process_pending_decryption":"0", "process_success":"18", "total":"18"}}
{"logTime": "0123/005658", "correlationVector":"8As+pa0TiOzz37/1QkQ00Y.4","action":"GetUpdates Response", "result":"Success", "context":Received 20 update(s). cV=8As+pa0TiOzz37/1QkQ00Y.0;server=akswtt11000000i;cloudType=Consumer;environment=Prod_southeastasia_prod-s01-064-apac-southeastasia;migrationStage=NotStarted}
{"logTime": "0123/011716", "correlationVector":"CvIDGF2ndeDc8b7HsFxkby","action":"Normal GetUpdate request", "result":"", "context":cV=CvIDGF2ndeDc8b7HsFxkby
Nudged types: Sessions, History
Refresh requested types: Bookmarks, Preferences, Passwords, Autofill Profiles, Autofill, Extensions, Sessions, Extension settings, History Delete Directives, Device Info, User Consents, Send Tab To Self, Web Apps, History, Saved Tab Group, WebAuthn Credentials, Collection, Edge E Drop, Edge Hub App Usage, Edge Wallet, Encryption Keys}
{"logTime": "0123/011717", "correlationVector":"CvIDGF2ndeDc8b7HsFxkby.1","action":"SyncServerConnectionManagerRequest", "result":"SYNC_SERVER_OK", "context":{"environment":"Prod_southeastasia_prod-s01-064-apac-southeastasia", "migrationStage":"NotStarted", "server":"akswtt110000011"}}
{"logTime": "0123/011717", "correlationVector":"CvIDGF2ndeDc8b7HsFxkby.2","action":"GetUpdates Response", "result":"Success", "context":Received 0 update(s). cV=CvIDGF2ndeDc8b7HsFxkby.0;server=akswtt110000011;cloudType=Consumer;environment=Prod_southeastasia_prod-s01-064-apac-southeastasia;migrationStage=NotStarted}
{"logTime": "0123/011717", "correlationVector":"y1tIgSna3YG9SEt9FOjbJA","action":"Commit Request", "result":"", "context":Item count: 3
Contributing types: Sessions, History}
{"logTime": "0123/011718", "correlationVector":"y1tIgSna3YG9SEt9FOjbJA.1","action":"SyncServerConnectionManagerRequest", "result":"SYNC_SERVER_OK", "context":{"environment":"Prod_southeastasia_prod-s01-064-apac-southeastasia", "migrationStage":"NotStarted", "server":"akswtt110000014"}}
{"logTime": "0123/011718", "correlationVector":"y1tIgSna3YG9SEt9FOjbJA.2","action":"Commit Response", "result":"Success", "context":Result: Success. cV=y1tIgSna3YG9SEt9FOjbJA.0;server=akswtt110000014;cloudType=Consumer;environment=Prod_southeastasia_prod-s01-064-apac-southeastasia;migrationStage=NotStarted}
{"logTime": "0123/012316", "correlationVector":"BaQ6RH4eQKY6kiB+lQFx5p","action":"Normal GetUpdate request", "result":"", "context":cV=BaQ6RH4eQKY6kiB+lQFx5p
Nudged types: Sessions, History
Refresh requested types: Bookmarks, Preferences, Passwords, Autofill Profiles, Autofill, Extensions, Sessions, Extension settings, History Delete Directives, Device Info, User Consents, Send Tab To Self, Web Apps, History, Saved Tab Group, WebAuthn Credentials, Collection, Edge E Drop, Edge Hub App Usage, Edge Wallet, Encryption Keys}
{"logTime": "0123/012317", "correlationVector":"BaQ6RH4eQKY6kiB+lQFx5p.1","action":"SyncServerConnectionManagerRequest", "result":"SYNC_SERVER_OK", "context":{"environment":"Prod_southeastasia_prod-s01-064-apac-southeastasia", "migrationStage":"NotStarted", "server":"akswtt11000000c"}}
{"logTime": "0123/012317", "correlationVector":"BaQ6RH4eQKY6kiB+lQFx5p.2","action":"ProcessGetUpdates", "result":"Done", "context":{"dataType":"Sessions", "deleted":"0", "process_failed_to_decrypt":"0", "process_pending_decryption":"0", "process_success":"2", "total":"2"}}
{"logTime": "0123/012317", "correlationVector":"BaQ6RH4eQKY6kiB+lQFx5p.3","action":"ProcessGetUpdates", "result":"Done", "context":{"dataType":"History", "deleted":"0", "process_failed_to_decrypt":"0", "process_pending_decryption":"0", "process_success":"1", "total":"1"}}
{"logTime": "0123/012317", "correlationVector":"BaQ6RH4eQKY6kiB+lQFx5p.4","action":"GetUpdates Response", "result":"Success", "context":Received 3 update(s). cV=BaQ6RH4eQKY6kiB+lQFx5p.0;server=akswtt11000000c;cloudType=Consumer;environment=Prod_southeastasia_prod-s01-064-apac-southeastasia;migrationStage=NotStarted}
{"logTime": "0123/012317", "correlationVector":"9Pps+6ysocm1RhbzMWRrFG","action":"Commit Request", "result":"", "context":Item count: 7
Contributing types: Sessions, History}
{"logTime": "0123/012317", "correlationVector":"9Pps+6ysocm1RhbzMWRrFG.1","action":"SyncServerConnectionManagerRequest", "result":"SYNC_SERVER_OK", "context":{"environment":"Prod_southeastasia_prod-s01-064-apac-southeastasia", "migrationStage":"NotStarted", "server":"akswtt11000000k"}}
{"logTime": "0123/012317", "correlationVector":"9Pps+6ysocm1RhbzMWRrFG.2","action":"Commit Response", "result":"Success", "context":Result: Success. cV=9Pps+6ysocm1RhbzMWRrFG.0;server=akswtt11000000k;cloudType=Consumer;environment=Prod_southeastasia_prod-s01-064-apac-southeastasia;migrationStage=NotStarted}
{"logTime": "0123/012612", "correlationVector":"6ZssqVa1t/nlZMBrXu5MAf","action":"Normal GetUpdate request", "result":"", "context":cV=6ZssqVa1t/nlZMBrXu5MAf
Nudged types: Sessions, History
Notified types: Device Info}
{"logTime": "0123/012613", "correlationVector":"6ZssqVa1t/nlZMBrXu5MAf.1","action":"SyncServerConnectionManagerRequest", "result":"SYNC_SERVER_OK", "context":{"environment":"Prod_southeastasia_prod-s01-064-apac-southeastasia", "migrationStage":"NotStarted", "server":"akswtt110000004"}}
{"logTime": "0123/012613", "correlationVector":"6ZssqVa1t/nlZMBrXu5MAf.2","action":"ProcessGetUpdates", "result":"Done", "context":{"dataType":"Sessions", "deleted":"0", "process_failed_to_decrypt":"0", "process_pending_decryption":"0", "process_success":"4", "total":"4"}}
{"logTime": "0123/012613", "correlationVector":"6ZssqVa1t/nlZMBrXu5MAf.3","action":"ProcessGetUpdates", "result":"Done", "context":{"dataType":"History", "deleted":"0", "process_failed_to_decrypt":"0", "process_pending_decryption":"0", "process_success":"4", "total":"4"}}
{"logTime": "0123/012613", "correlationVector":"6ZssqVa1t/nlZMBrXu5MAf.4","action":"GetUpdates Response", "result":"Success", "context":Received 8 update(s). cV=6ZssqVa1t/nlZMBrXu5MAf.0;server=akswtt110000004;cloudType=Consumer;environment=Prod_southeastasia_prod-s01-064-apac-southeastasia;migrationStage=NotStarted}
{"logTime": "0123/012613", "correlationVector":"DAnO/qSISXZz/cWlnle/t5","action":"Commit Request", "result":"", "context":Item count: 14
Contributing types: Sessions, History}
{"logTime": "0123/012614", "correlationVector":"DAnO/qSISXZz/cWlnle/t5.1","action":"SyncServerConnectionManagerRequest", "result":"SYNC_SERVER_OK", "context":{"environment":"Prod_southeastasia_prod-s01-064-apac-southeastasia", "migrationStage":"NotStarted", "server":"akswtt110000006"}}
{"logTime": "0123/012614", "correlationVector":"DAnO/qSISXZz/cWlnle/t5.3","action":"Commit.Sessions", "result":"Success", "context":{"id":"db714375-1514-442f-8724-68411149995c", "isDeleted":"true", "size":"0", "version":"1769131400303"}}
{"logTime": "0123/012614", "correlationVector":"DAnO/qSISXZz/cWlnle/t5.2","action":"Commit Response", "result":"Success", "context":Result: Success. cV=DAnO/qSISXZz/cWlnle/t5.0;server=akswtt110000006;cloudType=Consumer;environment=Prod_southeastasia_prod-s01-064-apac-southeastasia;migrationStage=NotStarted}
{"logTime": "0123/012616", "correlationVector":"0YYM4X1XnacuEyvRj/to6Q","action":"Normal GetUpdate request", "result":"", "context":cV=0YYM4X1XnacuEyvRj/to6Q
Nudged types: Sessions, History
Notified types: History}
{"logTime": "0123/012616", "correlationVector":"0YYM4X1XnacuEyvRj/to6Q.1","action":"SyncServerConnectionManagerRequest", "result":"SYNC_SERVER_OK", "context":{"environment":"Prod_southeastasia_prod-s01-064-apac-southeastasia", "migrationStage":"NotStarted", "server":"akswtt11000000y"}}
{"logTime": "0123/012616", "correlationVector":"0YYM4X1XnacuEyvRj/to6Q.2","action":"ProcessGetUpdates", "result":"Done", "context":{"dataType":"Sessions", "deleted":"1", "process_failed_to_decrypt":"0", "process_pending_decryption":"0", "process_success":"4", "total":"4"}}
{"logTime": "0123/012616", "correlationVector":"0YYM4X1XnacuEyvRj/to6Q.3","action":"ProcessGetUpdates", "result":"Done", "context":{"dataType":"History", "deleted":"0", "process_failed_to_decrypt":"0", "process_pending_decryption":"0", "process_success":"13", "total":"13"}}
{"logTime": "0123/012616", "correlationVector":"0YYM4X1XnacuEyvRj/to6Q.4","action":"GetUpdates Response", "result":"Success", "context":Received 17 update(s). cV=0YYM4X1XnacuEyvRj/to6Q.0;server=akswtt11000000y;cloudType=Consumer;environment=Prod_southeastasia_prod-s01-064-apac-southeastasia;migrationStage=NotStarted}
{"logTime": "0123/012627", "correlationVector":"9lfzjjXJIVfSu/2aQA1pyW","action":"Normal GetUpdate request", "result":"", "context":cV=9lfzjjXJIVfSu/2aQA1pyW
Nudged types: Sessions, History
Notified types: Device Info}
{"logTime": "0123/012627", "correlationVector":"9lfzjjXJIVfSu/2aQA1pyW.1","action":"SyncServerConnectionManagerRequest", "result":"SYNC_SERVER_OK", "context":{"environment":"Prod_southeastasia_prod-s01-064-apac-southeastasia", "migrationStage":"NotStarted", "server":"akswtt110000008"}}
{"logTime": "0123/012627", "correlationVector":"9lfzjjXJIVfSu/2aQA1pyW.2","action":"GetUpdates Response", "result":"Success", "context":Received 0 update(s). cV=9lfzjjXJIVfSu/2aQA1pyW.0;server=akswtt110000008;cloudType=Consumer;environment=Prod_southeastasia_prod-s01-064-apac-southeastasia;migrationStage=NotStarted}
{"logTime": "0123/012627", "correlationVector":"R6LbCOnigLzI+BvG+qqXpI","action":"Commit Request", "result":"", "context":Item count: 4
Contributing types: Sessions, History}
{"logTime": "0123/012628", "correlationVector":"R6LbCOnigLzI+BvG+qqXpI.1","action":"SyncServerConnectionManagerRequest", "result":"SYNC_SERVER_OK", "context":{"environment":"Prod_southeastasia_prod-s01-064-apac-southeastasia", "migrationStage":"NotStarted", "server":"akswtt110000008"}}
{"logTime": "0123/012628", "correlationVector":"R6LbCOnigLzI+BvG+qqXpI.2","action":"Commit Response", "result":"Success", "context":Result: Success. cV=R6LbCOnigLzI+BvG+qqXpI.0;server=akswtt110000008;cloudType=Consumer;environment=Prod_southeastasia_prod-s01-064-apac-southeastasia;migrationStage=NotStarted}
{"logTime": "0123/012630", "correlationVector":"Mz3TKclKA8xs/kRJcluEdx","action":"Normal GetUpdate request", "result":"", "context":cV=Mz3TKclKA8xs/kRJcluEdx
Nudged types: Sessions, History
Notified types: Preferences}
{"logTime": "0123/012630", "correlationVector":"Mz3TKclKA8xs/kRJcluEdx.1","action":"SyncServerConnectionManagerRequest", "result":"SYNC_SERVER_OK", "context":{"environment":"Prod_southeastasia_prod-s01-064-apac-southeastasia", "migrationStage":"NotStarted", "server":"akswtt110000008"}}
{"logTime": "0123/012630", "correlationVector":"Mz3TKclKA8xs/kRJcluEdx.2","action":"ProcessGetUpdates", "result":"Done", "context":{"dataType":"Preferences", "deleted":"0", "process_failed_to_decrypt":"0", "process_pending_decryption":"0", "process_success":"1", "total":"1"}}
{"logTime": "0123/012630", "correlationVector":"Mz3TKclKA8xs/kRJcluEdx.3","action":"ProcessGetUpdates", "result":"Done", "context":{"dataType":"Sessions", "deleted":"0", "process_failed_to_decrypt":"0", "process_pending_decryption":"0", "process_success":"1", "total":"1"}}
{"logTime": "0123/012630", "correlationVector":"Mz3TKclKA8xs/kRJcluEdx.4","action":"ProcessGetUpdates", "result":"Done", "context":{"dataType":"History", "deleted":"0", "process_failed_to_decrypt":"0", "process_pending_decryption":"0", "process_success":"3", "total":"3"}}
{"logTime": "0123/012630", "correlationVector":"Mz3TKclKA8xs/kRJcluEdx.5","action":"GetUpdates Response", "result":"Success", "context":Received 5 update(s). cV=Mz3TKclKA8xs/kRJcluEdx.0;server=akswtt110000008;cloudType=Consumer;environment=Prod_southeastasia_prod-s01-064-apac-southeastasia;migrationStage=NotStarted}
{"logTime": "0123/013029", "correlationVector":"AuoWQ6bhLbKkOD82h6Hb14","action":"Normal GetUpdate request", "result":"", "context":cV=AuoWQ6bhLbKkOD82h6Hb14
Nudged types: Preferences, Sessions, History
Refresh requested types: Bookmarks, Preferences, Passwords, Autofill Profiles, Autofill, Extensions, Sessions, Extension settings, History Delete Directives, Device Info, User Consents, Send Tab To Self, Web Apps, History, Saved Tab Group, WebAuthn Credentials, Collection, Edge E Drop, Edge Hub App Usage, Edge Wallet, Encryption Keys}
{"logTime": "0123/013030", "correlationVector":"AuoWQ6bhLbKkOD82h6Hb14.1","action":"SyncServerConnectionManagerRequest", "result":"SYNC_SERVER_OK", "context":{"environment":"Prod_southeastasia_prod-s01-065-apac-southeastasia", "migrationStage":"NotStarted", "server":"akswtt11000000a"}}
{"logTime": "0123/013030", "correlationVector":"AuoWQ6bhLbKkOD82h6Hb14.2","action":"GetUpdates Response", "result":"Success", "context":Received 0 update(s). cV=AuoWQ6bhLbKkOD82h6Hb14.0;server=akswtt11000000a;cloudType=Consumer;environment=Prod_southeastasia_prod-s01-065-apac-southeastasia;migrationStage=NotStarted}
{"logTime": "0123/013030", "correlationVector":"XsEXtwsH/tOhRayAifSJbB","action":"Commit Request", "result":"", "context":Item count: 6
Contributing types: Preferences, Sessions, History}
{"logTime": "0123/013030", "correlationVector":"XsEXtwsH/tOhRayAifSJbB.1","action":"SyncServerConnectionManagerRequest", "result":"SYNC_SERVER_OK", "context":{"environment":"Prod_southeastasia_prod-s01-065-apac-southeastasia", "migrationStage":"NotStarted", "server":"akswtt110000010"}}
{"logTime": "0123/013030", "correlationVector":"XsEXtwsH/tOhRayAifSJbB.3","action":"Commit.Sessions", "result":"Success", "context":{"id":"180ea724-5a22-4dd7-b763-9c4603d8856d", "isDeleted":"true", "size":"0", "version":"1769131591050"}}
{"logTime": "0123/013030", "correlationVector":"XsEXtwsH/tOhRayAifSJbB.2","action":"Commit Response", "result":"Success", "context":Result: Success. cV=XsEXtwsH/tOhRayAifSJbB.0;server=akswtt110000010;cloudType=Consumer;environment=Prod_southeastasia_prod-s01-065-apac-southeastasia;migrationStage=NotStarted}
{"logTime": "0123/013032", "correlationVector":"fm4lOdPbhLf5l6mGnjRoBL","action":"Normal GetUpdate request", "result":"", "context":cV=fm4lOdPbhLf5l6mGnjRoBL
Nudged types: Preferences, Sessions, History
Notified types: History}
{"logTime": "0123/013033", "correlationVector":"fm4lOdPbhLf5l6mGnjRoBL.1","action":"SyncServerConnectionManagerRequest", "result":"SYNC_SERVER_OK", "context":{"environment":"Prod_southeastasia_prod-s01-065-apac-southeastasia", "migrationStage":"NotStarted", "server":"akswtt11000000m"}}
{"logTime": "0123/013033", "correlationVector":"fm4lOdPbhLf5l6mGnjRoBL.2","action":"ProcessGetUpdates", "result":"Done", "context":{"dataType":"Preferences", "deleted":"0", "process_failed_to_decrypt":"0", "process_pending_decryption":"0", "process_success":"1", "total":"1"}}
{"logTime": "0123/013033", "correlationVector":"fm4lOdPbhLf5l6mGnjRoBL.3","action":"ProcessGetUpdates", "result":"Done", "context":{"dataType":"Sessions", "deleted":"1", "process_failed_to_decrypt":"0", "process_pending_decryption":"0", "process_success":"8", "total":"8"}}
{"logTime": "0123/013033", "correlationVector":"fm4lOdPbhLf5l6mGnjRoBL.4","action":"ProcessGetUpdates", "result":"Done", "context":{"dataType":"History", "deleted":"0", "process_failed_to_decrypt":"0", "process_pending_decryption":"0", "process_success":"10", "total":"10"}}
{"logTime": "0123/013033", "correlationVector":"fm4lOdPbhLf5l6mGnjRoBL.5","action":"GetUpdates Response", "result":"Success", "context":Received 19 update(s). cV=fm4lOdPbhLf5l6mGnjRoBL.0;server=akswtt11000000m;cloudType=Consumer;environment=Prod_southeastasia_prod-s01-065-apac-southeastasia;migrationStage=NotStarted}
{"logTime": "0123/013033", "correlationVector":"EE+cb1bfneeYucKz5gcJTi","action":"Commit Request", "result":"", "context":Item count: 2
Contributing types: Sessions, History}
{"logTime": "0123/013033", "correlationVector":"EE+cb1bfneeYucKz5gcJTi.1","action":"SyncServerConnectionManagerRequest", "result":"SYNC_SERVER_OK", "context":{"environment":"Prod_southeastasia_prod-s01-065-apac-southeastasia", "migrationStage":"NotStarted", "server":"akswtt11000000s"}}
{"logTime": "0123/013033", "correlationVector":"EE+cb1bfneeYucKz5gcJTi.2","action":"Commit Response", "result":"Success", "context":Result: Success. cV=EE+cb1bfneeYucKz5gcJTi.0;server=akswtt11000000s;cloudType=Consumer;environment=Prod_southeastasia_prod-s01-065-apac-southeastasia;migrationStage=NotStarted}
{"logTime": "0125/040346", "correlationVector":"vWCeMLAi0WjDLMxvbP2TVO","action":"Normal GetUpdate request", "result":"", "context":cV=vWCeMLAi0WjDLMxvbP2TVO
Nudged types: Sessions, Device Info, History
Refresh requested types: Bookmarks, Preferences, Passwords, Autofill Profiles, Autofill, Extensions, Sessions, Extension settings, History Delete Directives, Device Info, User Consents, Send Tab To Self, Web Apps, History, Saved Tab Group, WebAuthn Credentials, Collection, Edge E Drop, Edge Hub App Usage, Edge Wallet, Encryption Keys}
{"logTime": "0125/040348", "correlationVector":"vWCeMLAi0WjDLMxvbP2TVO.1","action":"SyncServerConnectionManagerRequest", "result":"SYNC_SERVER_OK", "context":{"environment":"Prod_southeastasia_prod-s01-064-apac-southeastasia", "migrationStage":"NotStarted", "server":"akswtt110000015"}}
{"logTime": "0125/040348", "correlationVector":"vWCeMLAi0WjDLMxvbP2TVO.2","action":"ProcessGetUpdates", "result":"Done", "context":{"dataType":"Bookmarks", "deleted":"0", "process_failed_to_decrypt":"0", "process_pending_decryption":"0", "process_success":"2", "total":"2"}}
{"logTime": "0125/040348", "correlationVector":"vWCeMLAi0WjDLMxvbP2TVO.3","action":"ProcessGetUpdates", "result":"Done", "context":{"dataType":"Preferences", "deleted":"0", "process_failed_to_decrypt":"0", "process_pending_decryption":"0", "process_success":"3", "total":"3"}}
{"logTime": "0125/040348", "correlationVector":"vWCeMLAi0WjDLMxvbP2TVO.4","action":"ProcessGetUpdates", "result":"Done", "context":{"dataType":"Passwords", "deleted":"1", "process_failed_to_decrypt":"0", "process_pending_decryption":"0", "process_success":"56", "total":"56"}}
{"logTime": "0125/040348", "correlationVector":"vWCeMLAi0WjDLMxvbP2TVO.5","action":"ProcessGetUpdates", "result":"Done", "context":{"dataType":"Autofill Profiles", "deleted":"0", "process_failed_to_decrypt":"0", "process_pending_decryption":"0", "process_success":"3", "total":"3"}}
{"logTime": "0125/040348", "correlationVector":"vWCeMLAi0WjDLMxvbP2TVO.6","action":"ProcessGetUpdates", "result":"Done", "context":{"dataType":"Autofill", "deleted":"0", "process_failed_to_decrypt":"0", "process_pending_decryption":"0", "process_success":"11", "total":"11"}}
{"logTime": "0125/040348", "correlationVector":"vWCeMLAi0WjDLMxvbP2TVO.7","action":"ProcessGetUpdates", "result":"Done", "context":{"dataType":"Sessions", "deleted":"38", "process_failed_to_decrypt":"0", "process_pending_decryption":"0", "process_success":"44", "total":"44"}}
{"logTime": "0125/040348", "correlationVector":"vWCeMLAi0WjDLMxvbP2TVO.8","action":"ProcessGetUpdates", "result":"Done", "context":{"dataType":"Extension settings", "deleted":"0", "process_failed_to_decrypt":"0", "process_pending_decryption":"0", "process_success":"5", "total":"5"}}
{"logTime": "0125/040348", "correlationVector":"vWCeMLAi0WjDLMxvbP2TVO.9","action":"ProcessGetUpdates", "result":"Done", "context":{"dataType":"History", "deleted":"0", "process_failed_to_decrypt":"0", "process_pending_decryption":"0", "process_success":"250", "total":"250"}}
{"logTime": "0125/040348", "correlationVector":"vWCeMLAi0WjDLMxvbP2TVO.10","action":"ProcessGetUpdates", "result":"Done", "context":{"dataType":"Edge Hub App Usage", "deleted":"0", "process_failed_to_decrypt":"0", "process_pending_decryption":"0", "process_success":"1", "total":"1"}}
{"logTime": "0125/040348", "correlationVector":"vWCeMLAi0WjDLMxvbP2TVO.11","action":"GetUpdates Response", "result":"Success", "context":Received 375 update(s). cV=vWCeMLAi0WjDLMxvbP2TVO.0;server=akswtt110000015;cloudType=Consumer;environment=Prod_southeastasia_prod-s01-064-apac-southeastasia;migrationStage=NotStarted Some updates remain.}
{"logTime": "0125/040348", "correlationVector":"qkKOljIK+yiTvqgvU65pYd","action":"Normal GetUpdate request", "result":"", "context":cV=qkKOljIK+yiTvqgvU65pYd
Nudged types: Sessions, Device Info, History
Refresh requested types: Bookmarks, Preferences, Passwords, Autofill Profiles, Autofill, Extensions, Sessions, Extension settings, History Delete Directives, Device Info, User Consents, Send Tab To Self, Web Apps, History, Saved Tab Group, WebAuthn Credentials, Collection, Edge E Drop, Edge Hub App Usage, Edge Wallet, Encryption Keys}
{"logTime": "0125/040349", "correlationVector":"qkKOljIK+yiTvqgvU65pYd.1","action":"SyncServerConnectionManagerRequest", "result":"SYNC_SERVER_OK", "context":{"environment":"Prod_southeastasia_prod-s01-064-apac-southeastasia", "migrationStage":"NotStarted", "server":"akswtt11000000j"}}
{"logTime": "0125/040349", "correlationVector":"qkKOljIK+yiTvqgvU65pYd.2","action":"ProcessGetUpdates", "result":"Done", "context":{"dataType":"Preferences", "deleted":"0", "process_failed_to_decrypt":"0", "process_pending_decryption":"0", "process_success":"5", "total":"5"}}
{"logTime": "0125/040349", "correlationVector":"qkKOljIK+yiTvqgvU65pYd.3","action":"ProcessGetUpdates", "result":"Done", "context":{"dataType":"Sessions", "deleted":"12", "process_failed_to_decrypt":"0", "process_pending_decryption":"0", "process_success":"33", "total":"33"}}
{"logTime": "0125/040349", "correlationVector":"qkKOljIK+yiTvqgvU65pYd.4","action":"ProcessGetUpdates", "result":"Done", "context":{"dataType":"History", "deleted":"0", "process_failed_to_decrypt":"0", "process_pending_decryption":"0", "process_success":"56", "total":"56"}}
{"logTime": "0125/040349", "correlationVector":"qkKOljIK+yiTvqgvU65pYd.5","action":"GetUpdates Response", "result":"Success", "context":Received 94 update(s). cV=qkKOljIK+yiTvqgvU65pYd.0;server=akswtt11000000j;cloudType=Consumer;environment=Prod_southeastasia_prod-s01-064-apac-southeastasia;migrationStage=NotStarted}
{"logTime": "0125/040349", "correlationVector":"Z0qrvdwPxNMfvtbXTpbUZm","action":"Commit Request", "result":"", "context":Item count: 27
Contributing types: Sessions, Device Info, History}
{"logTime": "0125/040350", "correlationVector":"Z0qrvdwPxNMfvtbXTpbUZm.1","action":"SyncServerConnectionManagerRequest", "result":"SYNC_SERVER_OK", "context":{"environment":"Prod_southeastasia_prod-s01-064-apac-southeastasia", "migrationStage":"NotStarted", "server":"akswtt11000000q"}}
{"logTime": "0125/040350", "correlationVector":"Z0qrvdwPxNMfvtbXTpbUZm.2","action":"Commit Response", "result":"Success", "context":Result: Success. cV=Z0qrvdwPxNMfvtbXTpbUZm.0;server=akswtt11000000q;cloudType=Consumer;environment=Prod_southeastasia_prod-s01-064-apac-southeastasia;migrationStage=NotStarted}
{"logTime": "0125/040351", "correlationVector":"FOKQSMJFlA+Kaez7f6Jc1f","action":"SyncServerConnectionManagerRequest", "result":"SYNC_SERVER_OK", "context":{"environment":"", "migrationStage":"", "server":""}}
{"logTime": "0125/040351", "correlationVector":"FOKQSMJFlA+Kaez7f6Jc1f.0","action":"EncryptionKeysFetcher.DownloadKeys:", "result":"Success", "context":Key count: 5, Last key timestamp: 2025-10-08T13:53:41Z}
{"logTime": "0125/040351", "correlationVector":"FOKQSMJFlA+Kaez7f6Jc1f.1","action":"EncryptionKeysManager::SetEncryptionKeys:", "result":"Success", "context":Key names[5]:[G+0XbBtUS89eRtvwWDmDX7v1uuYvk4AIg4eyOyxBnVIq5ISy9vC+8ITJad0Jlu6dKbi+EAiUakxvokka5Qc8mQ==][xLZdBMBPfYl+o7gVaYPtypKjqd97jzlH1wY15dmUocyV5eFnDrAN7mpwSNMn9jRtfN8cjW9PS4dHvHz+Mv8tSg==][/ymJB2pp1WjdsYsBxgMUDup6UB8naooEMBYT+qoQVcXn5cBS48phRzIcTzK639RGN0X4S+zDL8RvvAiVWTedmA==][sqvpsR70zKKP4iaZ8w5sfovSmHu0ByVd7dmN5zcU5UPpjMuY0jIY8lMR/vjhzSds1U8Ogzegz79MFhS9PS1dVg==][QOP6FCUsdLMWGmSLrEFYNHM4KUMj5isRgRn2laO66r/cVtUgpXRtqjdTF+9yvFSyYRz39cGRnTYm3sbnV8iUIQ==]}
{"logTime": "0125/040351", "correlationVector":"FOKQSMJFlA+Kaez7f6Jc1f.2","action":"EncryptionKeysManager::SetEncryptionKeysWithTimestamps:", "result":"Success", "context":Key timestamps[5]:[2023-09-25T09:25:16Z][2024-03-24T07:17:41Z][2024-10-10T06:06:50Z][2025-04-09T03:04:37Z][2025-10-08T13:53:41Z]}
{"logTime": "0125/040351", "correlationVector":"LuBoUqskoI52zlQw6mZkoM","action":"Commit Request", "result":"", "context":Item count: 1
Contributing types: Sessions}
{"logTime": "0125/040351", "correlationVector":"LuBoUqskoI52zlQw6mZkoM.1","action":"SyncServerConnectionManagerRequest", "result":"SYNC_SERVER_OK", "context":{"environment":"Prod_southeastasia_prod-s01-064-apac-southeastasia", "migrationStage":"NotStarted", "server":"akswtt11000000q"}}
{"logTime": "0125/040351", "correlationVector":"LuBoUqskoI52zlQw6mZkoM.2","action":"Commit Response", "result":"Success", "context":Result: Success. cV=LuBoUqskoI52zlQw6mZkoM.0;server=akswtt11000000q;cloudType=Consumer;environment=Prod_southeastasia_prod-s01-064-apac-southeastasia;migrationStage=NotStarted}
{"logTime": "0125/040351", "correlationVector":"Pgpn8Puq6HF/82p25pDtPR","action":"Poll GetUpdate request", "result":"", "context":cV=Pgpn8Puq6HF/82p25pDtPR}
{"logTime": "0125/040351", "correlationVector":"Pgpn8Puq6HF/82p25pDtPR.1","action":"SyncServerConnectionManagerRequest", "result":"SYNC_SERVER_OK", "context":{"environment":"Prod_southeastasia_prod-s01-064-apac-southeastasia", "migrationStage":"NotStarted", "server":"akswtt11000000j"}}
{"logTime": "0125/040351", "correlationVector":"Pgpn8Puq6HF/82p25pDtPR.2","action":"ProcessGetUpdates", "result":"Done", "context":{"dataType":"Sessions", "deleted":"0", "process_failed_to_decrypt":"0", "process_pending_decryption":"0", "process_success":"2", "total":"2"}}
{"logTime": "0125/040351", "correlationVector":"Pgpn8Puq6HF/82p25pDtPR.3","action":"ProcessGetUpdates", "result":"Done", "context":{"dataType":"History", "deleted":"0", "process_failed_to_decrypt":"0", "process_pending_decryption":"0", "process_success":"24", "total":"24"}}
{"logTime": "0125/040351", "correlationVector":"Pgpn8Puq6HF/82p25pDtPR.4","action":"GetUpdates Response", "result":"Success", "context":Received 26 update(s). cV=Pgpn8Puq6HF/82p25pDtPR.0;server=akswtt11000000j;cloudType=Consumer;environment=Prod_southeastasia_prod-s01-064-apac-southeastasia;migrationStage=NotStarted}
{"logTime": "0125/040547", "correlationVector":"kmS8bYQCUSxQcw//6u4ER4","action":"Commit Request", "result":"", "context":Item count: 1
Contributing types: Device Info}
{"logTime": "0125/040548", "correlationVector":"kmS8bYQCUSxQcw//6u4ER4.1","action":"SyncServerConnectionManagerRequest", "result":"SYNC_SERVER_OK", "context":{"environment":"Prod_southeastasia_prod-s01-064-apac-southeastasia", "migrationStage":"NotStarted", "server":"akswtt11000000u"}}
{"logTime": "0125/040548", "correlationVector":"kmS8bYQCUSxQcw//6u4ER4.2","action":"Commit Response", "result":"Success", "context":Result: Success. cV=kmS8bYQCUSxQcw//6u4ER4.0;server=akswtt11000000u;cloudType=Consumer;environment=Prod_southeastasia_prod-s01-064-apac-southeastasia;migrationStage=NotStarted}
