{"logTime": "0122/113558", "correlationVector":"n6ej3RJhoxLgUD6CoxTbr1.1","action":"SyncServerConnectionManagerRequest", "result":"SYNC_SERVER_OK", "context":{"environment":"Prod_southeastasia_prod-s01-064-apac-southeastasia", "migrationStage":"NotStarted", "server":"akswtt11000000y"}}
{"logTime": "0122/113558", "correlationVector":"n6ej3RJhoxLgUD6CoxTbr1.2","action":"ProcessGetUpdates", "result":"Done", "context":{"dataType":"Encryption Keys", "deleted":"0", "process_failed_to_decrypt":"0", "process_pending_decryption":"0", "process_success":"1", "total":"1"}}
{"logTime": "0122/113559", "correlationVector":"op2ditsGskGZbGR9/TLCh1","action":"SyncServerConnectionManagerRequest", "result":"SYNC_SERVER_OK", "context":{"environment":"", "migrationStage":"", "server":""}}
{"logTime": "0122/113559", "correlationVector":"op2ditsGskGZbGR9/TLCh1.0","action":"EncryptionKeysFetcher.DownloadKeys:", "result":"Success", "context":Key count: 5, Last key timestamp: 2025-10-08T13:53:41Z}
{"logTime": "0122/113559", "correlationVector":"op2ditsGskGZbGR9/TLCh1.1","action":"EncryptionKeysManager::SetEncryptionKeys:", "result":"Success", "context":Key names[5]:[G+0XbBtUS89eRtvwWDmDX7v1uuYvk4AIg4eyOyxBnVIq5ISy9vC+8ITJad0Jlu6dKbi+EAiUakxvokka5Qc8mQ==][xLZdBMBPfYl+o7gVaYPtypKjqd97jzlH1wY15dmUocyV5eFnDrAN7mpwSNMn9jRtfN8cjW9PS4dHvHz+Mv8tSg==][/ymJB2pp1WjdsYsBxgMUDup6UB8naooEMBYT+qoQVcXn5cBS48phRzIcTzK639RGN0X4S+zDL8RvvAiVWTedmA==][sqvpsR70zKKP4iaZ8w5sfovSmHu0ByVd7dmN5zcU5UPpjMuY0jIY8lMR/vjhzSds1U8Ogzegz79MFhS9PS1dVg==][QOP6FCUsdLMWGmSLrEFYNHM4KUMj5isRgRn2laO66r/cVtUgpXRtqjdTF+9yvFSyYRz39cGRnTYm3sbnV8iUIQ==]}
{"logTime": "0122/113559", "correlationVector":"op2ditsGskGZbGR9/TLCh1.2","action":"EncryptionKeysManager::SetEncryptionKeysWithTimestamps:", "result":"Success", "context":Key timestamps[5]:[2023-09-25T09:25:16Z][2024-03-24T07:17:41Z][2024-10-10T06:06:50Z][2025-04-09T03:04:37Z][2025-10-08T13:53:41Z]}
{"logTime": "0122/113559", "correlationVector":"n6ej3RJhoxLgUD6CoxTbr1","action":"Initial GetUpdates", "result":"", "context":Reason: NEW_CLIENT. cV=n6ej3RJhoxLgUD6CoxTbr1}
{"logTime": "0122/113559", "correlationVector":"n6ej3RJhoxLgUD6CoxTbr1.3","action":"GetUpdates Response", "result":"Success", "context":Received 1 update(s). cV=n6ej3RJhoxLgUD6CoxTbr1.0;server=akswtt11000000y;cloudType=Consumer;environment=Prod_southeastasia_prod-s01-064-apac-southeastasia;migrationStage=NotStarted}
{"logTime": "0122/113559", "correlationVector":"JjjFl1whVBFa6iZkZuSGby","action":"Initial GetUpdates", "result":"", "context":Reason: NEWLY_SUPPORTED_DATATYPE. cV=JjjFl1whVBFa6iZkZuSGby}
{"logTime": "0122/113559", "correlationVector":"JjjFl1whVBFa6iZkZuSGby.1","action":"SyncServerConnectionManagerRequest", "result":"SYNC_SERVER_OK", "context":{"environment":"Prod_southeastasia_prod-s01-064-apac-southeastasia", "migrationStage":"NotStarted", "server":"akswtt11000000p"}}
{"logTime": "0122/113559", "correlationVector":"JjjFl1whVBFa6iZkZuSGby.2","action":"ProcessGetUpdates", "result":"Done", "context":{"dataType":"Preferences", "deleted":"1", "process_failed_to_decrypt":"0", "process_pending_decryption":"0", "process_success":"105", "total":"105"}}
{"logTime": "0122/113559", "correlationVector":"JjjFl1whVBFa6iZkZuSGby.3","action":"ProcessGetUpdates", "result":"Done", "context":{"dataType":"Passwords", "deleted":"0", "process_failed_to_decrypt":"0", "process_pending_decryption":"0", "process_success":"55", "total":"55"}}
{"logTime": "0122/113559", "correlationVector":"JjjFl1whVBFa6iZkZuSGby.4","action":"GetUpdates Response", "result":"Success", "context":Received 160 update(s). cV=JjjFl1whVBFa6iZkZuSGby.0;server=akswtt11000000p;cloudType=Consumer;environment=Prod_southeastasia_prod-s01-064-apac-southeastasia;migrationStage=NotStarted}
{"logTime": "0122/113559", "correlationVector":"EGUZSlxgOXg9CPhGql4MOC","action":"Initial GetUpdates", "result":"", "context":Reason: NEWLY_SUPPORTED_DATATYPE. cV=EGUZSlxgOXg9CPhGql4MOC}
{"logTime": "0122/113600", "correlationVector":"EGUZSlxgOXg9CPhGql4MOC.1","action":"SyncServerConnectionManagerRequest", "result":"SYNC_SERVER_OK", "context":{"environment":"Prod_southeastasia_prod-s01-064-apac-southeastasia", "migrationStage":"NotStarted", "server":"akswtt110000006"}}
{"logTime": "0122/113600", "correlationVector":"EGUZSlxgOXg9CPhGql4MOC.2","action":"ProcessGetUpdates", "result":"Done", "context":{"dataType":"Bookmarks", "deleted":"48", "process_failed_to_decrypt":"0", "process_pending_decryption":"0", "process_success":"65", "total":"65"}}
{"logTime": "0122/113600", "correlationVector":"EGUZSlxgOXg9CPhGql4MOC.3","action":"GetUpdates Response", "result":"Success", "context":Received 65 update(s). cV=EGUZSlxgOXg9CPhGql4MOC.0;server=akswtt110000006;cloudType=Consumer;environment=Prod_southeastasia_prod-s01-064-apac-southeastasia;migrationStage=NotStarted}
{"logTime": "0122/113600", "correlationVector":"uTEkDi/MiBzJGpio12W2vc","action":"Initial GetUpdates", "result":"", "context":Reason: NEWLY_SUPPORTED_DATATYPE. cV=uTEkDi/MiBzJGpio12W2vc}
{"logTime": "0122/113602", "correlationVector":"uTEkDi/MiBzJGpio12W2vc.1","action":"SyncServerConnectionManagerRequest", "result":"SYNC_SERVER_OK", "context":{"environment":"Prod_southeastasia_prod-s01-064-apac-southeastasia", "migrationStage":"NotStarted", "server":"akswtt11000000s"}}
{"logTime": "0122/113602", "correlationVector":"uTEkDi/MiBzJGpio12W2vc.2","action":"ProcessGetUpdates", "result":"Done", "context":{"dataType":"Autofill", "deleted":"0", "process_failed_to_decrypt":"0", "process_pending_decryption":"0", "process_success":"127", "total":"127"}}
{"logTime": "0122/113602", "correlationVector":"uTEkDi/MiBzJGpio12W2vc.3","action":"ProcessGetUpdates", "result":"Done", "context":{"dataType":"Extensions", "deleted":"0", "process_failed_to_decrypt":"0", "process_pending_decryption":"0", "process_success":"2", "total":"2"}}
{"logTime": "0122/113602", "correlationVector":"uTEkDi/MiBzJGpio12W2vc.4","action":"ProcessGetUpdates", "result":"Done", "context":{"dataType":"Sessions", "deleted":"121", "process_failed_to_decrypt":"0", "process_pending_decryption":"0", "process_success":"121", "total":"121"}}
{"logTime": "0122/113602", "correlationVector":"uTEkDi/MiBzJGpio12W2vc.5","action":"GetUpdates Response", "result":"Success", "context":Received 250 update(s). cV=uTEkDi/MiBzJGpio12W2vc.0;server=akswtt11000000s;cloudType=Consumer;environment=Prod_southeastasia_prod-s01-064-apac-southeastasia;migrationStage=NotStarted Some updates remain.}
{"logTime": "0122/113602", "correlationVector":"bhHT35IN/MU7mAFZOTH7RN","action":"Initial GetUpdates", "result":"", "context":Reason: NEWLY_SUPPORTED_DATATYPE. cV=bhHT35IN/MU7mAFZOTH7RN}
{"logTime": "0122/113603", "correlationVector":"bhHT35IN/MU7mAFZOTH7RN.1","action":"SyncServerConnectionManagerRequest", "result":"SYNC_SERVER_OK", "context":{"environment":"Prod_southeastasia_prod-s01-064-apac-southeastasia", "migrationStage":"NotStarted", "server":"akswtt110000003"}}
{"logTime": "0122/113603", "correlationVector":"bhHT35IN/MU7mAFZOTH7RN.2","action":"ProcessGetUpdates", "result":"Done", "context":{"dataType":"Autofill", "deleted":"0", "process_failed_to_decrypt":"0", "process_pending_decryption":"0", "process_success":"9", "total":"9"}}
{"logTime": "0122/113603", "correlationVector":"bhHT35IN/MU7mAFZOTH7RN.3","action":"ProcessGetUpdates", "result":"Done", "context":{"dataType":"Sessions", "deleted":"239", "process_failed_to_decrypt":"0", "process_pending_decryption":"0", "process_success":"239", "total":"239"}}
{"logTime": "0122/113603", "correlationVector":"bhHT35IN/MU7mAFZOTH7RN.4","action":"ProcessGetUpdates", "result":"Done", "context":{"dataType":"Edge Hub App Usage", "deleted":"1", "process_failed_to_decrypt":"0", "process_pending_decryption":"0", "process_success":"2", "total":"2"}}
{"logTime": "0122/113603", "correlationVector":"bhHT35IN/MU7mAFZOTH7RN.5","action":"GetUpdates Response", "result":"Success", "context":Received 250 update(s). cV=bhHT35IN/MU7mAFZOTH7RN.0;server=akswtt110000003;cloudType=Consumer;environment=Prod_southeastasia_prod-s01-064-apac-southeastasia;migrationStage=NotStarted Some updates remain.}
{"logTime": "0122/113603", "correlationVector":"6nBy7xIPsuPpI6aDivuvhY","action":"Initial GetUpdates", "result":"", "context":Reason: NEWLY_SUPPORTED_DATATYPE. cV=6nBy7xIPsuPpI6aDivuvhY}
{"logTime": "0122/113604", "correlationVector":"6nBy7xIPsuPpI6aDivuvhY.1","action":"SyncServerConnectionManagerRequest", "result":"SYNC_SERVER_OK", "context":{"environment":"Prod_southeastasia_prod-s01-064-apac-southeastasia", "migrationStage":"NotStarted", "server":"akswtt11000000f"}}
{"logTime": "0122/113604", "correlationVector":"6nBy7xIPsuPpI6aDivuvhY.2","action":"ProcessGetUpdates", "result":"Done", "context":{"dataType":"Autofill Profiles", "deleted":"0", "process_failed_to_decrypt":"0", "process_pending_decryption":"0", "process_success":"1", "total":"1"}}
{"logTime": "0122/113604", "correlationVector":"6nBy7xIPsuPpI6aDivuvhY.3","action":"ProcessGetUpdates", "result":"Done", "context":{"dataType":"Autofill", "deleted":"0", "process_failed_to_decrypt":"0", "process_pending_decryption":"0", "process_success":"11", "total":"11"}}
{"logTime": "0122/113604", "correlationVector":"6nBy7xIPsuPpI6aDivuvhY.4","action":"ProcessGetUpdates", "result":"Done", "context":{"dataType":"Sessions", "deleted":"230", "process_failed_to_decrypt":"0", "process_pending_decryption":"0", "process_success":"230", "total":"230"}}
{"logTime": "0122/113604", "correlationVector":"6nBy7xIPsuPpI6aDivuvhY.5","action":"ProcessGetUpdates", "result":"Done", "context":{"dataType":"Edge Hub App Usage", "deleted":"0", "process_failed_to_decrypt":"0", "process_pending_decryption":"0", "process_success":"8", "total":"8"}}
{"logTime": "0122/113604", "correlationVector":"6nBy7xIPsuPpI6aDivuvhY.6","action":"GetUpdates Response", "result":"Success", "context":Received 250 update(s). cV=6nBy7xIPsuPpI6aDivuvhY.0;server=akswtt11000000f;cloudType=Consumer;environment=Prod_southeastasia_prod-s01-064-apac-southeastasia;migrationStage=NotStarted Some updates remain.}
{"logTime": "0122/113604", "correlationVector":"WO/AG4n6fs6tAz6v1bPAt2","action":"Initial GetUpdates", "result":"", "context":Reason: NEWLY_SUPPORTED_DATATYPE. cV=WO/AG4n6fs6tAz6v1bPAt2}
{"logTime": "0122/113605", "correlationVector":"WO/AG4n6fs6tAz6v1bPAt2.1","action":"SyncServerConnectionManagerRequest", "result":"SYNC_SERVER_OK", "context":{"environment":"Prod_southeastasia_prod-s01-064-apac-southeastasia", "migrationStage":"NotStarted", "server":"akswtt110000003"}}
{"logTime": "0122/113605", "correlationVector":"WO/AG4n6fs6tAz6v1bPAt2.2","action":"ProcessGetUpdates", "result":"Done", "context":{"dataType":"Autofill", "deleted":"0", "process_failed_to_decrypt":"0", "process_pending_decryption":"0", "process_success":"10", "total":"10"}}
{"logTime": "0122/113605", "correlationVector":"WO/AG4n6fs6tAz6v1bPAt2.3","action":"ProcessGetUpdates", "result":"Done", "context":{"dataType":"Sessions", "deleted":"238", "process_failed_to_decrypt":"0", "process_pending_decryption":"0", "process_success":"238", "total":"238"}}
{"logTime": "0122/113605", "correlationVector":"WO/AG4n6fs6tAz6v1bPAt2.4","action":"ProcessGetUpdates", "result":"Done", "context":{"dataType":"Edge Hub App Usage", "deleted":"1", "process_failed_to_decrypt":"0", "process_pending_decryption":"0", "process_success":"2", "total":"2"}}
{"logTime": "0122/113605", "correlationVector":"WO/AG4n6fs6tAz6v1bPAt2.5","action":"GetUpdates Response", "result":"Success", "context":Received 250 update(s). cV=WO/AG4n6fs6tAz6v1bPAt2.0;server=akswtt110000003;cloudType=Consumer;environment=Prod_southeastasia_prod-s01-064-apac-southeastasia;migrationStage=NotStarted Some updates remain.}
{"logTime": "0122/113605", "correlationVector":"bzdEv9TN1JSOLPXjgQtGM5","action":"Initial GetUpdates", "result":"", "context":Reason: NEWLY_SUPPORTED_DATATYPE. cV=bzdEv9TN1JSOLPXjgQtGM5}
{"logTime": "0122/113609", "correlationVector":"bzdEv9TN1JSOLPXjgQtGM5.1","action":"SyncServerConnectionManagerRequest", "result":"SYNC_SERVER_OK", "context":{"environment":"Prod_southeastasia_prod-s01-064-apac-southeastasia", "migrationStage":"NotStarted", "server":"akswtt11000000d"}}
{"logTime": "0122/113609", "correlationVector":"bzdEv9TN1JSOLPXjgQtGM5.2","action":"ProcessGetUpdates", "result":"Done", "context":{"dataType":"Autofill", "deleted":"0", "process_failed_to_decrypt":"0", "process_pending_decryption":"0", "process_success":"3", "total":"3"}}
{"logTime": "0122/113609", "correlationVector":"bzdEv9TN1JSOLPXjgQtGM5.3","action":"ProcessGetUpdates", "result":"Done", "context":{"dataType":"Sessions", "deleted":"246", "process_failed_to_decrypt":"0", "process_pending_decryption":"0", "process_success":"246", "total":"246"}}
{"logTime": "0122/113609", "correlationVector":"bzdEv9TN1JSOLPXjgQtGM5.4","action":"ProcessGetUpdates", "result":"Done", "context":{"dataType":"Edge Hub App Usage", "deleted":"0", "process_failed_to_decrypt":"0", "process_pending_decryption":"0", "process_success":"1", "total":"1"}}
{"logTime": "0122/113609", "correlationVector":"bzdEv9TN1JSOLPXjgQtGM5.5","action":"GetUpdates Response", "result":"Success", "context":Received 250 update(s). cV=bzdEv9TN1JSOLPXjgQtGM5.0;server=akswtt11000000d;cloudType=Consumer;environment=Prod_southeastasia_prod-s01-064-apac-southeastasia;migrationStage=NotStarted Some updates remain.}
{"logTime": "0122/113609", "correlationVector":"EZ1RssUEio2+48ZT44UYB7","action":"Initial GetUpdates", "result":"", "context":Reason: NEWLY_SUPPORTED_DATATYPE. cV=EZ1RssUEio2+48ZT44UYB7}
{"logTime": "0122/113610", "correlationVector":"EZ1RssUEio2+48ZT44UYB7.1","action":"SyncServerConnectionManagerRequest", "result":"SYNC_SERVER_OK", "context":{"environment":"Prod_southeastasia_prod-s01-064-apac-southeastasia", "migrationStage":"NotStarted", "server":"akswtt11000000k"}}
{"logTime": "0122/113610", "correlationVector":"EZ1RssUEio2+48ZT44UYB7.2","action":"ProcessGetUpdates", "result":"Done", "context":{"dataType":"Autofill Profiles", "deleted":"0", "process_failed_to_decrypt":"0", "process_pending_decryption":"0", "process_success":"1", "total":"1"}}
{"logTime": "0122/113610", "correlationVector":"EZ1RssUEio2+48ZT44UYB7.3","action":"ProcessGetUpdates", "result":"Done", "context":{"dataType":"Autofill", "deleted":"0", "process_failed_to_decrypt":"0", "process_pending_decryption":"0", "process_success":"23", "total":"23"}}
{"logTime": "0122/113610", "correlationVector":"EZ1RssUEio2+48ZT44UYB7.4","action":"ProcessGetUpdates", "result":"Done", "context":{"dataType":"Sessions", "deleted":"221", "process_failed_to_decrypt":"0", "process_pending_decryption":"0", "process_success":"225", "total":"225"}}
{"logTime": "0122/113610", "correlationVector":"EZ1RssUEio2+48ZT44UYB7.5","action":"ProcessGetUpdates", "result":"Done", "context":{"dataType":"Edge Hub App Usage", "deleted":"1", "process_failed_to_decrypt":"0", "process_pending_decryption":"0", "process_success":"1", "total":"1"}}
{"logTime": "0122/113610", "correlationVector":"EZ1RssUEio2+48ZT44UYB7.6","action":"GetUpdates Response", "result":"Success", "context":Received 250 update(s). cV=EZ1RssUEio2+48ZT44UYB7.0;server=akswtt11000000k;cloudType=Consumer;environment=Prod_southeastasia_prod-s01-064-apac-southeastasia;migrationStage=NotStarted Some updates remain.}
{"logTime": "0122/113610", "correlationVector":"cLvOuWvF++28D/mGSMpPCN","action":"Initial GetUpdates", "result":"", "context":Reason: NEWLY_SUPPORTED_DATATYPE. cV=cLvOuWvF++28D/mGSMpPCN}
{"logTime": "0122/113611", "correlationVector":"cLvOuWvF++28D/mGSMpPCN.1","action":"SyncServerConnectionManagerRequest", "result":"SYNC_SERVER_OK", "context":{"environment":"Prod_southeastasia_prod-s01-064-apac-southeastasia", "migrationStage":"NotStarted", "server":"akswtt110000006"}}
{"logTime": "0122/113611", "correlationVector":"cLvOuWvF++28D/mGSMpPCN.2","action":"ProcessGetUpdates", "result":"Done", "context":{"dataType":"Autofill", "deleted":"0", "process_failed_to_decrypt":"0", "process_pending_decryption":"0", "process_success":"8", "total":"8"}}
{"logTime": "0122/113611", "correlationVector":"cLvOuWvF++28D/mGSMpPCN.3","action":"ProcessGetUpdates", "result":"Done", "context":{"dataType":"Extensions", "deleted":"0", "process_failed_to_decrypt":"0", "process_pending_decryption":"0", "process_success":"1", "total":"1"}}
{"logTime": "0122/113611", "correlationVector":"cLvOuWvF++28D/mGSMpPCN.4","action":"ProcessGetUpdates", "result":"Done", "context":{"dataType":"Sessions", "deleted":"151", "process_failed_to_decrypt":"0", "process_pending_decryption":"0", "process_success":"164", "total":"164"}}
{"logTime": "0122/113611", "correlationVector":"cLvOuWvF++28D/mGSMpPCN.5","action":"ProcessGetUpdates", "result":"Done", "context":{"dataType":"Extension settings", "deleted":"0", "process_failed_to_decrypt":"0", "process_pending_decryption":"0", "process_success":"76", "total":"76"}}
{"logTime": "0122/113611", "correlationVector":"cLvOuWvF++28D/mGSMpPCN.6","action":"ProcessGetUpdates", "result":"Done", "context":{"dataType":"WebAuthn Credentials", "deleted":"0", "process_failed_to_decrypt":"0", "process_pending_decryption":"0", "process_success":"1", "total":"1"}}
{"logTime": "0122/113611", "correlationVector":"cLvOuWvF++28D/mGSMpPCN.7","action":"GetUpdates Response", "result":"Success", "context":Received 250 update(s). cV=cLvOuWvF++28D/mGSMpPCN.0;server=akswtt110000006;cloudType=Consumer;environment=Prod_southeastasia_prod-s01-064-apac-southeastasia;migrationStage=NotStarted Some updates remain.}
{"logTime": "0122/113611", "correlationVector":"Hnn3xncKH9P3CXxwZBrxLg","action":"Initial GetUpdates", "result":"", "context":Reason: NEWLY_SUPPORTED_DATATYPE. cV=Hnn3xncKH9P3CXxwZBrxLg}
{"logTime": "0122/113611", "correlationVector":"Hnn3xncKH9P3CXxwZBrxLg.1","action":"SyncServerConnectionManagerRequest", "result":"SYNC_SERVER_OK", "context":{"environment":"Prod_southeastasia_prod-s01-064-apac-southeastasia", "migrationStage":"NotStarted", "server":"akswtt110000015"}}
{"logTime": "0122/113611", "correlationVector":"Hnn3xncKH9P3CXxwZBrxLg.2","action":"ProcessGetUpdates", "result":"Done", "context":{"dataType":"Autofill Profiles", "deleted":"0", "process_failed_to_decrypt":"0", "process_pending_decryption":"0", "process_success":"2", "total":"2"}}
{"logTime": "0122/113611", "correlationVector":"Hnn3xncKH9P3CXxwZBrxLg.3","action":"ProcessGetUpdates", "result":"Done", "context":{"dataType":"Autofill", "deleted":"0", "process_failed_to_decrypt":"0", "process_pending_decryption":"0", "process_success":"1", "total":"1"}}
{"logTime": "0122/113611", "correlationVector":"Hnn3xncKH9P3CXxwZBrxLg.4","action":"ProcessGetUpdates", "result":"Done", "context":{"dataType":"Extensions", "deleted":"0", "process_failed_to_decrypt":"0", "process_pending_decryption":"0", "process_success":"1", "total":"1"}}
{"logTime": "0122/113611", "correlationVector":"Hnn3xncKH9P3CXxwZBrxLg.5","action":"ProcessGetUpdates", "result":"Done", "context":{"dataType":"Sessions", "deleted":"62", "process_failed_to_decrypt":"0", "process_pending_decryption":"0", "process_success":"75", "total":"75"}}
{"logTime": "0122/113611", "correlationVector":"Hnn3xncKH9P3CXxwZBrxLg.6","action":"ProcessGetUpdates", "result":"Done", "context":{"dataType":"Extension settings", "deleted":"0", "process_failed_to_decrypt":"0", "process_pending_decryption":"0", "process_success":"8", "total":"8"}}
{"logTime": "0122/113611", "correlationVector":"Hnn3xncKH9P3CXxwZBrxLg.7","action":"GetUpdates Response", "result":"Success", "context":Received 87 update(s). cV=Hnn3xncKH9P3CXxwZBrxLg.0;server=akswtt110000015;cloudType=Consumer;environment=Prod_southeastasia_prod-s01-064-apac-southeastasia;migrationStage=NotStarted}
{"logTime": "0122/113611", "correlationVector":"T0ZvTdX/fSQVa2U172PwFH","action":"Initial GetUpdates", "result":"", "context":Reason: NEWLY_SUPPORTED_DATATYPE. cV=T0ZvTdX/fSQVa2U172PwFH}
{"logTime": "0122/113613", "correlationVector":"T0ZvTdX/fSQVa2U172PwFH.1","action":"SyncServerConnectionManagerRequest", "result":"SYNC_SERVER_OK", "context":{"environment":"Prod_southeastasia_prod-s01-064-apac-southeastasia", "migrationStage":"NotStarted", "server":"akswtt110000003"}}
{"logTime": "0122/113613", "correlationVector":"T0ZvTdX/fSQVa2U172PwFH.2","action":"ProcessGetUpdates", "result":"Done", "context":{"dataType":"History", "deleted":"0", "process_failed_to_decrypt":"0", "process_pending_decryption":"0", "process_success":"250", "total":"250"}}
{"logTime": "0122/113613", "correlationVector":"T0ZvTdX/fSQVa2U172PwFH.3","action":"GetUpdates Response", "result":"Success", "context":Received 250 update(s). cV=T0ZvTdX/fSQVa2U172PwFH.0;server=akswtt110000003;cloudType=Consumer;environment=Prod_southeastasia_prod-s01-064-apac-southeastasia;migrationStage=NotStarted Some updates remain.}
{"logTime": "0122/113613", "correlationVector":"06JJ0dRWxvEv4qPVFKp+/2","action":"Initial GetUpdates", "result":"", "context":Reason: NEWLY_SUPPORTED_DATATYPE. cV=06JJ0dRWxvEv4qPVFKp+/2}
{"logTime": "0122/113616", "correlationVector":"06JJ0dRWxvEv4qPVFKp+/2.1","action":"SyncServerConnectionManagerRequest", "result":"SYNC_SERVER_OK", "context":{"environment":"Prod_southeastasia_prod-s01-064-apac-southeastasia", "migrationStage":"NotStarted", "server":"akswtt110000002"}}
{"logTime": "0122/113616", "correlationVector":"06JJ0dRWxvEv4qPVFKp+/2.2","action":"ProcessGetUpdates", "result":"Done", "context":{"dataType":"History", "deleted":"0", "process_failed_to_decrypt":"0", "process_pending_decryption":"0", "process_success":"250", "total":"250"}}
{"logTime": "0122/113616", "correlationVector":"06JJ0dRWxvEv4qPVFKp+/2.3","action":"GetUpdates Response", "result":"Success", "context":Received 250 update(s). cV=06JJ0dRWxvEv4qPVFKp+/2.0;server=akswtt110000002;cloudType=Consumer;environment=Prod_southeastasia_prod-s01-064-apac-southeastasia;migrationStage=NotStarted Some updates remain.}
{"logTime": "0122/113616", "correlationVector":"aEqGEdEKclzWLaRsRkdWhg","action":"Initial GetUpdates", "result":"", "context":Reason: NEWLY_SUPPORTED_DATATYPE. cV=aEqGEdEKclzWLaRsRkdWhg}
{"logTime": "0122/113617", "correlationVector":"aEqGEdEKclzWLaRsRkdWhg.1","action":"SyncServerConnectionManagerRequest", "result":"SYNC_SERVER_OK", "context":{"environment":"Prod_southeastasia_prod-s01-064-apac-southeastasia", "migrationStage":"NotStarted", "server":"akswtt110000002"}}
{"logTime": "0122/113617", "correlationVector":"aEqGEdEKclzWLaRsRkdWhg.2","action":"ProcessGetUpdates", "result":"Done", "context":{"dataType":"History", "deleted":"0", "process_failed_to_decrypt":"0", "process_pending_decryption":"0", "process_success":"250", "total":"250"}}
{"logTime": "0122/113617", "correlationVector":"aEqGEdEKclzWLaRsRkdWhg.3","action":"GetUpdates Response", "result":"Success", "context":Received 250 update(s). cV=aEqGEdEKclzWLaRsRkdWhg.0;server=akswtt110000002;cloudType=Consumer;environment=Prod_southeastasia_prod-s01-064-apac-southeastasia;migrationStage=NotStarted Some updates remain.}
{"logTime": "0122/113617", "correlationVector":"jA3FJCpj/Rbr0pYJZAP61l","action":"Initial GetUpdates", "result":"", "context":Reason: NEWLY_SUPPORTED_DATATYPE. cV=jA3FJCpj/Rbr0pYJZAP61l}
{"logTime": "0122/113619", "correlationVector":"jA3FJCpj/Rbr0pYJZAP61l.1","action":"SyncServerConnectionManagerRequest", "result":"SYNC_SERVER_OK", "context":{"environment":"Prod_southeastasia_prod-s01-064-apac-southeastasia", "migrationStage":"NotStarted", "server":"akswtt11000000a"}}
{"logTime": "0122/113619", "correlationVector":"jA3FJCpj/Rbr0pYJZAP61l.2","action":"ProcessGetUpdates", "result":"Done", "context":{"dataType":"History", "deleted":"0", "process_failed_to_decrypt":"0", "process_pending_decryption":"0", "process_success":"250", "total":"250"}}
{"logTime": "0122/113619", "correlationVector":"jA3FJCpj/Rbr0pYJZAP61l.3","action":"GetUpdates Response", "result":"Success", "context":Received 250 update(s). cV=jA3FJCpj/Rbr0pYJZAP61l.0;server=akswtt11000000a;cloudType=Consumer;environment=Prod_southeastasia_prod-s01-064-apac-southeastasia;migrationStage=NotStarted Some updates remain.}
{"logTime": "0122/113619", "correlationVector":"cnuG++0gRqBpUuTejaFvAh","action":"Initial GetUpdates", "result":"", "context":Reason: NEWLY_SUPPORTED_DATATYPE. cV=cnuG++0gRqBpUuTejaFvAh}
{"logTime": "0122/113620", "correlationVector":"cnuG++0gRqBpUuTejaFvAh.1","action":"SyncServerConnectionManagerRequest", "result":"SYNC_SERVER_OK", "context":{"environment":"Prod_southeastasia_prod-s01-064-apac-southeastasia", "migrationStage":"NotStarted", "server":"akswtt110000008"}}
{"logTime": "0122/113620", "correlationVector":"cnuG++0gRqBpUuTejaFvAh.2","action":"ProcessGetUpdates", "result":"Done", "context":{"dataType":"History", "deleted":"0", "process_failed_to_decrypt":"0", "process_pending_decryption":"0", "process_success":"250", "total":"250"}}
{"logTime": "0122/113620", "correlationVector":"cnuG++0gRqBpUuTejaFvAh.3","action":"GetUpdates Response", "result":"Success", "context":Received 250 update(s). cV=cnuG++0gRqBpUuTejaFvAh.0;server=akswtt110000008;cloudType=Consumer;environment=Prod_southeastasia_prod-s01-064-apac-southeastasia;migrationStage=NotStarted Some updates remain.}
{"logTime": "0122/113620", "correlationVector":"enGq71Gtb+ylrKI6yAU/2N","action":"Initial GetUpdates", "result":"", "context":Reason: NEWLY_SUPPORTED_DATATYPE. cV=enGq71Gtb+ylrKI6yAU/2N}
{"logTime": "0122/113623", "correlationVector":"enGq71Gtb+ylrKI6yAU/2N.1","action":"SyncServerConnectionManagerRequest", "result":"SYNC_SERVER_OK", "context":{"environment":"Prod_southeastasia_prod-s01-064-apac-southeastasia", "migrationStage":"NotStarted", "server":"akswtt110000004"}}
{"logTime": "0122/113623", "correlationVector":"enGq71Gtb+ylrKI6yAU/2N.2","action":"ProcessGetUpdates", "result":"Done", "context":{"dataType":"History", "deleted":"0", "process_failed_to_decrypt":"0", "process_pending_decryption":"0", "process_success":"250", "total":"250"}}
{"logTime": "0122/113623", "correlationVector":"enGq71Gtb+ylrKI6yAU/2N.3","action":"GetUpdates Response", "result":"Success", "context":Received 250 update(s). cV=enGq71Gtb+ylrKI6yAU/2N.0;server=akswtt110000004;cloudType=Consumer;environment=Prod_southeastasia_prod-s01-064-apac-southeastasia;migrationStage=NotStarted Some updates remain.}
{"logTime": "0122/113623", "correlationVector":"nyclQ4KrguWs6mWwyrlSek","action":"Initial GetUpdates", "result":"", "context":Reason: NEWLY_SUPPORTED_DATATYPE. cV=nyclQ4KrguWs6mWwyrlSek}
{"logTime": "0122/113624", "correlationVector":"nyclQ4KrguWs6mWwyrlSek.1","action":"SyncServerConnectionManagerRequest", "result":"SYNC_SERVER_OK", "context":{"environment":"Prod_southeastasia_prod-s01-064-apac-southeastasia", "migrationStage":"NotStarted", "server":"akswtt110000009"}}
{"logTime": "0122/113624", "correlationVector":"nyclQ4KrguWs6mWwyrlSek.2","action":"ProcessGetUpdates", "result":"Done", "context":{"dataType":"History", "deleted":"0", "process_failed_to_decrypt":"0", "process_pending_decryption":"0", "process_success":"250", "total":"250"}}
{"logTime": "0122/113624", "correlationVector":"nyclQ4KrguWs6mWwyrlSek.3","action":"GetUpdates Response", "result":"Success", "context":Received 250 update(s). cV=nyclQ4KrguWs6mWwyrlSek.0;server=akswtt110000009;cloudType=Consumer;environment=Prod_southeastasia_prod-s01-064-apac-southeastasia;migrationStage=NotStarted Some updates remain.}
{"logTime": "0122/113624", "correlationVector":"h0BsyPZ+NPQ5Jt7lCcsBNt","action":"Initial GetUpdates", "result":"", "context":Reason: NEWLY_SUPPORTED_DATATYPE. cV=h0BsyPZ+NPQ5Jt7lCcsBNt}
{"logTime": "0122/113625", "correlationVector":"h0BsyPZ+NPQ5Jt7lCcsBNt.1","action":"SyncServerConnectionManagerRequest", "result":"SYNC_SERVER_OK", "context":{"environment":"Prod_southeastasia_prod-s01-064-apac-southeastasia", "migrationStage":"NotStarted", "server":"akswtt11000000c"}}
{"logTime": "0122/113625", "correlationVector":"h0BsyPZ+NPQ5Jt7lCcsBNt.2","action":"ProcessGetUpdates", "result":"Done", "context":{"dataType":"History", "deleted":"0", "process_failed_to_decrypt":"0", "process_pending_decryption":"0", "process_success":"250", "total":"250"}}
{"logTime": "0122/113625", "correlationVector":"h0BsyPZ+NPQ5Jt7lCcsBNt.3","action":"GetUpdates Response", "result":"Success", "context":Received 250 update(s). cV=h0BsyPZ+NPQ5Jt7lCcsBNt.0;server=akswtt11000000c;cloudType=Consumer;environment=Prod_southeastasia_prod-s01-064-apac-southeastasia;migrationStage=NotStarted Some updates remain.}
{"logTime": "0122/113625", "correlationVector":"qc4aknxxumzCKNe3Dr77Cv","action":"Initial GetUpdates", "result":"", "context":Reason: NEWLY_SUPPORTED_DATATYPE. cV=qc4aknxxumzCKNe3Dr77Cv}
{"logTime": "0122/113627", "correlationVector":"qc4aknxxumzCKNe3Dr77Cv.1","action":"SyncServerConnectionManagerRequest", "result":"SYNC_SERVER_OK", "context":{"environment":"Prod_southeastasia_prod-s01-064-apac-southeastasia", "migrationStage":"NotStarted", "server":"akswtt110000002"}}
{"logTime": "0122/113627", "correlationVector":"qc4aknxxumzCKNe3Dr77Cv.2","action":"ProcessGetUpdates", "result":"Done", "context":{"dataType":"History", "deleted":"0", "process_failed_to_decrypt":"0", "process_pending_decryption":"0", "process_success":"250", "total":"250"}}
{"logTime": "0122/113627", "correlationVector":"qc4aknxxumzCKNe3Dr77Cv.3","action":"GetUpdates Response", "result":"Success", "context":Received 250 update(s). cV=qc4aknxxumzCKNe3Dr77Cv.0;server=akswtt110000002;cloudType=Consumer;environment=Prod_southeastasia_prod-s01-064-apac-southeastasia;migrationStage=NotStarted Some updates remain.}
{"logTime": "0122/113627", "correlationVector":"RIYp1RmLJHEG9xmb3j68EE","action":"Initial GetUpdates", "result":"", "context":Reason: NEWLY_SUPPORTED_DATATYPE. cV=RIYp1RmLJHEG9xmb3j68EE}
{"logTime": "0122/113628", "correlationVector":"RIYp1RmLJHEG9xmb3j68EE.1","action":"SyncServerConnectionManagerRequest", "result":"SYNC_SERVER_OK", "context":{"environment":"Prod_southeastasia_prod-s01-064-apac-southeastasia", "migrationStage":"NotStarted", "server":"akswtt11000000c"}}
{"logTime": "0122/113628", "correlationVector":"RIYp1RmLJHEG9xmb3j68EE.2","action":"ProcessGetUpdates", "result":"Done", "context":{"dataType":"History", "deleted":"0", "process_failed_to_decrypt":"0", "process_pending_decryption":"0", "process_success":"250", "total":"250"}}
{"logTime": "0122/113628", "correlationVector":"RIYp1RmLJHEG9xmb3j68EE.3","action":"GetUpdates Response", "result":"Success", "context":Received 250 update(s). cV=RIYp1RmLJHEG9xmb3j68EE.0;server=akswtt11000000c;cloudType=Consumer;environment=Prod_southeastasia_prod-s01-064-apac-southeastasia;migrationStage=NotStarted Some updates remain.}
{"logTime": "0122/113628", "correlationVector":"aR57xouoXq+q5iCSyLdSm5","action":"Initial GetUpdates", "result":"", "context":Reason: NEWLY_SUPPORTED_DATATYPE. cV=aR57xouoXq+q5iCSyLdSm5}
{"logTime": "0122/113629", "correlationVector":"aR57xouoXq+q5iCSyLdSm5.1","action":"SyncServerConnectionManagerRequest", "result":"SYNC_SERVER_OK", "context":{"environment":"Prod_southeastasia_prod-s01-064-apac-southeastasia", "migrationStage":"NotStarted", "server":"akswtt110000002"}}
{"logTime": "0122/113629", "correlationVector":"aR57xouoXq+q5iCSyLdSm5.2","action":"ProcessGetUpdates", "result":"Done", "context":{"dataType":"History", "deleted":"0", "process_failed_to_decrypt":"0", "process_pending_decryption":"0", "process_success":"155", "total":"155"}}
{"logTime": "0122/113629", "correlationVector":"aR57xouoXq+q5iCSyLdSm5.3","action":"GetUpdates Response", "result":"Success", "context":Received 155 update(s). cV=aR57xouoXq+q5iCSyLdSm5.0;server=akswtt110000002;cloudType=Consumer;environment=Prod_southeastasia_prod-s01-064-apac-southeastasia;migrationStage=NotStarted}
{"logTime": "0122/113629", "correlationVector":"6qdz2QJfwS3BNvwYVjcSCE","action":"Normal GetUpdate request", "result":"", "context":cV=6qdz2QJfwS3BNvwYVjcSCE
Nudged types: Sessions, Device Info, User Consents, History
Refresh requested types: Bookmarks, Preferences, Passwords, Autofill Profiles, Autofill, Extensions, Sessions, Extension settings, History Delete Directives, Device Info, User Consents, Send Tab To Self, Web Apps, History, Saved Tab Group, WebAuthn Credentials, Collection, Edge E Drop, Edge Hub App Usage, Edge Wallet, Encryption Keys}
{"logTime": "0122/113629", "correlationVector":"6qdz2QJfwS3BNvwYVjcSCE.1","action":"SyncServerConnectionManagerRequest", "result":"SYNC_SERVER_OK", "context":{"environment":"Prod_southeastasia_prod-s01-064-apac-southeastasia", "migrationStage":"NotStarted", "server":"akswtt11000000i"}}
{"logTime": "0122/113629", "correlationVector":"6qdz2QJfwS3BNvwYVjcSCE.2","action":"GetUpdates Response", "result":"Success", "context":Received 0 update(s). cV=6qdz2QJfwS3BNvwYVjcSCE.0;server=akswtt11000000i;cloudType=Consumer;environment=Prod_southeastasia_prod-s01-064-apac-southeastasia;migrationStage=NotStarted}
{"logTime": "0122/113629", "correlationVector":"cjWmHIHWBCIgtsNaoHFzBW","action":"Commit Request", "result":"", "context":Item count: 6
Contributing types: Sessions, Device Info, User Consents, History}
{"logTime": "0122/113630", "correlationVector":"cjWmHIHWBCIgtsNaoHFzBW.1","action":"SyncServerConnectionManagerRequest", "result":"SYNC_SERVER_OK", "context":{"environment":"Prod_southeastasia_prod-s01-064-apac-southeastasia", "migrationStage":"NotStarted", "server":"akswtt110000002"}}
{"logTime": "0122/113630", "correlationVector":"cjWmHIHWBCIgtsNaoHFzBW.2","action":"Commit Response", "result":"Success", "context":Result: Success. cV=cjWmHIHWBCIgtsNaoHFzBW.0;server=akswtt110000002;cloudType=Consumer;environment=Prod_southeastasia_prod-s01-064-apac-southeastasia;migrationStage=NotStarted}
{"logTime": "0122/113633", "correlationVector":"g60qRX8WexQBldo48MRkYe","action":"Normal GetUpdate request", "result":"", "context":cV=g60qRX8WexQBldo48MRkYe
Notified types: History}
{"logTime": "0122/113634", "correlationVector":"g60qRX8WexQBldo48MRkYe.1","action":"SyncServerConnectionManagerRequest", "result":"SYNC_SERVER_OK", "context":{"environment":"Prod_southeastasia_prod-s01-064-apac-southeastasia", "migrationStage":"NotStarted", "server":"akswtt110000015"}}
{"logTime": "0122/113634", "correlationVector":"g60qRX8WexQBldo48MRkYe.2","action":"ProcessGetUpdates", "result":"Done", "context":{"dataType":"Sessions", "deleted":"0", "process_failed_to_decrypt":"0", "process_pending_decryption":"0", "process_success":"5", "total":"5"}}
{"logTime": "0122/113634", "correlationVector":"g60qRX8WexQBldo48MRkYe.3","action":"ProcessGetUpdates", "result":"Done", "context":{"dataType":"History", "deleted":"0", "process_failed_to_decrypt":"0", "process_pending_decryption":"0", "process_success":"2", "total":"2"}}
{"logTime": "0122/113634", "correlationVector":"g60qRX8WexQBldo48MRkYe.4","action":"GetUpdates Response", "result":"Success", "context":Received 7 update(s). cV=g60qRX8WexQBldo48MRkYe.0;server=akswtt110000015;cloudType=Consumer;environment=Prod_southeastasia_prod-s01-064-apac-southeastasia;migrationStage=NotStarted}
{"logTime": "0122/113634", "correlationVector":"XCZEM/wRNfG5ITGQpJsHHb","action":"DoCompareDataConsistency requsted types: ", "result":"Bookmarks, Preferences, Passwords, Extensions, Extension settings, History Delete Directives, Send Tab To Self, Web Apps, History, Saved Tab Group, WebAuthn Credentials, Collection, Edge E Drop, Edge Wallet, Encryption Keys"}
{"logTime": "0122/113634", "correlationVector":"XCZEM/wRNfG5ITGQpJsHHb.0","action":"CompareDataConsistency result: ", "result":"Compare result: Encryption Keys is consistent. local entities count is: 1 local entities hash is: ABBb/cGme6hFAb/p725UCzM8Sq0="}
{"logTime": "0122/113634", "correlationVector":"XCZEM/wRNfG5ITGQpJsHHb.1","action":"CompareDataConsistency result: ", "result":"Compare result: Bookmarks is consistent. local entities count is: 11 local entities hash is: HBonL0q7+SPPf4ozCftox+FIgVA="}
{"logTime": "0122/113634", "correlationVector":"XCZEM/wRNfG5ITGQpJsHHb.2","action":"CompareDataConsistency result: ", "result":"Compare result: Preferences is consistent. local entities count is: 104 local entities hash is: 1nFtnJiVGSzWZ4f5RfbN2odKjUA="}
{"logTime": "0122/113634", "correlationVector":"XCZEM/wRNfG5ITGQpJsHHb.3","action":"CompareDataConsistency result: ", "result":"Compare result: Extensions is consistent. local entities count is: 4 local entities hash is: mr+P4sBE5Nbk29i5aUCGdIq14Ow="}
{"logTime": "0122/113634", "correlationVector":"XCZEM/wRNfG5ITGQpJsHHb.4","action":"CompareDataConsistency result: ", "result":"Compare result: Extension settings is consistent. local entities count is: 84 local entities hash is: Q4mx0GqvFAJOQhzTZppKBxopSl0="}
{"logTime": "0122/113634", "correlationVector":"XCZEM/wRNfG5ITGQpJsHHb.5","action":"CompareDataConsistency result: ", "result":"Compare result: History Delete Directives is consistent. local entities count is: 0 local entities hash is: "}
{"logTime": "0122/113634", "correlationVector":"XCZEM/wRNfG5ITGQpJsHHb.6","action":"CompareDataConsistency result: ", "result":"Server did not send this Send Tab To Self local entities count is: 0 local entities hash is: "}
{"logTime": "0122/113634", "correlationVector":"XCZEM/wRNfG5ITGQpJsHHb.7","action":"CompareDataConsistency result: ", "result":"Compare result: Web Apps is consistent. local entities count is: 0 local entities hash is: "}
{"logTime": "0122/113634", "correlationVector":"XCZEM/wRNfG5ITGQpJsHHb.8","action":"CompareDataConsistency result: ", "result":"Server did not send this History local entities count is: 0 local entities hash is: "}
{"logTime": "0122/113634", "correlationVector":"XCZEM/wRNfG5ITGQpJsHHb.9","action":"CompareDataConsistency result: ", "result":"Compare result: Saved Tab Group is consistent. local entities count is: 0 local entities hash is: "}
{"logTime": "0122/113634", "correlationVector":"XCZEM/wRNfG5ITGQpJsHHb.10","action":"CompareDataConsistency result: ", "result":"Server did not send this WebAuthn Credentials local entities count is: 1 local entities hash is: RDFeMjksOuLfBbbi1HYi1+2QepQ="}
{"logTime": "0122/113634", "correlationVector":"XCZEM/wRNfG5ITGQpJsHHb.11","action":"CompareDataConsistency result: ", "result":"Compare result: Collection is consistent. local entities count is: 0 local entities hash is: "}
{"logTime": "0122/113634", "correlationVector":"XCZEM/wRNfG5ITGQpJsHHb.12","action":"CompareDataConsistency result: ", "result":"Compare result: Edge E Drop is consistent. local entities count is: 0 local entities hash is: "}
{"logTime": "0122/113634", "correlationVector":"XCZEM/wRNfG5ITGQpJsHHb.13","action":"CompareDataConsistency result: ", "result":"Compare result: Edge Wallet is consistent. local entities count is: 0 local entities hash is: "}
{"logTime": "0122/113634", "correlationVector":"XCZEM/wRNfG5ITGQpJsHHb.14","action":"CompareDataConsistency result: ", "result":"Compare result: Passwords is consistent. local entities count is: 55 local entities hash is: hm0QAZT9P7StQsVPZvyKGTrKbZY="}
{"logTime": "0122/113634", "correlationVector":"","action":"DIAGNOSTIC_REQUEST|v1/diagnosticData/Diagnostic.SendCheckResult()|SUCCESS", "result":""}
{"logTime": "0122/113655", "correlationVector":"P86gsZxa4fntctsUWTJClD","action":"Commit Request", "result":"", "context":Item count: 40
Contributing types: Passwords}
{"logTime": "0122/113657", "correlationVector":"P86gsZxa4fntctsUWTJClD.1","action":"SyncServerConnectionManagerRequest", "result":"SYNC_SERVER_OK", "context":{"environment":"Prod_southeastasia_prod-s01-064-apac-southeastasia", "migrationStage":"NotStarted", "server":"akswtt11000000c"}}
{"logTime": "0122/113657", "correlationVector":"P86gsZxa4fntctsUWTJClD.2","action":"Commit Response", "result":"Success", "context":Result: Success. cV=P86gsZxa4fntctsUWTJClD.0;server=akswtt11000000c;cloudType=Consumer;environment=Prod_southeastasia_prod-s01-064-apac-southeastasia;migrationStage=NotStarted}
{"logTime": "0122/113657", "correlationVector":"ArAjOIsQjeUYRP2HPvtTch","action":"Commit Request", "result":"", "context":Item count: 14
Contributing types: Passwords}
{"logTime": "0122/113658", "correlationVector":"ArAjOIsQjeUYRP2HPvtTch.1","action":"SyncServerConnectionManagerRequest", "result":"SYNC_SERVER_OK", "context":{"environment":"Prod_southeastasia_prod-s01-064-apac-southeastasia", "migrationStage":"NotStarted", "server":"akswtt11000000c"}}
{"logTime": "0122/113658", "correlationVector":"ArAjOIsQjeUYRP2HPvtTch.2","action":"Commit Response", "result":"Success", "context":Result: Success. cV=ArAjOIsQjeUYRP2HPvtTch.0;server=akswtt11000000c;cloudType=Consumer;environment=Prod_southeastasia_prod-s01-064-apac-southeastasia;migrationStage=NotStarted}
{"logTime": "0122/113924", "correlationVector":"TZZ77hmDJWjriweBRHnt18","action":"Commit Request", "result":"", "context":Item count: 5
Contributing types: Sessions, Extension settings, History}
{"logTime": "0122/113925", "correlationVector":"TZZ77hmDJWjriweBRHnt18.1","action":"SyncServerConnectionManagerRequest", "result":"SYNC_SERVER_OK", "context":{"environment":"Prod_southeastasia_prod-s01-064-apac-southeastasia", "migrationStage":"NotStarted", "server":"akswtt11000000s"}}
{"logTime": "0122/113925", "correlationVector":"TZZ77hmDJWjriweBRHnt18.2","action":"Commit Response", "result":"Success", "context":Result: Success. cV=TZZ77hmDJWjriweBRHnt18.0;server=akswtt11000000s;cloudType=Consumer;environment=Prod_southeastasia_prod-s01-064-apac-southeastasia;migrationStage=NotStarted}
{"logTime": "0125/040616", "correlationVector":"hZwGVeCO8Q28Y3USCAUm+/","action":"Normal GetUpdate request", "result":"", "context":cV=hZwGVeCO8Q28Y3USCAUm+/
Nudged types: Sessions, Device Info, History
Refresh requested types: Bookmarks, Preferences, Passwords, Autofill Profiles, Autofill, Extensions, Sessions, Extension settings, History Delete Directives, Device Info, User Consents, Send Tab To Self, Web Apps, History, Saved Tab Group, WebAuthn Credentials, Collection, Edge E Drop, Edge Hub App Usage, Edge Wallet, Encryption Keys}
{"logTime": "0125/040618", "correlationVector":"hZwGVeCO8Q28Y3USCAUm+/.1","action":"SyncServerConnectionManagerRequest", "result":"SYNC_SERVER_OK", "context":{"environment":"Prod_southeastasia_prod-s01-064-apac-southeastasia", "migrationStage":"NotStarted", "server":"akswtt110000015"}}
{"logTime": "0125/040618", "correlationVector":"hZwGVeCO8Q28Y3USCAUm+/.2","action":"ProcessGetUpdates", "result":"Done", "context":{"dataType":"Bookmarks", "deleted":"0", "process_failed_to_decrypt":"0", "process_pending_decryption":"0", "process_success":"1", "total":"1"}}
{"logTime": "0125/040618", "correlationVector":"hZwGVeCO8Q28Y3USCAUm+/.3","action":"ProcessGetUpdates", "result":"Done", "context":{"dataType":"Preferences", "deleted":"0", "process_failed_to_decrypt":"0", "process_pending_decryption":"0", "process_success":"5", "total":"5"}}
{"logTime": "0125/040618", "correlationVector":"hZwGVeCO8Q28Y3USCAUm+/.4","action":"ProcessGetUpdates", "result":"Done", "context":{"dataType":"Passwords", "deleted":"1", "process_failed_to_decrypt":"0", "process_pending_decryption":"0", "process_success":"56", "total":"56"}}
{"logTime": "0125/040618", "correlationVector":"hZwGVeCO8Q28Y3USCAUm+/.5","action":"ProcessGetUpdates", "result":"Done", "context":{"dataType":"Autofill Profiles", "deleted":"0", "process_failed_to_decrypt":"0", "process_pending_decryption":"0", "process_success":"3", "total":"3"}}
{"logTime": "0125/040618", "correlationVector":"hZwGVeCO8Q28Y3USCAUm+/.6","action":"ProcessGetUpdates", "result":"Done", "context":{"dataType":"Autofill", "deleted":"0", "process_failed_to_decrypt":"0", "process_pending_decryption":"0", "process_success":"11", "total":"11"}}
{"logTime": "0125/040618", "correlationVector":"hZwGVeCO8Q28Y3USCAUm+/.7","action":"ProcessGetUpdates", "result":"Done", "context":{"dataType":"Sessions", "deleted":"53", "process_failed_to_decrypt":"0", "process_pending_decryption":"0", "process_success":"61", "total":"61"}}
{"logTime": "0125/040618", "correlationVector":"hZwGVeCO8Q28Y3USCAUm+/.8","action":"ProcessGetUpdates", "result":"Done", "context":{"dataType":"Extension settings", "deleted":"0", "process_failed_to_decrypt":"0", "process_pending_decryption":"0", "process_success":"3", "total":"3"}}
{"logTime": "0125/040618", "correlationVector":"hZwGVeCO8Q28Y3USCAUm+/.9","action":"ProcessGetUpdates", "result":"Done", "context":{"dataType":"History", "deleted":"0", "process_failed_to_decrypt":"0", "process_pending_decryption":"0", "process_success":"250", "total":"250"}}
{"logTime": "0125/040618", "correlationVector":"hZwGVeCO8Q28Y3USCAUm+/.10","action":"ProcessGetUpdates", "result":"Done", "context":{"dataType":"Edge Hub App Usage", "deleted":"0", "process_failed_to_decrypt":"0", "process_pending_decryption":"0", "process_success":"4", "total":"4"}}
{"logTime": "0125/040618", "correlationVector":"hZwGVeCO8Q28Y3USCAUm+/.11","action":"GetUpdates Response", "result":"Success", "context":Received 394 update(s). cV=hZwGVeCO8Q28Y3USCAUm+/.0;server=akswtt110000015;cloudType=Consumer;environment=Prod_southeastasia_prod-s01-064-apac-southeastasia;migrationStage=NotStarted Some updates remain.}
{"logTime": "0125/040618", "correlationVector":"e73HkLMOJ/z1dT4yVSxPqR","action":"Normal GetUpdate request", "result":"", "context":cV=e73HkLMOJ/z1dT4yVSxPqR
Nudged types: Sessions, Device Info, History
Refresh requested types: Bookmarks, Preferences, Passwords, Autofill Profiles, Autofill, Extensions, Sessions, Extension settings, History Delete Directives, Device Info, User Consents, Send Tab To Self, Web Apps, History, Saved Tab Group, WebAuthn Credentials, Collection, Edge E Drop, Edge Hub App Usage, Edge Wallet, Encryption Keys}
{"logTime": "0125/040619", "correlationVector":"e73HkLMOJ/z1dT4yVSxPqR.1","action":"SyncServerConnectionManagerRequest", "result":"SYNC_SERVER_OK", "context":{"environment":"Prod_southeastasia_prod-s01-064-apac-southeastasia", "migrationStage":"NotStarted", "server":"akswtt110000004"}}
{"logTime": "0125/040619", "correlationVector":"e73HkLMOJ/z1dT4yVSxPqR.2","action":"ProcessGetUpdates", "result":"Done", "context":{"dataType":"Bookmarks", "deleted":"0", "process_failed_to_decrypt":"0", "process_pending_decryption":"0", "process_success":"2", "total":"2"}}
{"logTime": "0125/040619", "correlationVector":"e73HkLMOJ/z1dT4yVSxPqR.3","action":"ProcessGetUpdates", "result":"Done", "context":{"dataType":"Preferences", "deleted":"0", "process_failed_to_decrypt":"0", "process_pending_decryption":"0", "process_success":"5", "total":"5"}}
{"logTime": "0125/040619", "correlationVector":"e73HkLMOJ/z1dT4yVSxPqR.4","action":"ProcessGetUpdates", "result":"Done", "context":{"dataType":"Sessions", "deleted":"19", "process_failed_to_decrypt":"0", "process_pending_decryption":"0", "process_success":"43", "total":"43"}}
{"logTime": "0125/040619", "correlationVector":"e73HkLMOJ/z1dT4yVSxPqR.5","action":"ProcessGetUpdates", "result":"Done", "context":{"dataType":"Extension settings", "deleted":"0", "process_failed_to_decrypt":"0", "process_pending_decryption":"0", "process_success":"3", "total":"3"}}
{"logTime": "0125/040619", "correlationVector":"e73HkLMOJ/z1dT4yVSxPqR.6","action":"ProcessGetUpdates", "result":"Done", "context":{"dataType":"History", "deleted":"0", "process_failed_to_decrypt":"0", "process_pending_decryption":"0", "process_success":"176", "total":"176"}}
{"logTime": "0125/040619", "correlationVector":"e73HkLMOJ/z1dT4yVSxPqR.7","action":"GetUpdates Response", "result":"Success", "context":Received 229 update(s). cV=e73HkLMOJ/z1dT4yVSxPqR.0;server=akswtt110000004;cloudType=Consumer;environment=Prod_southeastasia_prod-s01-064-apac-southeastasia;migrationStage=NotStarted}
{"logTime": "0125/040619", "correlationVector":"18RGm8QEDID6LM3WK7mZNH","action":"Commit Request", "result":"", "context":Item count: 7
Contributing types: Sessions, Device Info, History}
{"logTime": "0125/040620", "correlationVector":"18RGm8QEDID6LM3WK7mZNH.1","action":"SyncServerConnectionManagerRequest", "result":"SYNC_SERVER_OK", "context":{"environment":"Prod_southeastasia_prod-s01-064-apac-southeastasia", "migrationStage":"NotStarted", "server":"akswtt110000011"}}
{"logTime": "0125/040620", "correlationVector":"18RGm8QEDID6LM3WK7mZNH.3","action":"Commit.Sessions", "result":"Success", "context":{"id":"8e8bb359-0fe8-4e91-aac3-aba598e7e47a", "isDeleted":"true", "size":"0", "version":"1769081965882"}}
{"logTime": "0125/040620", "correlationVector":"18RGm8QEDID6LM3WK7mZNH.2","action":"Commit Response", "result":"Success", "context":Result: Success. cV=18RGm8QEDID6LM3WK7mZNH.0;server=akswtt110000011;cloudType=Consumer;environment=Prod_southeastasia_prod-s01-064-apac-southeastasia;migrationStage=NotStarted}
{"logTime": "0125/040620", "correlationVector":"O4IyakFlUXvvVxv0KkDlUv","action":"SyncServerConnectionManagerRequest", "result":"SYNC_SERVER_OK", "context":{"environment":"", "migrationStage":"", "server":""}}
{"logTime": "0125/040620", "correlationVector":"O4IyakFlUXvvVxv0KkDlUv.0","action":"EncryptionKeysFetcher.DownloadKeys:", "result":"Success", "context":Key count: 5, Last key timestamp: 2025-10-08T13:53:41Z}
{"logTime": "0125/040620", "correlationVector":"O4IyakFlUXvvVxv0KkDlUv.1","action":"EncryptionKeysManager::SetEncryptionKeys:", "result":"Success", "context":Key names[5]:[G+0XbBtUS89eRtvwWDmDX7v1uuYvk4AIg4eyOyxBnVIq5ISy9vC+8ITJad0Jlu6dKbi+EAiUakxvokka5Qc8mQ==][xLZdBMBPfYl+o7gVaYPtypKjqd97jzlH1wY15dmUocyV5eFnDrAN7mpwSNMn9jRtfN8cjW9PS4dHvHz+Mv8tSg==][/ymJB2pp1WjdsYsBxgMUDup6UB8naooEMBYT+qoQVcXn5cBS48phRzIcTzK639RGN0X4S+zDL8RvvAiVWTedmA==][sqvpsR70zKKP4iaZ8w5sfovSmHu0ByVd7dmN5zcU5UPpjMuY0jIY8lMR/vjhzSds1U8Ogzegz79MFhS9PS1dVg==][QOP6FCUsdLMWGmSLrEFYNHM4KUMj5isRgRn2laO66r/cVtUgpXRtqjdTF+9yvFSyYRz39cGRnTYm3sbnV8iUIQ==]}
{"logTime": "0125/040620", "correlationVector":"O4IyakFlUXvvVxv0KkDlUv.2","action":"EncryptionKeysManager::SetEncryptionKeysWithTimestamps:", "result":"Success", "context":Key timestamps[5]:[2023-09-25T09:25:16Z][2024-03-24T07:17:41Z][2024-10-10T06:06:50Z][2025-04-09T03:04:37Z][2025-10-08T13:53:41Z]}
{"logTime": "0125/040620", "correlationVector":"3goBwP8NtIveAF6e2+H5t6","action":"Poll GetUpdate request", "result":"", "context":cV=3goBwP8NtIveAF6e2+H5t6}
{"logTime": "0125/040621", "correlationVector":"3goBwP8NtIveAF6e2+H5t6.1","action":"SyncServerConnectionManagerRequest", "result":"SYNC_SERVER_OK", "context":{"environment":"Prod_southeastasia_prod-s01-064-apac-southeastasia", "migrationStage":"NotStarted", "server":"akswtt110000004"}}
{"logTime": "0125/040621", "correlationVector":"3goBwP8NtIveAF6e2+H5t6.2","action":"ProcessGetUpdates", "result":"Done", "context":{"dataType":"Sessions", "deleted":"1", "process_failed_to_decrypt":"0", "process_pending_decryption":"0", "process_success":"3", "total":"3"}}
{"logTime": "0125/040621", "correlationVector":"3goBwP8NtIveAF6e2+H5t6.3","action":"ProcessGetUpdates", "result":"Done", "context":{"dataType":"History", "deleted":"0", "process_failed_to_decrypt":"0", "process_pending_decryption":"0", "process_success":"3", "total":"3"}}
{"logTime": "0125/040621", "correlationVector":"3goBwP8NtIveAF6e2+H5t6.4","action":"GetUpdates Response", "result":"Success", "context":Received 6 update(s). cV=3goBwP8NtIveAF6e2+H5t6.0;server=akswtt110000004;cloudType=Consumer;environment=Prod_southeastasia_prod-s01-064-apac-southeastasia;migrationStage=NotStarted}
{"logTime": "0125/040747", "correlationVector":"va6AWNlX5w8sxMj9oOMR9O","action":"Commit Request", "result":"", "context":Item count: 5
Contributing types: Sessions, Device Info, History}
{"logTime": "0125/040747", "correlationVector":"va6AWNlX5w8sxMj9oOMR9O","action":"SyncServerConnectionManagerRequest", "result":"CONNECTION_UNAVAILABLE", "context":{"error_type":"net_error_code", "error_value":"-3"}}
