{"logTime": "0122/084029", "correlationVector":"xTsdJzm1U2o7c3qN1+GvBd.1","action":"SyncServerConnectionManagerRequest", "result":"SYNC_SERVER_OK", "context":{"environment":"Prod_southeastasia_prod-s01-064-apac-southeastasia", "migrationStage":"NotStarted", "server":"akswtt11000000d"}}
{"logTime": "0122/084029", "correlationVector":"xTsdJzm1U2o7c3qN1+GvBd.2","action":"ProcessGetUpdates", "result":"Done", "context":{"dataType":"Encryption Keys", "deleted":"0", "process_failed_to_decrypt":"0", "process_pending_decryption":"0", "process_success":"1", "total":"1"}}
{"logTime": "0122/084030", "correlationVector":"JmS/KQyTRFP04oRxdBAOTO","action":"SyncServerConnectionManagerRequest", "result":"SYNC_SERVER_OK", "context":{"environment":"", "migrationStage":"", "server":""}}
{"logTime": "0122/084030", "correlationVector":"JmS/KQyTRFP04oRxdBAOTO.0","action":"EncryptionKeysFetcher.DownloadKeys:", "result":"Success", "context":Key count: 5, Last key timestamp: 2025-10-08T13:53:41Z}
{"logTime": "0122/084030", "correlationVector":"JmS/KQyTRFP04oRxdBAOTO.1","action":"EncryptionKeysManager::SetEncryptionKeys:", "result":"Success", "context":Key names[5]:[G+0XbBtUS89eRtvwWDmDX7v1uuYvk4AIg4eyOyxBnVIq5ISy9vC+8ITJad0Jlu6dKbi+EAiUakxvokka5Qc8mQ==][xLZdBMBPfYl+o7gVaYPtypKjqd97jzlH1wY15dmUocyV5eFnDrAN7mpwSNMn9jRtfN8cjW9PS4dHvHz+Mv8tSg==][/ymJB2pp1WjdsYsBxgMUDup6UB8naooEMBYT+qoQVcXn5cBS48phRzIcTzK639RGN0X4S+zDL8RvvAiVWTedmA==][sqvpsR70zKKP4iaZ8w5sfovSmHu0ByVd7dmN5zcU5UPpjMuY0jIY8lMR/vjhzSds1U8Ogzegz79MFhS9PS1dVg==][QOP6FCUsdLMWGmSLrEFYNHM4KUMj5isRgRn2laO66r/cVtUgpXRtqjdTF+9yvFSyYRz39cGRnTYm3sbnV8iUIQ==]}
{"logTime": "0122/084030", "correlationVector":"JmS/KQyTRFP04oRxdBAOTO.2","action":"EncryptionKeysManager::SetEncryptionKeysWithTimestamps:", "result":"Success", "context":Key timestamps[5]:[2023-09-25T09:25:16Z][2024-03-24T07:17:41Z][2024-10-10T06:06:50Z][2025-04-09T03:04:37Z][2025-10-08T13:53:41Z]}
{"logTime": "0122/084030", "correlationVector":"xTsdJzm1U2o7c3qN1+GvBd","action":"Initial GetUpdates", "result":"", "context":Reason: NEW_CLIENT. cV=xTsdJzm1U2o7c3qN1+GvBd}
{"logTime": "0122/084030", "correlationVector":"xTsdJzm1U2o7c3qN1+GvBd.3","action":"GetUpdates Response", "result":"Success", "context":Received 1 update(s). cV=xTsdJzm1U2o7c3qN1+GvBd.0;server=akswtt11000000d;cloudType=Consumer;environment=Prod_southeastasia_prod-s01-064-apac-southeastasia;migrationStage=NotStarted}
{"logTime": "0122/084030", "correlationVector":"vHEk1OoinvuKoqpeT32ZgT","action":"Initial GetUpdates", "result":"", "context":Reason: NEWLY_SUPPORTED_DATATYPE. cV=vHEk1OoinvuKoqpeT32ZgT}
{"logTime": "0122/084031", "correlationVector":"vHEk1OoinvuKoqpeT32ZgT.1","action":"SyncServerConnectionManagerRequest", "result":"SYNC_SERVER_OK", "context":{"environment":"Prod_southeastasia_prod-s01-065-apac-southeastasia", "migrationStage":"NotStarted", "server":"akswtt110000009"}}
{"logTime": "0122/084031", "correlationVector":"vHEk1OoinvuKoqpeT32ZgT.2","action":"ProcessGetUpdates", "result":"Done", "context":{"dataType":"Preferences", "deleted":"1", "process_failed_to_decrypt":"0", "process_pending_decryption":"0", "process_success":"105", "total":"105"}}
{"logTime": "0122/084031", "correlationVector":"vHEk1OoinvuKoqpeT32ZgT.3","action":"ProcessGetUpdates", "result":"Done", "context":{"dataType":"Passwords", "deleted":"0", "process_failed_to_decrypt":"0", "process_pending_decryption":"0", "process_success":"55", "total":"55"}}
{"logTime": "0122/084031", "correlationVector":"vHEk1OoinvuKoqpeT32ZgT.4","action":"GetUpdates Response", "result":"Success", "context":Received 160 update(s). cV=vHEk1OoinvuKoqpeT32ZgT.0;server=akswtt110000009;cloudType=Consumer;environment=Prod_southeastasia_prod-s01-065-apac-southeastasia;migrationStage=NotStarted}
{"logTime": "0122/084031", "correlationVector":"/XjQsw94HSVl8qAQtS7pRB","action":"Initial GetUpdates", "result":"", "context":Reason: NEWLY_SUPPORTED_DATATYPE. cV=/XjQsw94HSVl8qAQtS7pRB}
{"logTime": "0122/084031", "correlationVector":"/XjQsw94HSVl8qAQtS7pRB.1","action":"SyncServerConnectionManagerRequest", "result":"SYNC_SERVER_OK", "context":{"environment":"Prod_southeastasia_prod-s01-065-apac-southeastasia", "migrationStage":"NotStarted", "server":"akswtt110000009"}}
{"logTime": "0122/084031", "correlationVector":"/XjQsw94HSVl8qAQtS7pRB.2","action":"ProcessGetUpdates", "result":"Done", "context":{"dataType":"Bookmarks", "deleted":"48", "process_failed_to_decrypt":"0", "process_pending_decryption":"0", "process_success":"65", "total":"65"}}
{"logTime": "0122/084031", "correlationVector":"/XjQsw94HSVl8qAQtS7pRB.3","action":"GetUpdates Response", "result":"Success", "context":Received 65 update(s). cV=/XjQsw94HSVl8qAQtS7pRB.0;server=akswtt110000009;cloudType=Consumer;environment=Prod_southeastasia_prod-s01-065-apac-southeastasia;migrationStage=NotStarted}
{"logTime": "0122/084031", "correlationVector":"rhlXzfV6VrkEcf7ixu56LA","action":"Initial GetUpdates", "result":"", "context":Reason: NEWLY_SUPPORTED_DATATYPE. cV=rhlXzfV6VrkEcf7ixu56LA}
{"logTime": "0122/084033", "correlationVector":"rhlXzfV6VrkEcf7ixu56LA.1","action":"SyncServerConnectionManagerRequest", "result":"SYNC_SERVER_OK", "context":{"environment":"Prod_southeastasia_prod-s01-065-apac-southeastasia", "migrationStage":"NotStarted", "server":"akswtt110000003"}}
{"logTime": "0122/084033", "correlationVector":"rhlXzfV6VrkEcf7ixu56LA.2","action":"ProcessGetUpdates", "result":"Done", "context":{"dataType":"Autofill", "deleted":"0", "process_failed_to_decrypt":"0", "process_pending_decryption":"0", "process_success":"127", "total":"127"}}
{"logTime": "0122/084033", "correlationVector":"rhlXzfV6VrkEcf7ixu56LA.3","action":"ProcessGetUpdates", "result":"Done", "context":{"dataType":"Extensions", "deleted":"0", "process_failed_to_decrypt":"0", "process_pending_decryption":"0", "process_success":"2", "total":"2"}}
{"logTime": "0122/084033", "correlationVector":"rhlXzfV6VrkEcf7ixu56LA.4","action":"ProcessGetUpdates", "result":"Done", "context":{"dataType":"Sessions", "deleted":"121", "process_failed_to_decrypt":"0", "process_pending_decryption":"0", "process_success":"121", "total":"121"}}
{"logTime": "0122/084033", "correlationVector":"rhlXzfV6VrkEcf7ixu56LA.5","action":"GetUpdates Response", "result":"Success", "context":Received 250 update(s). cV=rhlXzfV6VrkEcf7ixu56LA.0;server=akswtt110000003;cloudType=Consumer;environment=Prod_southeastasia_prod-s01-065-apac-southeastasia;migrationStage=NotStarted Some updates remain.}
{"logTime": "0122/084033", "correlationVector":"ZONjGn8m/eFqeF3dM9Vap6","action":"Initial GetUpdates", "result":"", "context":Reason: NEWLY_SUPPORTED_DATATYPE. cV=ZONjGn8m/eFqeF3dM9Vap6}
{"logTime": "0122/084033", "correlationVector":"ZONjGn8m/eFqeF3dM9Vap6.1","action":"SyncServerConnectionManagerRequest", "result":"SYNC_SERVER_OK", "context":{"environment":"Prod_southeastasia_prod-s01-065-apac-southeastasia", "migrationStage":"NotStarted", "server":"akswtt110000009"}}
{"logTime": "0122/084033", "correlationVector":"ZONjGn8m/eFqeF3dM9Vap6.2","action":"ProcessGetUpdates", "result":"Done", "context":{"dataType":"Autofill", "deleted":"0", "process_failed_to_decrypt":"0", "process_pending_decryption":"0", "process_success":"9", "total":"9"}}
{"logTime": "0122/084033", "correlationVector":"ZONjGn8m/eFqeF3dM9Vap6.3","action":"ProcessGetUpdates", "result":"Done", "context":{"dataType":"Sessions", "deleted":"239", "process_failed_to_decrypt":"0", "process_pending_decryption":"0", "process_success":"239", "total":"239"}}
{"logTime": "0122/084033", "correlationVector":"ZONjGn8m/eFqeF3dM9Vap6.4","action":"ProcessGetUpdates", "result":"Done", "context":{"dataType":"Edge Hub App Usage", "deleted":"1", "process_failed_to_decrypt":"0", "process_pending_decryption":"0", "process_success":"2", "total":"2"}}
{"logTime": "0122/084033", "correlationVector":"ZONjGn8m/eFqeF3dM9Vap6.5","action":"GetUpdates Response", "result":"Success", "context":Received 250 update(s). cV=ZONjGn8m/eFqeF3dM9Vap6.0;server=akswtt110000009;cloudType=Consumer;environment=Prod_southeastasia_prod-s01-065-apac-southeastasia;migrationStage=NotStarted Some updates remain.}
{"logTime": "0122/084033", "correlationVector":"vF0UilpTUkmdKAs3UVFNdG","action":"Initial GetUpdates", "result":"", "context":Reason: NEWLY_SUPPORTED_DATATYPE. cV=vF0UilpTUkmdKAs3UVFNdG}
{"logTime": "0122/084034", "correlationVector":"vF0UilpTUkmdKAs3UVFNdG.1","action":"SyncServerConnectionManagerRequest", "result":"SYNC_SERVER_OK", "context":{"environment":"Prod_southeastasia_prod-s01-065-apac-southeastasia", "migrationStage":"NotStarted", "server":"akswtt11000000y"}}
{"logTime": "0122/084034", "correlationVector":"vF0UilpTUkmdKAs3UVFNdG.2","action":"ProcessGetUpdates", "result":"Done", "context":{"dataType":"Autofill Profiles", "deleted":"0", "process_failed_to_decrypt":"0", "process_pending_decryption":"0", "process_success":"1", "total":"1"}}
{"logTime": "0122/084034", "correlationVector":"vF0UilpTUkmdKAs3UVFNdG.3","action":"ProcessGetUpdates", "result":"Done", "context":{"dataType":"Autofill", "deleted":"0", "process_failed_to_decrypt":"0", "process_pending_decryption":"0", "process_success":"11", "total":"11"}}
{"logTime": "0122/084034", "correlationVector":"vF0UilpTUkmdKAs3UVFNdG.4","action":"ProcessGetUpdates", "result":"Done", "context":{"dataType":"Sessions", "deleted":"230", "process_failed_to_decrypt":"0", "process_pending_decryption":"0", "process_success":"230", "total":"230"}}
{"logTime": "0122/084034", "correlationVector":"vF0UilpTUkmdKAs3UVFNdG.5","action":"ProcessGetUpdates", "result":"Done", "context":{"dataType":"Edge Hub App Usage", "deleted":"0", "process_failed_to_decrypt":"0", "process_pending_decryption":"0", "process_success":"8", "total":"8"}}
{"logTime": "0122/084034", "correlationVector":"vF0UilpTUkmdKAs3UVFNdG.6","action":"GetUpdates Response", "result":"Success", "context":Received 250 update(s). cV=vF0UilpTUkmdKAs3UVFNdG.0;server=akswtt11000000y;cloudType=Consumer;environment=Prod_southeastasia_prod-s01-065-apac-southeastasia;migrationStage=NotStarted Some updates remain.}
{"logTime": "0122/084034", "correlationVector":"WttzfsD1XvxsXbWzygTaHJ","action":"Initial GetUpdates", "result":"", "context":Reason: NEWLY_SUPPORTED_DATATYPE. cV=WttzfsD1XvxsXbWzygTaHJ}
{"logTime": "0122/084035", "correlationVector":"WttzfsD1XvxsXbWzygTaHJ.1","action":"SyncServerConnectionManagerRequest", "result":"SYNC_SERVER_OK", "context":{"environment":"Prod_southeastasia_prod-s01-065-apac-southeastasia", "migrationStage":"NotStarted", "server":"akswtt110000004"}}
{"logTime": "0122/084035", "correlationVector":"WttzfsD1XvxsXbWzygTaHJ.2","action":"ProcessGetUpdates", "result":"Done", "context":{"dataType":"Autofill", "deleted":"0", "process_failed_to_decrypt":"0", "process_pending_decryption":"0", "process_success":"10", "total":"10"}}
{"logTime": "0122/084035", "correlationVector":"WttzfsD1XvxsXbWzygTaHJ.3","action":"ProcessGetUpdates", "result":"Done", "context":{"dataType":"Sessions", "deleted":"238", "process_failed_to_decrypt":"0", "process_pending_decryption":"0", "process_success":"238", "total":"238"}}
{"logTime": "0122/084035", "correlationVector":"WttzfsD1XvxsXbWzygTaHJ.4","action":"ProcessGetUpdates", "result":"Done", "context":{"dataType":"Edge Hub App Usage", "deleted":"1", "process_failed_to_decrypt":"0", "process_pending_decryption":"0", "process_success":"2", "total":"2"}}
{"logTime": "0122/084035", "correlationVector":"WttzfsD1XvxsXbWzygTaHJ.5","action":"GetUpdates Response", "result":"Success", "context":Received 250 update(s). cV=WttzfsD1XvxsXbWzygTaHJ.0;server=akswtt110000004;cloudType=Consumer;environment=Prod_southeastasia_prod-s01-065-apac-southeastasia;migrationStage=NotStarted Some updates remain.}
{"logTime": "0122/084035", "correlationVector":"3Iv4w6CE42qnJCFtzxne4a","action":"Initial GetUpdates", "result":"", "context":Reason: NEWLY_SUPPORTED_DATATYPE. cV=3Iv4w6CE42qnJCFtzxne4a}
{"logTime": "0122/084036", "correlationVector":"3Iv4w6CE42qnJCFtzxne4a.1","action":"SyncServerConnectionManagerRequest", "result":"SYNC_SERVER_OK", "context":{"environment":"Prod_southeastasia_prod-s01-065-apac-southeastasia", "migrationStage":"NotStarted", "server":"akswtt11000000e"}}
{"logTime": "0122/084036", "correlationVector":"3Iv4w6CE42qnJCFtzxne4a.2","action":"ProcessGetUpdates", "result":"Done", "context":{"dataType":"Autofill", "deleted":"0", "process_failed_to_decrypt":"0", "process_pending_decryption":"0", "process_success":"3", "total":"3"}}
{"logTime": "0122/084036", "correlationVector":"3Iv4w6CE42qnJCFtzxne4a.3","action":"ProcessGetUpdates", "result":"Done", "context":{"dataType":"Sessions", "deleted":"246", "process_failed_to_decrypt":"0", "process_pending_decryption":"0", "process_success":"246", "total":"246"}}
{"logTime": "0122/084036", "correlationVector":"3Iv4w6CE42qnJCFtzxne4a.4","action":"ProcessGetUpdates", "result":"Done", "context":{"dataType":"Edge Hub App Usage", "deleted":"0", "process_failed_to_decrypt":"0", "process_pending_decryption":"0", "process_success":"1", "total":"1"}}
{"logTime": "0122/084036", "correlationVector":"3Iv4w6CE42qnJCFtzxne4a.5","action":"GetUpdates Response", "result":"Success", "context":Received 250 update(s). cV=3Iv4w6CE42qnJCFtzxne4a.0;server=akswtt11000000e;cloudType=Consumer;environment=Prod_southeastasia_prod-s01-065-apac-southeastasia;migrationStage=NotStarted Some updates remain.}
{"logTime": "0122/084036", "correlationVector":"iVTUBWOwzDC/chadclpf/D","action":"Initial GetUpdates", "result":"", "context":Reason: NEWLY_SUPPORTED_DATATYPE. cV=iVTUBWOwzDC/chadclpf/D}
{"logTime": "0122/084037", "correlationVector":"iVTUBWOwzDC/chadclpf/D.1","action":"SyncServerConnectionManagerRequest", "result":"SYNC_SERVER_OK", "context":{"environment":"Prod_southeastasia_prod-s01-065-apac-southeastasia", "migrationStage":"NotStarted", "server":"akswtt110000003"}}
{"logTime": "0122/084037", "correlationVector":"iVTUBWOwzDC/chadclpf/D.2","action":"ProcessGetUpdates", "result":"Done", "context":{"dataType":"Autofill Profiles", "deleted":"0", "process_failed_to_decrypt":"0", "process_pending_decryption":"0", "process_success":"3", "total":"3"}}
{"logTime": "0122/084037", "correlationVector":"iVTUBWOwzDC/chadclpf/D.3","action":"ProcessGetUpdates", "result":"Done", "context":{"dataType":"Autofill", "deleted":"0", "process_failed_to_decrypt":"0", "process_pending_decryption":"0", "process_success":"23", "total":"23"}}
{"logTime": "0122/084037", "correlationVector":"iVTUBWOwzDC/chadclpf/D.4","action":"ProcessGetUpdates", "result":"Done", "context":{"dataType":"Sessions", "deleted":"219", "process_failed_to_decrypt":"0", "process_pending_decryption":"0", "process_success":"223", "total":"223"}}
{"logTime": "0122/084037", "correlationVector":"iVTUBWOwzDC/chadclpf/D.5","action":"ProcessGetUpdates", "result":"Done", "context":{"dataType":"Edge Hub App Usage", "deleted":"1", "process_failed_to_decrypt":"0", "process_pending_decryption":"0", "process_success":"1", "total":"1"}}
{"logTime": "0122/084037", "correlationVector":"iVTUBWOwzDC/chadclpf/D.6","action":"GetUpdates Response", "result":"Success", "context":Received 250 update(s). cV=iVTUBWOwzDC/chadclpf/D.0;server=akswtt110000003;cloudType=Consumer;environment=Prod_southeastasia_prod-s01-065-apac-southeastasia;migrationStage=NotStarted Some updates remain.}
{"logTime": "0122/084037", "correlationVector":"iWT9euSAFh1CzP/0neKSjR","action":"Initial GetUpdates", "result":"", "context":Reason: NEWLY_SUPPORTED_DATATYPE. cV=iWT9euSAFh1CzP/0neKSjR}
{"logTime": "0122/084037", "correlationVector":"iWT9euSAFh1CzP/0neKSjR.1","action":"SyncServerConnectionManagerRequest", "result":"SYNC_SERVER_OK", "context":{"environment":"Prod_southeastasia_prod-s01-065-apac-southeastasia", "migrationStage":"NotStarted", "server":"akswtt11000000k"}}
{"logTime": "0122/084037", "correlationVector":"iWT9euSAFh1CzP/0neKSjR.2","action":"ProcessGetUpdates", "result":"Done", "context":{"dataType":"Autofill", "deleted":"0", "process_failed_to_decrypt":"0", "process_pending_decryption":"0", "process_success":"8", "total":"8"}}
{"logTime": "0122/084037", "correlationVector":"iWT9euSAFh1CzP/0neKSjR.3","action":"ProcessGetUpdates", "result":"Done", "context":{"dataType":"Extensions", "deleted":"0", "process_failed_to_decrypt":"0", "process_pending_decryption":"0", "process_success":"1", "total":"1"}}
{"logTime": "0122/084037", "correlationVector":"iWT9euSAFh1CzP/0neKSjR.4","action":"ProcessGetUpdates", "result":"Done", "context":{"dataType":"Sessions", "deleted":"150", "process_failed_to_decrypt":"0", "process_pending_decryption":"0", "process_success":"163", "total":"163"}}
{"logTime": "0122/084037", "correlationVector":"iWT9euSAFh1CzP/0neKSjR.5","action":"ProcessGetUpdates", "result":"Done", "context":{"dataType":"Extension settings", "deleted":"0", "process_failed_to_decrypt":"0", "process_pending_decryption":"0", "process_success":"77", "total":"77"}}
{"logTime": "0122/084037", "correlationVector":"iWT9euSAFh1CzP/0neKSjR.6","action":"ProcessGetUpdates", "result":"Done", "context":{"dataType":"WebAuthn Credentials", "deleted":"0", "process_failed_to_decrypt":"0", "process_pending_decryption":"0", "process_success":"1", "total":"1"}}
{"logTime": "0122/084037", "correlationVector":"iWT9euSAFh1CzP/0neKSjR.7","action":"GetUpdates Response", "result":"Success", "context":Received 250 update(s). cV=iWT9euSAFh1CzP/0neKSjR.0;server=akswtt11000000k;cloudType=Consumer;environment=Prod_southeastasia_prod-s01-065-apac-southeastasia;migrationStage=NotStarted Some updates remain.}
{"logTime": "0122/084037", "correlationVector":"Y4L6sni6I0KiqrTs+yYdEX","action":"Initial GetUpdates", "result":"", "context":Reason: NEWLY_SUPPORTED_DATATYPE. cV=Y4L6sni6I0KiqrTs+yYdEX}
{"logTime": "0122/084038", "correlationVector":"Y4L6sni6I0KiqrTs+yYdEX.1","action":"SyncServerConnectionManagerRequest", "result":"SYNC_SERVER_OK", "context":{"environment":"Prod_southeastasia_prod-s01-065-apac-southeastasia", "migrationStage":"NotStarted", "server":"akswtt11000000y"}}
{"logTime": "0122/084038", "correlationVector":"Y4L6sni6I0KiqrTs+yYdEX.2","action":"ProcessGetUpdates", "result":"Done", "context":{"dataType":"Extensions", "deleted":"0", "process_failed_to_decrypt":"0", "process_pending_decryption":"0", "process_success":"1", "total":"1"}}
{"logTime": "0122/084038", "correlationVector":"Y4L6sni6I0KiqrTs+yYdEX.3","action":"ProcessGetUpdates", "result":"Done", "context":{"dataType":"Sessions", "deleted":"53", "process_failed_to_decrypt":"0", "process_pending_decryption":"0", "process_success":"61", "total":"61"}}
{"logTime": "0122/084038", "correlationVector":"Y4L6sni6I0KiqrTs+yYdEX.4","action":"ProcessGetUpdates", "result":"Done", "context":{"dataType":"Extension settings", "deleted":"0", "process_failed_to_decrypt":"0", "process_pending_decryption":"0", "process_success":"5", "total":"5"}}
{"logTime": "0122/084038", "correlationVector":"Y4L6sni6I0KiqrTs+yYdEX.5","action":"GetUpdates Response", "result":"Success", "context":Received 67 update(s). cV=Y4L6sni6I0KiqrTs+yYdEX.0;server=akswtt11000000y;cloudType=Consumer;environment=Prod_southeastasia_prod-s01-065-apac-southeastasia;migrationStage=NotStarted}
{"logTime": "0122/084038", "correlationVector":"BM3aogoK7fLMXN+IKX7TUN","action":"Initial GetUpdates", "result":"", "context":Reason: NEWLY_SUPPORTED_DATATYPE. cV=BM3aogoK7fLMXN+IKX7TUN}
{"logTime": "0122/084039", "correlationVector":"BM3aogoK7fLMXN+IKX7TUN.1","action":"SyncServerConnectionManagerRequest", "result":"SYNC_SERVER_OK", "context":{"environment":"Prod_southeastasia_prod-s01-065-apac-southeastasia", "migrationStage":"NotStarted", "server":"akswtt110000009"}}
{"logTime": "0122/084039", "correlationVector":"BM3aogoK7fLMXN+IKX7TUN.2","action":"ProcessGetUpdates", "result":"Done", "context":{"dataType":"History", "deleted":"0", "process_failed_to_decrypt":"0", "process_pending_decryption":"0", "process_success":"250", "total":"250"}}
{"logTime": "0122/084039", "correlationVector":"BM3aogoK7fLMXN+IKX7TUN.3","action":"GetUpdates Response", "result":"Success", "context":Received 250 update(s). cV=BM3aogoK7fLMXN+IKX7TUN.0;server=akswtt110000009;cloudType=Consumer;environment=Prod_southeastasia_prod-s01-065-apac-southeastasia;migrationStage=NotStarted Some updates remain.}
{"logTime": "0122/084039", "correlationVector":"GnXnLKD1Sgu0Vs89mQklJz","action":"Initial GetUpdates", "result":"", "context":Reason: NEWLY_SUPPORTED_DATATYPE. cV=GnXnLKD1Sgu0Vs89mQklJz}
{"logTime": "0122/084040", "correlationVector":"GnXnLKD1Sgu0Vs89mQklJz.1","action":"SyncServerConnectionManagerRequest", "result":"SYNC_SERVER_OK", "context":{"environment":"Prod_southeastasia_prod-s01-065-apac-southeastasia", "migrationStage":"NotStarted", "server":"akswtt11000000e"}}
{"logTime": "0122/084040", "correlationVector":"GnXnLKD1Sgu0Vs89mQklJz.2","action":"ProcessGetUpdates", "result":"Done", "context":{"dataType":"History", "deleted":"0", "process_failed_to_decrypt":"0", "process_pending_decryption":"0", "process_success":"250", "total":"250"}}
{"logTime": "0122/084040", "correlationVector":"GnXnLKD1Sgu0Vs89mQklJz.3","action":"GetUpdates Response", "result":"Success", "context":Received 250 update(s). cV=GnXnLKD1Sgu0Vs89mQklJz.0;server=akswtt11000000e;cloudType=Consumer;environment=Prod_southeastasia_prod-s01-065-apac-southeastasia;migrationStage=NotStarted Some updates remain.}
{"logTime": "0122/084040", "correlationVector":"mfp5TGA1Q8I7yzO8NzzH6+","action":"Initial GetUpdates", "result":"", "context":Reason: NEWLY_SUPPORTED_DATATYPE. cV=mfp5TGA1Q8I7yzO8NzzH6+}
{"logTime": "0122/084041", "correlationVector":"mfp5TGA1Q8I7yzO8NzzH6+.1","action":"SyncServerConnectionManagerRequest", "result":"SYNC_SERVER_OK", "context":{"environment":"Prod_southeastasia_prod-s01-065-apac-southeastasia", "migrationStage":"NotStarted", "server":"akswtt110000009"}}
{"logTime": "0122/084041", "correlationVector":"mfp5TGA1Q8I7yzO8NzzH6+.2","action":"ProcessGetUpdates", "result":"Done", "context":{"dataType":"History", "deleted":"0", "process_failed_to_decrypt":"0", "process_pending_decryption":"0", "process_success":"250", "total":"250"}}
{"logTime": "0122/084041", "correlationVector":"mfp5TGA1Q8I7yzO8NzzH6+.3","action":"GetUpdates Response", "result":"Success", "context":Received 250 update(s). cV=mfp5TGA1Q8I7yzO8NzzH6+.0;server=akswtt110000009;cloudType=Consumer;environment=Prod_southeastasia_prod-s01-065-apac-southeastasia;migrationStage=NotStarted Some updates remain.}
{"logTime": "0122/084041", "correlationVector":"om9uLMfLyQn2S7oYllgx06","action":"Initial GetUpdates", "result":"", "context":Reason: NEWLY_SUPPORTED_DATATYPE. cV=om9uLMfLyQn2S7oYllgx06}
{"logTime": "0122/084041", "correlationVector":"om9uLMfLyQn2S7oYllgx06.1","action":"SyncServerConnectionManagerRequest", "result":"SYNC_SERVER_OK", "context":{"environment":"Prod_southeastasia_prod-s01-065-apac-southeastasia", "migrationStage":"NotStarted", "server":"akswtt11000000e"}}
{"logTime": "0122/084041", "correlationVector":"om9uLMfLyQn2S7oYllgx06.2","action":"ProcessGetUpdates", "result":"Done", "context":{"dataType":"History", "deleted":"0", "process_failed_to_decrypt":"0", "process_pending_decryption":"0", "process_success":"250", "total":"250"}}
{"logTime": "0122/084041", "correlationVector":"om9uLMfLyQn2S7oYllgx06.3","action":"GetUpdates Response", "result":"Success", "context":Received 250 update(s). cV=om9uLMfLyQn2S7oYllgx06.0;server=akswtt11000000e;cloudType=Consumer;environment=Prod_southeastasia_prod-s01-065-apac-southeastasia;migrationStage=NotStarted Some updates remain.}
{"logTime": "0122/084041", "correlationVector":"W2VGyfYXFN8gcroBRH4lfY","action":"Initial GetUpdates", "result":"", "context":Reason: NEWLY_SUPPORTED_DATATYPE. cV=W2VGyfYXFN8gcroBRH4lfY}
{"logTime": "0122/084042", "correlationVector":"W2VGyfYXFN8gcroBRH4lfY.1","action":"SyncServerConnectionManagerRequest", "result":"SYNC_SERVER_OK", "context":{"environment":"Prod_southeastasia_prod-s01-065-apac-southeastasia", "migrationStage":"NotStarted", "server":"akswtt11000000e"}}
{"logTime": "0122/084042", "correlationVector":"W2VGyfYXFN8gcroBRH4lfY.2","action":"ProcessGetUpdates", "result":"Done", "context":{"dataType":"History", "deleted":"0", "process_failed_to_decrypt":"0", "process_pending_decryption":"0", "process_success":"250", "total":"250"}}
{"logTime": "0122/084042", "correlationVector":"W2VGyfYXFN8gcroBRH4lfY.3","action":"GetUpdates Response", "result":"Success", "context":Received 250 update(s). cV=W2VGyfYXFN8gcroBRH4lfY.0;server=akswtt11000000e;cloudType=Consumer;environment=Prod_southeastasia_prod-s01-065-apac-southeastasia;migrationStage=NotStarted Some updates remain.}
{"logTime": "0122/084042", "correlationVector":"JifmQogpDlSYp7j0j9YRIU","action":"Initial GetUpdates", "result":"", "context":Reason: NEWLY_SUPPORTED_DATATYPE. cV=JifmQogpDlSYp7j0j9YRIU}
{"logTime": "0122/084043", "correlationVector":"JifmQogpDlSYp7j0j9YRIU.1","action":"SyncServerConnectionManagerRequest", "result":"SYNC_SERVER_OK", "context":{"environment":"Prod_southeastasia_prod-s01-065-apac-southeastasia", "migrationStage":"NotStarted", "server":"akswtt11000000q"}}
{"logTime": "0122/084043", "correlationVector":"JifmQogpDlSYp7j0j9YRIU.2","action":"ProcessGetUpdates", "result":"Done", "context":{"dataType":"History", "deleted":"0", "process_failed_to_decrypt":"0", "process_pending_decryption":"0", "process_success":"250", "total":"250"}}
{"logTime": "0122/084043", "correlationVector":"JifmQogpDlSYp7j0j9YRIU.3","action":"GetUpdates Response", "result":"Success", "context":Received 250 update(s). cV=JifmQogpDlSYp7j0j9YRIU.0;server=akswtt11000000q;cloudType=Consumer;environment=Prod_southeastasia_prod-s01-065-apac-southeastasia;migrationStage=NotStarted Some updates remain.}
{"logTime": "0122/084043", "correlationVector":"brcT2o9/hkbvR42/bsL2HH","action":"Initial GetUpdates", "result":"", "context":Reason: NEWLY_SUPPORTED_DATATYPE. cV=brcT2o9/hkbvR42/bsL2HH}
{"logTime": "0122/084044", "correlationVector":"brcT2o9/hkbvR42/bsL2HH.1","action":"SyncServerConnectionManagerRequest", "result":"SYNC_SERVER_OK", "context":{"environment":"Prod_southeastasia_prod-s01-065-apac-southeastasia", "migrationStage":"NotStarted", "server":"akswtt110000004"}}
{"logTime": "0122/084044", "correlationVector":"brcT2o9/hkbvR42/bsL2HH.2","action":"ProcessGetUpdates", "result":"Done", "context":{"dataType":"History", "deleted":"0", "process_failed_to_decrypt":"0", "process_pending_decryption":"0", "process_success":"250", "total":"250"}}
{"logTime": "0122/084044", "correlationVector":"brcT2o9/hkbvR42/bsL2HH.3","action":"GetUpdates Response", "result":"Success", "context":Received 250 update(s). cV=brcT2o9/hkbvR42/bsL2HH.0;server=akswtt110000004;cloudType=Consumer;environment=Prod_southeastasia_prod-s01-065-apac-southeastasia;migrationStage=NotStarted Some updates remain.}
{"logTime": "0122/084044", "correlationVector":"ghdmQqPL7hj2iBlS4DdGIj","action":"Initial GetUpdates", "result":"", "context":Reason: NEWLY_SUPPORTED_DATATYPE. cV=ghdmQqPL7hj2iBlS4DdGIj}
{"logTime": "0122/084045", "correlationVector":"ghdmQqPL7hj2iBlS4DdGIj.1","action":"SyncServerConnectionManagerRequest", "result":"SYNC_SERVER_OK", "context":{"environment":"Prod_southeastasia_prod-s01-065-apac-southeastasia", "migrationStage":"NotStarted", "server":"akswtt110000009"}}
{"logTime": "0122/084045", "correlationVector":"ghdmQqPL7hj2iBlS4DdGIj.2","action":"ProcessGetUpdates", "result":"Done", "context":{"dataType":"History", "deleted":"0", "process_failed_to_decrypt":"0", "process_pending_decryption":"0", "process_success":"250", "total":"250"}}
{"logTime": "0122/084045", "correlationVector":"ghdmQqPL7hj2iBlS4DdGIj.3","action":"GetUpdates Response", "result":"Success", "context":Received 250 update(s). cV=ghdmQqPL7hj2iBlS4DdGIj.0;server=akswtt110000009;cloudType=Consumer;environment=Prod_southeastasia_prod-s01-065-apac-southeastasia;migrationStage=NotStarted Some updates remain.}
{"logTime": "0122/084045", "correlationVector":"XC2O5i7QT69//WAlutxj9h","action":"Initial GetUpdates", "result":"", "context":Reason: NEWLY_SUPPORTED_DATATYPE. cV=XC2O5i7QT69//WAlutxj9h}
{"logTime": "0122/084046", "correlationVector":"XC2O5i7QT69//WAlutxj9h.1","action":"SyncServerConnectionManagerRequest", "result":"SYNC_SERVER_OK", "context":{"environment":"Prod_southeastasia_prod-s01-065-apac-southeastasia", "migrationStage":"NotStarted", "server":"akswtt11000000p"}}
{"logTime": "0122/084046", "correlationVector":"XC2O5i7QT69//WAlutxj9h.2","action":"ProcessGetUpdates", "result":"Done", "context":{"dataType":"History", "deleted":"0", "process_failed_to_decrypt":"0", "process_pending_decryption":"0", "process_success":"250", "total":"250"}}
{"logTime": "0122/084046", "correlationVector":"XC2O5i7QT69//WAlutxj9h.3","action":"GetUpdates Response", "result":"Success", "context":Received 250 update(s). cV=XC2O5i7QT69//WAlutxj9h.0;server=akswtt11000000p;cloudType=Consumer;environment=Prod_southeastasia_prod-s01-065-apac-southeastasia;migrationStage=NotStarted Some updates remain.}
{"logTime": "0122/084046", "correlationVector":"1RTEUt3vAIoY9kRBiDOgzY","action":"Initial GetUpdates", "result":"", "context":Reason: NEWLY_SUPPORTED_DATATYPE. cV=1RTEUt3vAIoY9kRBiDOgzY}
{"logTime": "0122/084048", "correlationVector":"1RTEUt3vAIoY9kRBiDOgzY.1","action":"SyncServerConnectionManagerRequest", "result":"SYNC_SERVER_OK", "context":{"environment":"Prod_southeastasia_prod-s01-065-apac-southeastasia", "migrationStage":"NotStarted", "server":"akswtt110000009"}}
{"logTime": "0122/084048", "correlationVector":"1RTEUt3vAIoY9kRBiDOgzY.2","action":"ProcessGetUpdates", "result":"Done", "context":{"dataType":"History", "deleted":"0", "process_failed_to_decrypt":"0", "process_pending_decryption":"0", "process_success":"250", "total":"250"}}
{"logTime": "0122/084048", "correlationVector":"1RTEUt3vAIoY9kRBiDOgzY.3","action":"GetUpdates Response", "result":"Success", "context":Received 250 update(s). cV=1RTEUt3vAIoY9kRBiDOgzY.0;server=akswtt110000009;cloudType=Consumer;environment=Prod_southeastasia_prod-s01-065-apac-southeastasia;migrationStage=NotStarted Some updates remain.}
{"logTime": "0122/084048", "correlationVector":"eFlCHOFVHMb4FwyQk6poMr","action":"Initial GetUpdates", "result":"", "context":Reason: NEWLY_SUPPORTED_DATATYPE. cV=eFlCHOFVHMb4FwyQk6poMr}
{"logTime": "0122/084048", "correlationVector":"eFlCHOFVHMb4FwyQk6poMr.1","action":"SyncServerConnectionManagerRequest", "result":"SYNC_SERVER_OK", "context":{"environment":"Prod_southeastasia_prod-s01-064-apac-southeastasia", "migrationStage":"NotStarted", "server":"akswtt110000004"}}
{"logTime": "0122/084048", "correlationVector":"eFlCHOFVHMb4FwyQk6poMr.2","action":"ProcessGetUpdates", "result":"Done", "context":{"dataType":"History", "deleted":"0", "process_failed_to_decrypt":"0", "process_pending_decryption":"0", "process_success":"130", "total":"130"}}
{"logTime": "0122/084048", "correlationVector":"eFlCHOFVHMb4FwyQk6poMr.3","action":"GetUpdates Response", "result":"Success", "context":Received 130 update(s). cV=eFlCHOFVHMb4FwyQk6poMr.0;server=akswtt110000004;cloudType=Consumer;environment=Prod_southeastasia_prod-s01-064-apac-southeastasia;migrationStage=NotStarted}
{"logTime": "0122/084048", "correlationVector":"QBE8Eaf4goj+RfALvN8rLh","action":"Normal GetUpdate request", "result":"", "context":cV=QBE8Eaf4goj+RfALvN8rLh
Nudged types: Sessions, Device Info, User Consents
Refresh requested types: Bookmarks, Preferences, Passwords, Autofill Profiles, Autofill, Extensions, Sessions, Extension settings, History Delete Directives, Device Info, User Consents, Send Tab To Self, Web Apps, History, Saved Tab Group, WebAuthn Credentials, Collection, Edge E Drop, Edge Hub App Usage, Edge Wallet, Encryption Keys}
{"logTime": "0122/084049", "correlationVector":"QBE8Eaf4goj+RfALvN8rLh.1","action":"SyncServerConnectionManagerRequest", "result":"SYNC_SERVER_OK", "context":{"environment":"Prod_southeastasia_prod-s01-064-apac-southeastasia", "migrationStage":"NotStarted", "server":"akswtt11000000u"}}
{"logTime": "0122/084049", "correlationVector":"QBE8Eaf4goj+RfALvN8rLh.2","action":"GetUpdates Response", "result":"Success", "context":Received 0 update(s). cV=QBE8Eaf4goj+RfALvN8rLh.0;server=akswtt11000000u;cloudType=Consumer;environment=Prod_southeastasia_prod-s01-064-apac-southeastasia;migrationStage=NotStarted}
{"logTime": "0122/084049", "correlationVector":"H16Qeby7ds97INWA6DfO3Y","action":"DoCompareDataConsistency requsted types: ", "result":"Bookmarks, Preferences, Passwords, Extensions, Extension settings, History Delete Directives, Send Tab To Self, Web Apps, History, Saved Tab Group, WebAuthn Credentials, Collection, Edge E Drop, Edge Wallet, Encryption Keys"}
{"logTime": "0122/084049", "correlationVector":"H16Qeby7ds97INWA6DfO3Y.0","action":"CompareDataConsistency result: ", "result":"Compare result: Encryption Keys is consistent. local entities count is: 1 local entities hash is: ABBb/cGme6hFAb/p725UCzM8Sq0="}
{"logTime": "0122/084049", "correlationVector":"H16Qeby7ds97INWA6DfO3Y.1","action":"CompareDataConsistency result: ", "result":"Compare result: Bookmarks is consistent. local entities count is: 11 local entities hash is: /AxVO4owDCza7JE7I7jkuXBoHbc="}
{"logTime": "0122/084049", "correlationVector":"H16Qeby7ds97INWA6DfO3Y.2","action":"CompareDataConsistency result: ", "result":"Compare result: Preferences is consistent. local entities count is: 104 local entities hash is: DrQNN96hn1wsw13BOqV5smVKUTI="}
{"logTime": "0122/084049", "correlationVector":"H16Qeby7ds97INWA6DfO3Y.3","action":"CompareDataConsistency result: ", "result":"Compare result: Extensions is consistent. local entities count is: 4 local entities hash is: mr+P4sBE5Nbk29i5aUCGdIq14Ow="}
{"logTime": "0122/084049", "correlationVector":"H16Qeby7ds97INWA6DfO3Y.4","action":"CompareDataConsistency result: ", "result":"Compare result: Extension settings is consistent. local entities count is: 82 local entities hash is: sSWMRQUre+ZWu2Jtcx1ayeSDee8="}
{"logTime": "0122/084049", "correlationVector":"H16Qeby7ds97INWA6DfO3Y.5","action":"CompareDataConsistency result: ", "result":"Compare result: History Delete Directives is consistent. local entities count is: 0 local entities hash is: "}
{"logTime": "0122/084049", "correlationVector":"H16Qeby7ds97INWA6DfO3Y.6","action":"CompareDataConsistency result: ", "result":"Server did not send this Send Tab To Self local entities count is: 0 local entities hash is: "}
{"logTime": "0122/084049", "correlationVector":"H16Qeby7ds97INWA6DfO3Y.7","action":"CompareDataConsistency result: ", "result":"Compare result: Web Apps is consistent. local entities count is: 0 local entities hash is: "}
{"logTime": "0122/084049", "correlationVector":"H16Qeby7ds97INWA6DfO3Y.8","action":"CompareDataConsistency result: ", "result":"Server did not send this History local entities count is: 0 local entities hash is: "}
{"logTime": "0122/084049", "correlationVector":"H16Qeby7ds97INWA6DfO3Y.9","action":"CompareDataConsistency result: ", "result":"Compare result: Saved Tab Group is consistent. local entities count is: 0 local entities hash is: "}
{"logTime": "0122/084049", "correlationVector":"H16Qeby7ds97INWA6DfO3Y.10","action":"CompareDataConsistency result: ", "result":"Server did not send this WebAuthn Credentials local entities count is: 1 local entities hash is: RDFeMjksOuLfBbbi1HYi1+2QepQ="}
{"logTime": "0122/084049", "correlationVector":"H16Qeby7ds97INWA6DfO3Y.11","action":"CompareDataConsistency result: ", "result":"Compare result: Collection is consistent. local entities count is: 0 local entities hash is: "}
{"logTime": "0122/084049", "correlationVector":"H16Qeby7ds97INWA6DfO3Y.12","action":"CompareDataConsistency result: ", "result":"Compare result: Edge E Drop is consistent. local entities count is: 0 local entities hash is: "}
{"logTime": "0122/084049", "correlationVector":"H16Qeby7ds97INWA6DfO3Y.13","action":"CompareDataConsistency result: ", "result":"Compare result: Edge Wallet is consistent. local entities count is: 0 local entities hash is: "}
{"logTime": "0122/084049", "correlationVector":"H16Qeby7ds97INWA6DfO3Y.14","action":"CompareDataConsistency result: ", "result":"Compare result: Passwords is consistent. local entities count is: 55 local entities hash is: 5b97dGmZZ0aCm2ITMCpRtCWA5e4="}
{"logTime": "0122/084049", "correlationVector":"qc78bglCzM8AyJh0p9yKrp","action":"Commit Request", "result":"", "context":Item count: 3
Contributing types: Sessions, Device Info, User Consents}
{"logTime": "0122/084050", "correlationVector":"qc78bglCzM8AyJh0p9yKrp.1","action":"SyncServerConnectionManagerRequest", "result":"SYNC_SERVER_OK", "context":{"environment":"Prod_southeastasia_prod-s01-064-apac-southeastasia", "migrationStage":"NotStarted", "server":"akswtt110000003"}}
{"logTime": "0122/084050", "correlationVector":"qc78bglCzM8AyJh0p9yKrp.2","action":"Commit Response", "result":"Success", "context":Result: Success. cV=qc78bglCzM8AyJh0p9yKrp.0;server=akswtt110000003;cloudType=Consumer;environment=Prod_southeastasia_prod-s01-064-apac-southeastasia;migrationStage=NotStarted}
{"logTime": "0122/084050", "correlationVector":"","action":"DIAGNOSTIC_REQUEST|v1/diagnosticData/Diagnostic.SendCheckResult()|SUCCESS", "result":""}
{"logTime": "0122/084304", "correlationVector":"kPuQ1sHANtvBK7neCUdMp3","action":"Normal GetUpdate request", "result":"", "context":cV=kPuQ1sHANtvBK7neCUdMp3
Nudged types: Sessions, User Consents, History
Refresh requested types: Bookmarks, Preferences, Passwords, Autofill Profiles, Autofill, Extensions, Sessions, Extension settings, History Delete Directives, Device Info, User Consents, Send Tab To Self, Web Apps, History, Saved Tab Group, WebAuthn Credentials, Collection, Edge E Drop, Edge Hub App Usage, Edge Wallet, Encryption Keys}
{"logTime": "0122/084305", "correlationVector":"kPuQ1sHANtvBK7neCUdMp3.1","action":"SyncServerConnectionManagerRequest", "result":"SYNC_SERVER_OK", "context":{"environment":"Prod_southeastasia_prod-s01-064-apac-southeastasia", "migrationStage":"NotStarted", "server":"akswtt11000000u"}}
{"logTime": "0122/084305", "correlationVector":"kPuQ1sHANtvBK7neCUdMp3.2","action":"ProcessGetUpdates", "result":"Done", "context":{"dataType":"Autofill Profiles", "deleted":"0", "process_failed_to_decrypt":"0", "process_pending_decryption":"0", "process_success":"1", "total":"1"}}
{"logTime": "0122/084305", "correlationVector":"kPuQ1sHANtvBK7neCUdMp3.3","action":"ProcessGetUpdates", "result":"Done", "context":{"dataType":"Autofill", "deleted":"0", "process_failed_to_decrypt":"0", "process_pending_decryption":"0", "process_success":"1", "total":"1"}}
{"logTime": "0122/084305", "correlationVector":"kPuQ1sHANtvBK7neCUdMp3.4","action":"ProcessGetUpdates", "result":"Done", "context":{"dataType":"Sessions", "deleted":"3", "process_failed_to_decrypt":"0", "process_pending_decryption":"0", "process_success":"5", "total":"5"}}
{"logTime": "0122/084305", "correlationVector":"kPuQ1sHANtvBK7neCUdMp3.5","action":"ProcessGetUpdates", "result":"Done", "context":{"dataType":"Extension settings", "deleted":"0", "process_failed_to_decrypt":"0", "process_pending_decryption":"0", "process_success":"4", "total":"4"}}
{"logTime": "0122/084305", "correlationVector":"kPuQ1sHANtvBK7neCUdMp3.6","action":"ProcessGetUpdates", "result":"Done", "context":{"dataType":"History", "deleted":"0", "process_failed_to_decrypt":"0", "process_pending_decryption":"0", "process_success":"3", "total":"3"}}
{"logTime": "0122/084305", "correlationVector":"kPuQ1sHANtvBK7neCUdMp3.7","action":"GetUpdates Response", "result":"Success", "context":Received 14 update(s). cV=kPuQ1sHANtvBK7neCUdMp3.0;server=akswtt11000000u;cloudType=Consumer;environment=Prod_southeastasia_prod-s01-064-apac-southeastasia;migrationStage=NotStarted}
{"logTime": "0122/084305", "correlationVector":"upcBOj+7nC6nLE+csI5+vd","action":"Commit Request", "result":"", "context":Item count: 7
Contributing types: Preferences, Sessions, User Consents, History}
{"logTime": "0122/084305", "correlationVector":"upcBOj+7nC6nLE+csI5+vd.1","action":"SyncServerConnectionManagerRequest", "result":"SYNC_SERVER_OK", "context":{"environment":"Prod_southeastasia_prod-s01-064-apac-southeastasia", "migrationStage":"NotStarted", "server":"akswtt110000004"}}
{"logTime": "0122/084305", "correlationVector":"upcBOj+7nC6nLE+csI5+vd.2","action":"Commit Response", "result":"Success", "context":Result: Success. cV=upcBOj+7nC6nLE+csI5+vd.0;server=akswtt110000004;cloudType=Consumer;environment=Prod_southeastasia_prod-s01-064-apac-southeastasia;migrationStage=NotStarted}
{"logTime": "0122/084306", "correlationVector":"iuydPIB/g7HDdgF7+GvO5t","action":"Normal GetUpdate request", "result":"", "context":cV=iuydPIB/g7HDdgF7+GvO5t
Nudged types: Preferences, Sessions, History
Notified types: Autofill Profiles, Autofill, Extension settings, History}
{"logTime": "0122/084306", "correlationVector":"iuydPIB/g7HDdgF7+GvO5t.1","action":"SyncServerConnectionManagerRequest", "result":"SYNC_SERVER_OK", "context":{"environment":"Prod_southeastasia_prod-s01-064-apac-southeastasia", "migrationStage":"NotStarted", "server":"akswtt110000005"}}
{"logTime": "0122/084306", "correlationVector":"iuydPIB/g7HDdgF7+GvO5t.2","action":"ProcessGetUpdates", "result":"Done", "context":{"dataType":"Preferences", "deleted":"0", "process_failed_to_decrypt":"0", "process_pending_decryption":"0", "process_success":"1", "total":"1"}}
{"logTime": "0122/084306", "correlationVector":"iuydPIB/g7HDdgF7+GvO5t.3","action":"ProcessGetUpdates", "result":"Done", "context":{"dataType":"Sessions", "deleted":"0", "process_failed_to_decrypt":"0", "process_pending_decryption":"0", "process_success":"4", "total":"4"}}
{"logTime": "0122/084306", "correlationVector":"iuydPIB/g7HDdgF7+GvO5t.4","action":"ProcessGetUpdates", "result":"Done", "context":{"dataType":"History", "deleted":"0", "process_failed_to_decrypt":"0", "process_pending_decryption":"0", "process_success":"2", "total":"2"}}
{"logTime": "0122/084306", "correlationVector":"iuydPIB/g7HDdgF7+GvO5t.5","action":"GetUpdates Response", "result":"Success", "context":Received 7 update(s). cV=iuydPIB/g7HDdgF7+GvO5t.0;server=akswtt110000005;cloudType=Consumer;environment=Prod_southeastasia_prod-s01-064-apac-southeastasia;migrationStage=NotStarted}
{"logTime": "0122/084908", "correlationVector":"CVKmsbbAwlYxrbL5rN2hVr","action":"Normal GetUpdate request", "result":"", "context":cV=CVKmsbbAwlYxrbL5rN2hVr
Nudged types: Sessions, History
Refresh requested types: Bookmarks, Preferences, Passwords, Autofill Profiles, Autofill, Extensions, Sessions, Extension settings, History Delete Directives, Device Info, User Consents, Send Tab To Self, Web Apps, History, Saved Tab Group, WebAuthn Credentials, Collection, Edge E Drop, Edge Hub App Usage, Edge Wallet, Encryption Keys}
{"logTime": "0122/084908", "correlationVector":"CVKmsbbAwlYxrbL5rN2hVr.1","action":"SyncServerConnectionManagerRequest", "result":"SYNC_SERVER_OK", "context":{"environment":"Prod_southeastasia_prod-s01-064-apac-southeastasia", "migrationStage":"NotStarted", "server":"akswtt11000000n"}}
{"logTime": "0122/084908", "correlationVector":"CVKmsbbAwlYxrbL5rN2hVr.2","action":"ProcessGetUpdates", "result":"Done", "context":{"dataType":"Preferences", "deleted":"0", "process_failed_to_decrypt":"0", "process_pending_decryption":"0", "process_success":"1", "total":"1"}}
{"logTime": "0122/084908", "correlationVector":"CVKmsbbAwlYxrbL5rN2hVr.3","action":"GetUpdates Response", "result":"Success", "context":Received 1 update(s). cV=CVKmsbbAwlYxrbL5rN2hVr.0;server=akswtt11000000n;cloudType=Consumer;environment=Prod_southeastasia_prod-s01-064-apac-southeastasia;migrationStage=NotStarted}
{"logTime": "0122/084908", "correlationVector":"mFpVUwb+LSCIdXzKAC3vsL","action":"Commit Request", "result":"", "context":Item count: 6
Contributing types: Preferences, Sessions, History}
{"logTime": "0122/084909", "correlationVector":"mFpVUwb+LSCIdXzKAC3vsL.1","action":"SyncServerConnectionManagerRequest", "result":"SYNC_SERVER_OK", "context":{"environment":"Prod_southeastasia_prod-s01-064-apac-southeastasia", "migrationStage":"NotStarted", "server":"akswtt11000000c"}}
{"logTime": "0122/084909", "correlationVector":"mFpVUwb+LSCIdXzKAC3vsL.2","action":"Commit Response", "result":"Success", "context":Result: Success. cV=mFpVUwb+LSCIdXzKAC3vsL.0;server=akswtt11000000c;cloudType=Consumer;environment=Prod_southeastasia_prod-s01-064-apac-southeastasia;migrationStage=NotStarted}
{"logTime": "0122/084909", "correlationVector":"mFpVUwb+LSCIdXzKAC3vsL.3","action":"Commit.Sessions", "result":"Success", "context":{"id":"96077d96-0ec7-4009-a339-6daca09ececc", "isDeleted":"true", "size":"0", "version":"1769071386869"}}
{"logTime": "0122/084909", "correlationVector":"mFpVUwb+LSCIdXzKAC3vsL.4","action":"Commit.Sessions", "result":"Success", "context":{"id":"4028b0ef-e688-4b50-9282-4753d184686f", "isDeleted":"true", "size":"0", "version":"1769071386870"}}
{"logTime": "0122/084909", "correlationVector":"is0WX3sa8thphy4FQjT4n9","action":"Normal GetUpdate request", "result":"", "context":cV=is0WX3sa8thphy4FQjT4n9
Nudged types: Preferences, Sessions, History
Notified types: Device Info}
{"logTime": "0122/084910", "correlationVector":"is0WX3sa8thphy4FQjT4n9.1","action":"SyncServerConnectionManagerRequest", "result":"SYNC_SERVER_OK", "context":{"environment":"Prod_southeastasia_prod-s01-064-apac-southeastasia", "migrationStage":"NotStarted", "server":"akswtt11000000y"}}
{"logTime": "0122/084910", "correlationVector":"is0WX3sa8thphy4FQjT4n9.2","action":"ProcessGetUpdates", "result":"Done", "context":{"dataType":"Preferences", "deleted":"0", "process_failed_to_decrypt":"0", "process_pending_decryption":"0", "process_success":"1", "total":"1"}}
{"logTime": "0122/084910", "correlationVector":"is0WX3sa8thphy4FQjT4n9.3","action":"ProcessGetUpdates", "result":"Done", "context":{"dataType":"Sessions", "deleted":"2", "process_failed_to_decrypt":"0", "process_pending_decryption":"0", "process_success":"4", "total":"4"}}
{"logTime": "0122/084910", "correlationVector":"is0WX3sa8thphy4FQjT4n9.4","action":"ProcessGetUpdates", "result":"Done", "context":{"dataType":"History", "deleted":"0", "process_failed_to_decrypt":"0", "process_pending_decryption":"0", "process_success":"1", "total":"1"}}
{"logTime": "0122/084910", "correlationVector":"is0WX3sa8thphy4FQjT4n9.5","action":"GetUpdates Response", "result":"Success", "context":Received 6 update(s). cV=is0WX3sa8thphy4FQjT4n9.0;server=akswtt11000000y;cloudType=Consumer;environment=Prod_southeastasia_prod-s01-064-apac-southeastasia;migrationStage=NotStarted}
{"logTime": "0122/085006", "correlationVector":"0KJRjB9aGLrUFax2fUqWPF","action":"Commit Request", "result":"", "context":Item count: 40
Contributing types: Passwords}
{"logTime": "0122/085009", "correlationVector":"0KJRjB9aGLrUFax2fUqWPF.1","action":"SyncServerConnectionManagerRequest", "result":"SYNC_SERVER_OK", "context":{"environment":"Prod_southeastasia_prod-s01-064-apac-southeastasia", "migrationStage":"NotStarted", "server":"akswtt110000014"}}
{"logTime": "0122/085009", "correlationVector":"0KJRjB9aGLrUFax2fUqWPF.2","action":"Commit Response", "result":"Success", "context":Result: Success. cV=0KJRjB9aGLrUFax2fUqWPF.0;server=akswtt110000014;cloudType=Consumer;environment=Prod_southeastasia_prod-s01-064-apac-southeastasia;migrationStage=NotStarted}
{"logTime": "0122/085009", "correlationVector":"0Koqw0YyNSUp0Btdb9N+lb","action":"Commit Request", "result":"", "context":Item count: 18
Contributing types: Passwords, Sessions, History}
{"logTime": "0122/085010", "correlationVector":"0Koqw0YyNSUp0Btdb9N+lb.1","action":"SyncServerConnectionManagerRequest", "result":"SYNC_SERVER_OK", "context":{"environment":"Prod_southeastasia_prod-s01-064-apac-southeastasia", "migrationStage":"NotStarted", "server":"akswtt110000015"}}
{"logTime": "0122/085010", "correlationVector":"0Koqw0YyNSUp0Btdb9N+lb.3","action":"Commit.Sessions", "result":"Success", "context":{"id":"479c1ac2-8f8d-42b5-9aaf-4fb9b0d0cae0", "isDeleted":"true", "size":"0", "version":"1769071750466"}}
{"logTime": "0122/085010", "correlationVector":"0Koqw0YyNSUp0Btdb9N+lb.2","action":"Commit Response", "result":"Success", "context":Result: Success. cV=0Koqw0YyNSUp0Btdb9N+lb.0;server=akswtt110000015;cloudType=Consumer;environment=Prod_southeastasia_prod-s01-064-apac-southeastasia;migrationStage=NotStarted}
{"logTime": "0122/085801", "correlationVector":"6kK/6ncAsECmFfmtAvwt8d","action":"Normal GetUpdate request", "result":"", "context":cV=6kK/6ncAsECmFfmtAvwt8d
Nudged types: Preferences, Sessions, History
Refresh requested types: Bookmarks, Preferences, Passwords, Autofill Profiles, Autofill, Extensions, Sessions, Extension settings, History Delete Directives, Device Info, User Consents, Send Tab To Self, Web Apps, History, Saved Tab Group, WebAuthn Credentials, Collection, Edge E Drop, Edge Hub App Usage, Edge Wallet, Encryption Keys}
{"logTime": "0122/085802", "correlationVector":"6kK/6ncAsECmFfmtAvwt8d.1","action":"SyncServerConnectionManagerRequest", "result":"SYNC_SERVER_OK", "context":{"environment":"Prod_southeastasia_prod-s01-064-apac-southeastasia", "migrationStage":"NotStarted", "server":"akswtt11000000f"}}
{"logTime": "0122/085802", "correlationVector":"6kK/6ncAsECmFfmtAvwt8d.2","action":"ProcessGetUpdates", "result":"Done", "context":{"dataType":"Passwords", "deleted":"0", "process_failed_to_decrypt":"0", "process_pending_decryption":"0", "process_success":"54", "total":"54"}}
{"logTime": "0122/085802", "correlationVector":"6kK/6ncAsECmFfmtAvwt8d.3","action":"ProcessGetUpdates", "result":"Done", "context":{"dataType":"Sessions", "deleted":"1", "process_failed_to_decrypt":"0", "process_pending_decryption":"0", "process_success":"4", "total":"4"}}
{"logTime": "0122/085802", "correlationVector":"6kK/6ncAsECmFfmtAvwt8d.4","action":"ProcessGetUpdates", "result":"Done", "context":{"dataType":"History", "deleted":"0", "process_failed_to_decrypt":"0", "process_pending_decryption":"0", "process_success":"4", "total":"4"}}
{"logTime": "0122/085802", "correlationVector":"6kK/6ncAsECmFfmtAvwt8d.5","action":"GetUpdates Response", "result":"Success", "context":Received 62 update(s). cV=6kK/6ncAsECmFfmtAvwt8d.0;server=akswtt11000000f;cloudType=Consumer;environment=Prod_southeastasia_prod-s01-064-apac-southeastasia;migrationStage=NotStarted}
{"logTime": "0122/085802", "correlationVector":"DXAPMkcIKL+kEMM9ddR1I4","action":"Commit Request", "result":"", "context":Item count: 4
Contributing types: Preferences, Sessions, History}
{"logTime": "0122/085803", "correlationVector":"DXAPMkcIKL+kEMM9ddR1I4.1","action":"SyncServerConnectionManagerRequest", "result":"SYNC_SERVER_OK", "context":{"environment":"Prod_southeastasia_prod-s01-064-apac-southeastasia", "migrationStage":"NotStarted", "server":"akswtt11000000y"}}
{"logTime": "0122/085803", "correlationVector":"DXAPMkcIKL+kEMM9ddR1I4.2","action":"Commit Response", "result":"Success", "context":Result: Success. cV=DXAPMkcIKL+kEMM9ddR1I4.0;server=akswtt11000000y;cloudType=Consumer;environment=Prod_southeastasia_prod-s01-064-apac-southeastasia;migrationStage=NotStarted}
{"logTime": "0122/085803", "correlationVector":"DXAPMkcIKL+kEMM9ddR1I4.3","action":"Commit.Sessions", "result":"Success", "context":{"id":"e74653a5-35dd-4116-a7f0-3351ac2aa5eb", "isDeleted":"true", "size":"0", "version":"1769071811126"}}
{"logTime": "0122/091055", "correlationVector":"uiloCRJjOjZ02+8tf/NnxJ","action":"Normal GetUpdate request", "result":"", "context":cV=uiloCRJjOjZ02+8tf/NnxJ
Nudged types: Preferences, Sessions, History
Refresh requested types: Bookmarks, Preferences, Passwords, Autofill Profiles, Autofill, Extensions, Sessions, Extension settings, History Delete Directives, Device Info, User Consents, Send Tab To Self, Web Apps, History, Saved Tab Group, WebAuthn Credentials, Collection, Edge E Drop, Edge Hub App Usage, Edge Wallet, Encryption Keys}
{"logTime": "0122/091056", "correlationVector":"uiloCRJjOjZ02+8tf/NnxJ.1","action":"SyncServerConnectionManagerRequest", "result":"SYNC_SERVER_OK", "context":{"environment":"Prod_southeastasia_prod-s01-064-apac-southeastasia", "migrationStage":"NotStarted", "server":"akswtt110000002"}}
{"logTime": "0122/091056", "correlationVector":"uiloCRJjOjZ02+8tf/NnxJ.2","action":"ProcessGetUpdates", "result":"Done", "context":{"dataType":"Preferences", "deleted":"0", "process_failed_to_decrypt":"0", "process_pending_decryption":"0", "process_success":"1", "total":"1"}}
{"logTime": "0122/091056", "correlationVector":"uiloCRJjOjZ02+8tf/NnxJ.3","action":"ProcessGetUpdates", "result":"Done", "context":{"dataType":"Sessions", "deleted":"1", "process_failed_to_decrypt":"0", "process_pending_decryption":"0", "process_success":"3", "total":"3"}}
{"logTime": "0122/091056", "correlationVector":"uiloCRJjOjZ02+8tf/NnxJ.4","action":"ProcessGetUpdates", "result":"Done", "context":{"dataType":"History", "deleted":"0", "process_failed_to_decrypt":"0", "process_pending_decryption":"0", "process_success":"1", "total":"1"}}
{"logTime": "0122/091056", "correlationVector":"uiloCRJjOjZ02+8tf/NnxJ.5","action":"GetUpdates Response", "result":"Success", "context":Received 5 update(s). cV=uiloCRJjOjZ02+8tf/NnxJ.0;server=akswtt110000002;cloudType=Consumer;environment=Prod_southeastasia_prod-s01-064-apac-southeastasia;migrationStage=NotStarted}
{"logTime": "0122/091056", "correlationVector":"LrhCuwbSRcUNr6yYAf9sT4","action":"Commit Request", "result":"", "context":Item count: 4
Contributing types: Preferences, Sessions, History}
{"logTime": "0122/091056", "correlationVector":"LrhCuwbSRcUNr6yYAf9sT4.1","action":"SyncServerConnectionManagerRequest", "result":"SYNC_SERVER_OK", "context":{"environment":"Prod_southeastasia_prod-s01-064-apac-southeastasia", "migrationStage":"NotStarted", "server":"akswtt11000000k"}}
{"logTime": "0122/091056", "correlationVector":"LrhCuwbSRcUNr6yYAf9sT4.2","action":"Commit Response", "result":"Success", "context":Result: Success. cV=LrhCuwbSRcUNr6yYAf9sT4.0;server=akswtt11000000k;cloudType=Consumer;environment=Prod_southeastasia_prod-s01-064-apac-southeastasia;migrationStage=NotStarted}
{"logTime": "0122/091218", "correlationVector":"ZLItLC9LVNI91y9feqgfVt","action":"Commit Request", "result":"", "context":Item count: 7
Contributing types: Autofill Profiles, Sessions, History}
{"logTime": "0122/091219", "correlationVector":"ZLItLC9LVNI91y9feqgfVt.1","action":"SyncServerConnectionManagerRequest", "result":"SYNC_SERVER_OK", "context":{"environment":"Prod_southeastasia_prod-s01-064-apac-southeastasia", "migrationStage":"NotStarted", "server":"akswtt110000002"}}
{"logTime": "0122/091219", "correlationVector":"ZLItLC9LVNI91y9feqgfVt.2","action":"Commit Response", "result":"Success", "context":Result: Success. cV=ZLItLC9LVNI91y9feqgfVt.0;server=akswtt110000002;cloudType=Consumer;environment=Prod_southeastasia_prod-s01-064-apac-southeastasia;migrationStage=NotStarted}
